   

  Values loaded for special Adamscase :  2.3
    sig(1)    :  0.101010   sig(2)    :  9.090909
    scatrat(1):  1.00       scatrat(2):  0.00
    lam(1)    :  0.99       lam(2)    :  0.11
    s         : 10.00       lamc      :  0.10

radMC,radWood             100 of     10000 realz       tot:   0.13 time/est:   0.13/  13.15 min
radMC,radWood             200 of     10000 realz       tot:   0.24 time/est:   0.24/  11.91 min
radMC,radWood             300 of     10000 realz       tot:   0.37 time/est:   0.37/  12.17 min
radMC,radWood             400 of     10000 realz       tot:   0.47 time/est:   0.47/  11.79 min
radMC,radWood             500 of     10000 realz       tot:   0.60 time/est:   0.60/  11.99 min
radMC,radWood             600 of     10000 realz       tot:   0.73 time/est:   0.73/  12.10 min
radMC,radWood             700 of     10000 realz       tot:   0.84 time/est:   0.84/  11.95 min
radMC,radWood             800 of     10000 realz       tot:   0.95 time/est:   0.95/  11.85 min
radMC,radWood             900 of     10000 realz       tot:   1.06 time/est:   1.06/  11.75 min
radMC,radWood            1000 of     10000 realz       tot:   1.20 time/est:   1.20/  11.98 min
radMC,radWood            1100 of     10000 realz       tot:   1.33 time/est:   1.32/  12.04 min
radMC,radWood            1200 of     10000 realz       tot:   1.44 time/est:   1.44/  12.00 min
radMC,radWood            1300 of     10000 realz       tot:   1.55 time/est:   1.55/  11.92 min
radMC,radWood            1400 of     10000 realz       tot:   1.68 time/est:   1.68/  11.96 min
radMC,radWood            1500 of     10000 realz       tot:   1.80 time/est:   1.79/  11.96 min
radMC,radWood            1600 of     10000 realz       tot:   1.92 time/est:   1.92/  11.97 min
radMC,radWood            1700 of     10000 realz       tot:   2.03 time/est:   2.03/  11.96 min
radMC,radWood            1800 of     10000 realz       tot:   2.18 time/est:   2.18/  12.09 min
radMC,radWood            1900 of     10000 realz       tot:   2.30 time/est:   2.30/  12.08 min
radMC,radWood            2000 of     10000 realz       tot:   2.42 time/est:   2.42/  12.09 min
radMC,radWood            2100 of     10000 realz       tot:   2.54 time/est:   2.54/  12.09 min
radMC,radWood            2200 of     10000 realz       tot:   2.66 time/est:   2.66/  12.08 min
radMC,radWood            2300 of     10000 realz       tot:   2.79 time/est:   2.78/  12.11 min
radMC,radWood            2400 of     10000 realz       tot:   2.91 time/est:   2.90/  12.10 min
radMC,radWood            2500 of     10000 realz       tot:   3.03 time/est:   3.03/  12.13 min
radMC,radWood            2600 of     10000 realz       tot:   3.16 time/est:   3.16/  12.17 min
radMC,radWood            2700 of     10000 realz       tot:   3.29 time/est:   3.29/  12.19 min
radMC,radWood            2800 of     10000 realz       tot:   3.42 time/est:   3.41/  12.20 min
radMC,radWood            2900 of     10000 realz       tot:   3.56 time/est:   3.56/  12.28 min
radMC,radWood            3000 of     10000 realz       tot:   3.70 time/est:   3.70/  12.33 min
radMC,radWood            3100 of     10000 realz       tot:   3.83 time/est:   3.83/  12.34 min
radMC,radWood            3200 of     10000 realz       tot:   3.95 time/est:   3.95/  12.35 min
radMC,radWood            3300 of     10000 realz       tot:   4.10 time/est:   4.10/  12.42 min
radMC,radWood            3400 of     10000 realz       tot:   4.24 time/est:   4.24/  12.46 min
radMC,radWood            3500 of     10000 realz       tot:   4.36 time/est:   4.36/  12.46 min
radMC,radWood            3600 of     10000 realz       tot:   4.48 time/est:   4.48/  12.44 min
radMC,radWood            3700 of     10000 realz       tot:   4.60 time/est:   4.60/  12.42 min
radMC,radWood            3800 of     10000 realz       tot:   4.72 time/est:   4.72/  12.43 min
radMC,radWood            3900 of     10000 realz       tot:   4.87 time/est:   4.87/  12.48 min
radMC,radWood            4000 of     10000 realz       tot:   4.98 time/est:   4.97/  12.44 min
radMC,radWood            4100 of     10000 realz       tot:   5.10 time/est:   5.10/  12.43 min
radMC,radWood            4200 of     10000 realz       tot:   5.21 time/est:   5.21/  12.41 min
radMC,radWood            4300 of     10000 realz       tot:   5.34 time/est:   5.34/  12.42 min
radMC,radWood            4400 of     10000 realz       tot:   5.46 time/est:   5.46/  12.40 min
radMC,radWood            4500 of     10000 realz       tot:   5.61 time/est:   5.61/  12.46 min
radMC,radWood            4600 of     10000 realz       tot:   5.73 time/est:   5.73/  12.46 min
radMC,radWood            4700 of     10000 realz       tot:   5.85 time/est:   5.84/  12.43 min
radMC,radWood            4800 of     10000 realz       tot:   5.98 time/est:   5.97/  12.45 min
radMC,radWood            4900 of     10000 realz       tot:   6.10 time/est:   6.10/  12.45 min
radMC,radWood            5000 of     10000 realz       tot:   6.23 time/est:   6.23/  12.46 min
radMC,radWood            5100 of     10000 realz       tot:   6.35 time/est:   6.35/  12.45 min
radMC,radWood            5200 of     10000 realz       tot:   6.48 time/est:   6.48/  12.46 min
radMC,radWood            5300 of     10000 realz       tot:   6.60 time/est:   6.60/  12.45 min
radMC,radWood            5400 of     10000 realz       tot:   6.73 time/est:   6.73/  12.45 min
radMC,radWood            5500 of     10000 realz       tot:   6.86 time/est:   6.85/  12.46 min
radMC,radWood            5600 of     10000 realz       tot:   6.98 time/est:   6.98/  12.46 min
radMC,radWood            5700 of     10000 realz       tot:   7.08 time/est:   7.08/  12.42 min
radMC,radWood            5800 of     10000 realz       tot:   7.21 time/est:   7.21/  12.43 min
radMC,radWood            5900 of     10000 realz       tot:   7.33 time/est:   7.33/  12.43 min
radMC,radWood            6000 of     10000 realz       tot:   7.44 time/est:   7.44/  12.40 min
radMC,radWood            6100 of     10000 realz       tot:   7.57 time/est:   7.57/  12.41 min
radMC,radWood            6200 of     10000 realz       tot:   7.69 time/est:   7.69/  12.40 min
radMC,radWood            6300 of     10000 realz       tot:   7.79 time/est:   7.79/  12.37 min
radMC,radWood            6400 of     10000 realz       tot:   7.92 time/est:   7.92/  12.37 min
radMC,radWood            6500 of     10000 realz       tot:   8.06 time/est:   8.05/  12.39 min
radMC,radWood            6600 of     10000 realz       tot:   8.19 time/est:   8.19/  12.40 min
radMC,radWood            6700 of     10000 realz       tot:   8.32 time/est:   8.32/  12.42 min
radMC,radWood            6800 of     10000 realz       tot:   8.45 time/est:   8.45/  12.42 min
radMC,radWood            6900 of     10000 realz       tot:   8.58 time/est:   8.58/  12.44 min
radMC,radWood            7000 of     10000 realz       tot:   8.71 time/est:   8.71/  12.44 min
radMC,radWood            7100 of     10000 realz       tot:   8.83 time/est:   8.83/  12.43 min
radMC,radWood            7200 of     10000 realz       tot:   8.95 time/est:   8.95/  12.43 min
radMC,radWood            7300 of     10000 realz       tot:   9.06 time/est:   9.05/  12.40 min
radMC,radWood            7400 of     10000 realz       tot:   9.20 time/est:   9.19/  12.42 min
radMC,radWood            7500 of     10000 realz       tot:   9.31 time/est:   9.31/  12.41 min
radMC,radWood            7600 of     10000 realz       tot:   9.42 time/est:   9.42/  12.40 min
radMC,radWood            7700 of     10000 realz       tot:   9.54 time/est:   9.53/  12.38 min
radMC,radWood            7800 of     10000 realz       tot:   9.66 time/est:   9.66/  12.39 min
radMC,radWood            7900 of     10000 realz       tot:   9.78 time/est:   9.77/  12.37 min
radMC,radWood            8000 of     10000 realz       tot:   9.89 time/est:   9.89/  12.36 min
radMC,radWood            8100 of     10000 realz       tot:  10.01 time/est:  10.01/  12.36 min
radMC,radWood            8200 of     10000 realz       tot:  10.14 time/est:  10.13/  12.36 min
radMC,radWood            8300 of     10000 realz       tot:  10.26 time/est:  10.26/  12.36 min
radMC,radWood            8400 of     10000 realz       tot:  10.38 time/est:  10.37/  12.35 min
radMC,radWood            8500 of     10000 realz       tot:  10.50 time/est:  10.50/  12.35 min
radMC,radWood            8600 of     10000 realz       tot:  10.62 time/est:  10.62/  12.34 min
radMC,radWood            8700 of     10000 realz       tot:  10.76 time/est:  10.75/  12.36 min
radMC,radWood            8800 of     10000 realz       tot:  10.87 time/est:  10.87/  12.35 min
radMC,radWood            8900 of     10000 realz       tot:  11.00 time/est:  10.99/  12.35 min
radMC,radWood            9000 of     10000 realz       tot:  11.12 time/est:  11.12/  12.35 min
radMC,radWood            9100 of     10000 realz       tot:  11.23 time/est:  11.23/  12.34 min
radMC,radWood            9200 of     10000 realz       tot:  11.35 time/est:  11.34/  12.33 min
radMC,radWood            9300 of     10000 realz       tot:  11.48 time/est:  11.47/  12.34 min
radMC,radWood            9400 of     10000 realz       tot:  11.59 time/est:  11.58/  12.32 min
radMC,radWood            9500 of     10000 realz       tot:  11.71 time/est:  11.71/  12.32 min
radMC,radWood            9600 of     10000 realz       tot:  11.84 time/est:  11.83/  12.33 min
radMC,radWood            9700 of     10000 realz       tot:  11.96 time/est:  11.95/  12.32 min
radMC,radWood            9800 of     10000 realz       tot:  12.06 time/est:  12.06/  12.30 min
radMC,radWood            9900 of     10000 realz       tot:  12.20 time/est:  12.20/  12.32 min
radMC,radWood           10000 of     10000 realz       tot:  12.31 time/est:  12.31/  12.31 min

Start mat1:   0.8966+-  0.0030   mat2:   0.1034+-  0.0030
      P(1):   0.9000             P(2):   0.1000

Path  mat1:   0.9026+-  0.0028   mat2:   0.1087+-  0.0004
    lam(1):   0.9900           lam(2):   0.1100

  Values loaded for special Adamscase :  2.3
    sig(1)    :  0.101010   sig(2)    :  9.090909
    scatrat(1):  1.00       scatrat(2):  0.00
    lam(1)    :  0.99       lam(2)    :  0.11
    s         : 10.00       lamc      :  0.10


 --- Transport: radtrans ---
                         mean           stdev         relerr   
reflection        :    0.08468 +-     0.06904 +-   0.8153175
transmission      :    0.00171 +-     0.01219 +-   7.1359479
absorption        :    0.91362
 interactions     :  100.0 % accept   3.32 ac/p     0.00 rj/p
 Radtrans results written over (texts/transout_results.txt)

 --- Transport: radWood ---
                         mean           stdev         relerr   
radWood reflec    :    0.08469 +-     0.06905 +-   0.8153205
radWood transmit  :    0.00172 +-     0.01227 +-   7.1423733
radWood absorb    :    0.91360 +-     0.07267 +-   0.0795458
 interactions     :   -6.9 % accept   1.28 ac/p    ***** rj/p


  total runtime:     12.31 min
    genRealz   :      0.00 min     per:  0.01 %
    radMC      :      0.70 min     per:  5.66 %
    radWood    :     11.61 min     per: 94.30 %
    other      :      0.00 min     per:  0.03 %
