   

  Values loaded for special Adamscase :  0.0
    sig(1)    :  0.020000   sig(2)    :  0.030000
    scatrat(1):  0.50       scatrat(2):  0.50
    lam(1)    :  0.00       lam(2)    :  0.00
    s         :  0.10       lamc      :  0.00

  Finding apprx Gam vals for Eigenvalue calcs
   Eigindx    apprx Gam vals      absdiff
      1         0.020800000    0.000265660
      2         0.041466667    0.000569575
      3         0.062133333    0.000951102
      4         0.082800000    0.001451844

  Refining Gamma values for Eigenvalue calcs
   Eigindx    apprx Gam vals      absdiff       refine lev     inttest=?1
      1         0.020668411     .000000001      Level:  7      0.9999888   Ak:    4.4416805
      2         0.041337055     .000000001      Level:  7      0.9999553   Ak:    4.4388756
      3         0.062006161     .000000001      Level:  7      0.9999000   Ak:    4.4342125
      4         0.082675959     .000000000      Level:  7      0.9998237   Ak:    4.4277084

     Eigenvalues and their contributions
   Eigindx       Eig vals        sqrt(Eig)
      1         0.000000030    0.000172096     
      2         0.000000030    0.000171986     
      3         0.000000030    0.000171803     
      4         0.000000029    0.000171547     
   lamc:              0.001
   TT  :            150.00000000

radMC,KLres,radWood       100 of     10000 realz       tot:   0.13 time/est:   0.13/  12.53 min
radMC,KLres,radWood       200 of     10000 realz       tot:   0.25 time/est:   0.25/  12.50 min
radMC,KLres,radWood       300 of     10000 realz       tot:   0.38 time/est:   0.37/  12.50 min
radMC,KLres,radWood       400 of     10000 realz       tot:   0.50 time/est:   0.50/  12.45 min
radMC,KLres,radWood       500 of     10000 realz       tot:   0.62 time/est:   0.62/  12.39 min
radMC,KLres,radWood       600 of     10000 realz       tot:   0.74 time/est:   0.74/  12.39 min
radMC,KLres,radWood       700 of     10000 realz       tot:   0.87 time/est:   0.87/  12.39 min
radMC,KLres,radWood       800 of     10000 realz       tot:   0.99 time/est:   0.99/  12.35 min
radMC,KLres,radWood       900 of     10000 realz       tot:   1.11 time/est:   1.11/  12.32 min
radMC,KLres,radWood      1000 of     10000 realz       tot:   1.23 time/est:   1.23/  12.34 min
radMC,KLres,radWood      1100 of     10000 realz       tot:   1.36 time/est:   1.36/  12.34 min
radMC,KLres,radWood      1200 of     10000 realz       tot:   1.48 time/est:   1.48/  12.33 min
radMC,KLres,radWood      1300 of     10000 realz       tot:   1.60 time/est:   1.60/  12.34 min
radMC,KLres,radWood      1400 of     10000 realz       tot:   1.72 time/est:   1.72/  12.31 min
radMC,KLres,radWood      1500 of     10000 realz       tot:   1.85 time/est:   1.85/  12.30 min
radMC,KLres,radWood      1600 of     10000 realz       tot:   1.97 time/est:   1.97/  12.29 min
radMC,KLres,radWood      1700 of     10000 realz       tot:   2.09 time/est:   2.09/  12.30 min
radMC,KLres,radWood      1800 of     10000 realz       tot:   2.21 time/est:   2.21/  12.29 min
radMC,KLres,radWood      1900 of     10000 realz       tot:   2.34 time/est:   2.34/  12.30 min
radMC,KLres,radWood      2000 of     10000 realz       tot:   2.46 time/est:   2.46/  12.30 min
radMC,KLres,radWood      2100 of     10000 realz       tot:   2.59 time/est:   2.59/  12.32 min
radMC,KLres,radWood      2200 of     10000 realz       tot:   2.71 time/est:   2.71/  12.30 min
radMC,KLres,radWood      2300 of     10000 realz       tot:   2.83 time/est:   2.83/  12.31 min
radMC,KLres,radWood      2400 of     10000 realz       tot:   2.96 time/est:   2.96/  12.32 min
radMC,KLres,radWood      2500 of     10000 realz       tot:   3.08 time/est:   3.08/  12.32 min
radMC,KLres,radWood      2600 of     10000 realz       tot:   3.20 time/est:   3.20/  12.31 min
radMC,KLres,radWood      2700 of     10000 realz       tot:   3.32 time/est:   3.32/  12.31 min
radMC,KLres,radWood      2800 of     10000 realz       tot:   3.44 time/est:   3.44/  12.30 min
radMC,KLres,radWood      2900 of     10000 realz       tot:   3.57 time/est:   3.56/  12.29 min
radMC,KLres,radWood      3000 of     10000 realz       tot:   3.69 time/est:   3.69/  12.28 min
radMC,KLres,radWood      3100 of     10000 realz       tot:   3.81 time/est:   3.81/  12.28 min
radMC,KLres,radWood      3200 of     10000 realz       tot:   3.93 time/est:   3.93/  12.28 min
radMC,KLres,radWood      3300 of     10000 realz       tot:   4.06 time/est:   4.05/  12.28 min
radMC,KLres,radWood      3400 of     10000 realz       tot:   4.18 time/est:   4.18/  12.28 min
radMC,KLres,radWood      3500 of     10000 realz       tot:   4.30 time/est:   4.30/  12.28 min
radMC,KLres,radWood      3600 of     10000 realz       tot:   4.42 time/est:   4.42/  12.28 min
radMC,KLres,radWood      3700 of     10000 realz       tot:   4.55 time/est:   4.54/  12.28 min
radMC,KLres,radWood      3800 of     10000 realz       tot:   4.67 time/est:   4.67/  12.29 min
radMC,KLres,radWood      3900 of     10000 realz       tot:   4.79 time/est:   4.79/  12.28 min
radMC,KLres,radWood      4000 of     10000 realz       tot:   4.91 time/est:   4.91/  12.28 min
radMC,KLres,radWood      4100 of     10000 realz       tot:   5.04 time/est:   5.03/  12.28 min
radMC,KLres,radWood      4200 of     10000 realz       tot:   5.16 time/est:   5.15/  12.27 min
radMC,KLres,radWood      4300 of     10000 realz       tot:   5.28 time/est:   5.27/  12.27 min
radMC,KLres,radWood      4400 of     10000 realz       tot:   5.40 time/est:   5.40/  12.26 min
radMC,KLres,radWood      4500 of     10000 realz       tot:   5.52 time/est:   5.52/  12.26 min
radMC,KLres,radWood      4600 of     10000 realz       tot:   5.64 time/est:   5.64/  12.27 min
radMC,KLres,radWood      4700 of     10000 realz       tot:   5.76 time/est:   5.76/  12.26 min
radMC,KLres,radWood      4800 of     10000 realz       tot:   5.88 time/est:   5.88/  12.26 min
radMC,KLres,radWood      4900 of     10000 realz       tot:   6.01 time/est:   6.01/  12.26 min
radMC,KLres,radWood      5000 of     10000 realz       tot:   6.13 time/est:   6.13/  12.26 min
radMC,KLres,radWood      5100 of     10000 realz       tot:   6.25 time/est:   6.25/  12.26 min
radMC,KLres,radWood      5200 of     10000 realz       tot:   6.38 time/est:   6.38/  12.26 min
radMC,KLres,radWood      5300 of     10000 realz       tot:   6.50 time/est:   6.50/  12.27 min
radMC,KLres,radWood      5400 of     10000 realz       tot:   6.63 time/est:   6.62/  12.27 min
radMC,KLres,radWood      5500 of     10000 realz       tot:   6.75 time/est:   6.75/  12.27 min
radMC,KLres,radWood      5600 of     10000 realz       tot:   6.87 time/est:   6.87/  12.26 min
radMC,KLres,radWood      5700 of     10000 realz       tot:   6.99 time/est:   6.99/  12.27 min
radMC,KLres,radWood      5800 of     10000 realz       tot:   7.12 time/est:   7.12/  12.27 min
radMC,KLres,radWood      5900 of     10000 realz       tot:   7.25 time/est:   7.25/  12.28 min
radMC,KLres,radWood      6000 of     10000 realz       tot:   7.37 time/est:   7.37/  12.29 min
radMC,KLres,radWood      6100 of     10000 realz       tot:   7.50 time/est:   7.50/  12.30 min
radMC,KLres,radWood      6200 of     10000 realz       tot:   7.62 time/est:   7.62/  12.29 min
radMC,KLres,radWood      6300 of     10000 realz       tot:   7.75 time/est:   7.75/  12.29 min
radMC,KLres,radWood      6400 of     10000 realz       tot:   7.87 time/est:   7.87/  12.29 min
radMC,KLres,radWood      6500 of     10000 realz       tot:   7.99 time/est:   7.99/  12.29 min
radMC,KLres,radWood      6600 of     10000 realz       tot:   8.11 time/est:   8.11/  12.29 min
radMC,KLres,radWood      6700 of     10000 realz       tot:   8.23 time/est:   8.23/  12.28 min
radMC,KLres,radWood      6800 of     10000 realz       tot:   8.35 time/est:   8.35/  12.28 min
radMC,KLres,radWood      6900 of     10000 realz       tot:   8.47 time/est:   8.47/  12.28 min
radMC,KLres,radWood      7000 of     10000 realz       tot:   8.60 time/est:   8.59/  12.28 min
radMC,KLres,radWood      7100 of     10000 realz       tot:   8.72 time/est:   8.72/  12.28 min
radMC,KLres,radWood      7200 of     10000 realz       tot:   8.84 time/est:   8.84/  12.28 min
radMC,KLres,radWood      7300 of     10000 realz       tot:   8.97 time/est:   8.96/  12.28 min
radMC,KLres,radWood      7400 of     10000 realz       tot:   9.09 time/est:   9.09/  12.28 min
radMC,KLres,radWood      7500 of     10000 realz       tot:   9.21 time/est:   9.21/  12.28 min
radMC,KLres,radWood      7600 of     10000 realz       tot:   9.34 time/est:   9.33/  12.28 min
radMC,KLres,radWood      7700 of     10000 realz       tot:   9.46 time/est:   9.45/  12.28 min
radMC,KLres,radWood      7800 of     10000 realz       tot:   9.58 time/est:   9.58/  12.28 min
radMC,KLres,radWood      7900 of     10000 realz       tot:   9.70 time/est:   9.70/  12.27 min
radMC,KLres,radWood      8000 of     10000 realz       tot:   9.82 time/est:   9.82/  12.27 min
radMC,KLres,radWood      8100 of     10000 realz       tot:   9.94 time/est:   9.94/  12.27 min
radMC,KLres,radWood      8200 of     10000 realz       tot:  10.06 time/est:  10.06/  12.27 min
radMC,KLres,radWood      8300 of     10000 realz       tot:  10.18 time/est:  10.18/  12.27 min
radMC,KLres,radWood      8400 of     10000 realz       tot:  10.31 time/est:  10.31/  12.27 min
radMC,KLres,radWood      8500 of     10000 realz       tot:  10.43 time/est:  10.43/  12.27 min
radMC,KLres,radWood      8600 of     10000 realz       tot:  10.55 time/est:  10.55/  12.26 min
radMC,KLres,radWood      8700 of     10000 realz       tot:  10.67 time/est:  10.67/  12.26 min
radMC,KLres,radWood      8800 of     10000 realz       tot:  10.80 time/est:  10.79/  12.26 min
radMC,KLres,radWood      8900 of     10000 realz       tot:  10.92 time/est:  10.91/  12.26 min
radMC,KLres,radWood      9000 of     10000 realz       tot:  11.04 time/est:  11.04/  12.26 min
radMC,KLres,radWood      9100 of     10000 realz       tot:  11.16 time/est:  11.16/  12.26 min
radMC,KLres,radWood      9200 of     10000 realz       tot:  11.28 time/est:  11.28/  12.26 min
radMC,KLres,radWood      9300 of     10000 realz       tot:  11.41 time/est:  11.41/  12.26 min
radMC,KLres,radWood      9400 of     10000 realz       tot:  11.53 time/est:  11.53/  12.27 min
radMC,KLres,radWood      9500 of     10000 realz       tot:  11.66 time/est:  11.65/  12.27 min
radMC,KLres,radWood      9600 of     10000 realz       tot:  11.78 time/est:  11.78/  12.27 min
radMC,KLres,radWood      9700 of     10000 realz       tot:  11.90 time/est:  11.90/  12.27 min
radMC,KLres,radWood      9800 of     10000 realz       tot:  12.03 time/est:  12.02/  12.27 min
radMC,KLres,radWood      9900 of     10000 realz       tot:  12.15 time/est:  12.14/  12.27 min
radMC,KLres,radWood     10000 of     10000 realz       tot:  12.27 time/est:  12.27/  12.27 min

Start mat1:   0.6652+-  0.0047   mat2:   0.3348+-  0.0047
      P(1):   0.6667             P(2):   0.3333

Path  mat1:   0.0020+-  0.0000   mat2:   0.0010+-  0.0000
    lam(1):   0.0020           lam(2):   0.0010

totLength(1):         652.93    totLength(2):         330.79    tottotLength:         983.71
expLength(1):         666.67    expLength(2):         333.33    exptotLength:        1000.00
       CoAct:        0.00002
       CoExp:        0.00002       CoPerdiff:           0.44 %


  smallestxi:                -4.41123        largestxi:                 3.93396


  curEig:  1   numRealz:      10000   probsum: 1.000   meanxi:   0.0079   varxi:   0.9737
  curEig:  2   numRealz:      10000   probsum: 1.000   meanxi:  -0.0174   varxi:   1.0185
  curEig:  3   numRealz:      10000   probsum: 1.000   meanxi:   0.0072   varxi:   0.9944
  curEig:  4   numRealz:      10000   probsum: 1.000   meanxi:  -0.0099   varxi:   1.0058

KLrec                     100 of     10000 realz       tot:  12.27 time/est:   0.00/   0.03 min
KLrec                     200 of     10000 realz       tot:  12.27 time/est:   0.00/   0.03 min
KLrec                     300 of     10000 realz       tot:  12.27 time/est:   0.00/   0.03 min
KLrec                     400 of     10000 realz       tot:  12.27 time/est:   0.00/   0.03 min
KLrec                     500 of     10000 realz       tot:  12.27 time/est:   0.00/   0.03 min
KLrec                     600 of     10000 realz       tot:  12.27 time/est:   0.00/   0.03 min
KLrec                     700 of     10000 realz       tot:  12.27 time/est:   0.00/   0.03 min
KLrec                     800 of     10000 realz       tot:  12.27 time/est:   0.00/   0.03 min
KLrec                     900 of     10000 realz       tot:  12.27 time/est:   0.00/   0.03 min
KLrec                    1000 of     10000 realz       tot:  12.27 time/est:   0.00/   0.03 min
KLrec                    1100 of     10000 realz       tot:  12.27 time/est:   0.00/   0.03 min
KLrec                    1200 of     10000 realz       tot:  12.27 time/est:   0.00/   0.02 min
KLrec                    1300 of     10000 realz       tot:  12.27 time/est:   0.00/   0.03 min
KLrec                    1400 of     10000 realz       tot:  12.27 time/est:   0.00/   0.03 min
KLrec                    1500 of     10000 realz       tot:  12.27 time/est:   0.00/   0.02 min
KLrec                    1600 of     10000 realz       tot:  12.27 time/est:   0.00/   0.03 min
KLrec                    1700 of     10000 realz       tot:  12.27 time/est:   0.00/   0.03 min
KLrec                    1800 of     10000 realz       tot:  12.27 time/est:   0.00/   0.03 min
KLrec                    1900 of     10000 realz       tot:  12.27 time/est:   0.00/   0.03 min
KLrec                    2000 of     10000 realz       tot:  12.28 time/est:   0.01/   0.03 min
KLrec                    2100 of     10000 realz       tot:  12.28 time/est:   0.01/   0.03 min
KLrec                    2200 of     10000 realz       tot:  12.28 time/est:   0.01/   0.03 min
KLrec                    2300 of     10000 realz       tot:  12.28 time/est:   0.01/   0.03 min
KLrec                    2400 of     10000 realz       tot:  12.28 time/est:   0.01/   0.03 min
KLrec                    2500 of     10000 realz       tot:  12.28 time/est:   0.01/   0.03 min
KLrec                    2600 of     10000 realz       tot:  12.28 time/est:   0.01/   0.03 min
KLrec                    2700 of     10000 realz       tot:  12.28 time/est:   0.01/   0.03 min
KLrec                    2800 of     10000 realz       tot:  12.28 time/est:   0.01/   0.03 min
KLrec                    2900 of     10000 realz       tot:  12.28 time/est:   0.01/   0.03 min
KLrec                    3000 of     10000 realz       tot:  12.28 time/est:   0.01/   0.03 min
KLrec                    3100 of     10000 realz       tot:  12.28 time/est:   0.01/   0.03 min
KLrec                    3200 of     10000 realz       tot:  12.28 time/est:   0.01/   0.03 min
KLrec                    3300 of     10000 realz       tot:  12.28 time/est:   0.01/   0.03 min
KLrec                    3400 of     10000 realz       tot:  12.28 time/est:   0.01/   0.03 min
KLrec                    3500 of     10000 realz       tot:  12.28 time/est:   0.01/   0.03 min
KLrec                    3600 of     10000 realz       tot:  12.28 time/est:   0.01/   0.03 min
KLrec                    3700 of     10000 realz       tot:  12.28 time/est:   0.01/   0.03 min
KLrec                    3800 of     10000 realz       tot:  12.28 time/est:   0.01/   0.03 min
KLrec                    3900 of     10000 realz       tot:  12.28 time/est:   0.01/   0.03 min
KLrec                    4000 of     10000 realz       tot:  12.28 time/est:   0.01/   0.03 min
KLrec                    4100 of     10000 realz       tot:  12.28 time/est:   0.01/   0.03 min
KLrec                    4200 of     10000 realz       tot:  12.28 time/est:   0.01/   0.03 min
KLrec                    4300 of     10000 realz       tot:  12.28 time/est:   0.01/   0.03 min
KLrec                    4400 of     10000 realz       tot:  12.28 time/est:   0.01/   0.03 min
KLrec                    4500 of     10000 realz       tot:  12.28 time/est:   0.01/   0.03 min
KLrec                    4600 of     10000 realz       tot:  12.28 time/est:   0.01/   0.03 min
KLrec                    4700 of     10000 realz       tot:  12.28 time/est:   0.01/   0.03 min
KLrec                    4800 of     10000 realz       tot:  12.28 time/est:   0.01/   0.03 min
KLrec                    4900 of     10000 realz       tot:  12.28 time/est:   0.01/   0.03 min
KLrec                    5000 of     10000 realz       tot:  12.28 time/est:   0.01/   0.03 min
KLrec                    5100 of     10000 realz       tot:  12.28 time/est:   0.01/   0.03 min
KLrec                    5200 of     10000 realz       tot:  12.28 time/est:   0.01/   0.03 min
KLrec                    5300 of     10000 realz       tot:  12.28 time/est:   0.01/   0.03 min
KLrec                    5400 of     10000 realz       tot:  12.28 time/est:   0.01/   0.03 min
KLrec                    5500 of     10000 realz       tot:  12.28 time/est:   0.01/   0.03 min
KLrec                    5600 of     10000 realz       tot:  12.28 time/est:   0.01/   0.03 min
KLrec                    5700 of     10000 realz       tot:  12.28 time/est:   0.01/   0.02 min
KLrec                    5800 of     10000 realz       tot:  12.28 time/est:   0.01/   0.02 min
KLrec                    5900 of     10000 realz       tot:  12.28 time/est:   0.01/   0.02 min
KLrec                    6000 of     10000 realz       tot:  12.29 time/est:   0.01/   0.02 min
KLrec                    6100 of     10000 realz       tot:  12.29 time/est:   0.02/   0.02 min
KLrec                    6200 of     10000 realz       tot:  12.29 time/est:   0.02/   0.02 min
KLrec                    6300 of     10000 realz       tot:  12.29 time/est:   0.02/   0.02 min
KLrec                    6400 of     10000 realz       tot:  12.29 time/est:   0.02/   0.02 min
KLrec                    6500 of     10000 realz       tot:  12.29 time/est:   0.02/   0.02 min
KLrec                    6600 of     10000 realz       tot:  12.29 time/est:   0.02/   0.02 min
KLrec                    6700 of     10000 realz       tot:  12.29 time/est:   0.02/   0.02 min
KLrec                    6800 of     10000 realz       tot:  12.29 time/est:   0.02/   0.02 min
KLrec                    6900 of     10000 realz       tot:  12.29 time/est:   0.02/   0.02 min
KLrec                    7000 of     10000 realz       tot:  12.29 time/est:   0.02/   0.02 min
KLrec                    7100 of     10000 realz       tot:  12.29 time/est:   0.02/   0.02 min
KLrec                    7200 of     10000 realz       tot:  12.29 time/est:   0.02/   0.02 min
KLrec                    7300 of     10000 realz       tot:  12.29 time/est:   0.02/   0.02 min
KLrec                    7400 of     10000 realz       tot:  12.29 time/est:   0.02/   0.02 min
KLrec                    7500 of     10000 realz       tot:  12.29 time/est:   0.02/   0.02 min
KLrec                    7600 of     10000 realz       tot:  12.29 time/est:   0.02/   0.02 min
KLrec                    7700 of     10000 realz       tot:  12.29 time/est:   0.02/   0.02 min
KLrec                    7800 of     10000 realz       tot:  12.29 time/est:   0.02/   0.02 min
KLrec                    7900 of     10000 realz       tot:  12.29 time/est:   0.02/   0.02 min
KLrec                    8000 of     10000 realz       tot:  12.29 time/est:   0.02/   0.03 min
KLrec                    8100 of     10000 realz       tot:  12.29 time/est:   0.02/   0.03 min
KLrec                    8200 of     10000 realz       tot:  12.29 time/est:   0.02/   0.03 min
KLrec                    8300 of     10000 realz       tot:  12.29 time/est:   0.02/   0.03 min
KLrec                    8400 of     10000 realz       tot:  12.29 time/est:   0.02/   0.02 min
KLrec                    8500 of     10000 realz       tot:  12.29 time/est:   0.02/   0.03 min
KLrec                    8600 of     10000 realz       tot:  12.29 time/est:   0.02/   0.03 min
KLrec                    8700 of     10000 realz       tot:  12.29 time/est:   0.02/   0.03 min
KLrec                    8800 of     10000 realz       tot:  12.29 time/est:   0.02/   0.03 min
KLrec                    8900 of     10000 realz       tot:  12.29 time/est:   0.02/   0.02 min
KLrec                    9000 of     10000 realz       tot:  12.29 time/est:   0.02/   0.02 min
KLrec                    9100 of     10000 realz       tot:  12.29 time/est:   0.02/   0.02 min
KLrec                    9200 of     10000 realz       tot:  12.29 time/est:   0.02/   0.03 min
KLrec                    9300 of     10000 realz       tot:  12.29 time/est:   0.02/   0.03 min
KLrec                    9400 of     10000 realz       tot:  12.29 time/est:   0.02/   0.02 min
KLrec                    9500 of     10000 realz       tot:  12.29 time/est:   0.02/   0.02 min
KLrec                    9600 of     10000 realz       tot:  12.29 time/est:   0.02/   0.03 min
KLrec                    9700 of     10000 realz       tot:  12.29 time/est:   0.02/   0.03 min
KLrec                    9800 of     10000 realz       tot:  12.29 time/est:   0.02/   0.03 min
KLrec                    9900 of     10000 realz       tot:  12.29 time/est:   0.02/   0.02 min
KLrec                   10000 of     10000 realz       tot:  12.30 time/est:   0.03/   0.03 min
  Total num reconstructed realz w/ neg value:            0

KLWood                    100 of     10000 realz       tot:  12.30 time/est:   0.00/   0.30 min
KLWood                    200 of     10000 realz       tot:  12.30 time/est:   0.01/   0.29 min
KLWood                    300 of     10000 realz       tot:  12.30 time/est:   0.01/   0.29 min
KLWood                    400 of     10000 realz       tot:  12.31 time/est:   0.01/   0.29 min
KLWood                    500 of     10000 realz       tot:  12.31 time/est:   0.01/   0.29 min
KLWood                    600 of     10000 realz       tot:  12.31 time/est:   0.02/   0.29 min
KLWood                    700 of     10000 realz       tot:  12.32 time/est:   0.02/   0.29 min
KLWood                    800 of     10000 realz       tot:  12.32 time/est:   0.02/   0.29 min
KLWood                    900 of     10000 realz       tot:  12.32 time/est:   0.03/   0.29 min
KLWood                   1000 of     10000 realz       tot:  12.32 time/est:   0.03/   0.29 min
KLWood                   1100 of     10000 realz       tot:  12.33 time/est:   0.03/   0.29 min
KLWood                   1200 of     10000 realz       tot:  12.33 time/est:   0.03/   0.29 min
KLWood                   1300 of     10000 realz       tot:  12.33 time/est:   0.04/   0.29 min
KLWood                   1400 of     10000 realz       tot:  12.34 time/est:   0.04/   0.29 min
KLWood                   1500 of     10000 realz       tot:  12.34 time/est:   0.04/   0.29 min
KLWood                   1600 of     10000 realz       tot:  12.34 time/est:   0.05/   0.29 min
KLWood                   1700 of     10000 realz       tot:  12.34 time/est:   0.05/   0.29 min
KLWood                   1800 of     10000 realz       tot:  12.35 time/est:   0.05/   0.29 min
KLWood                   1900 of     10000 realz       tot:  12.35 time/est:   0.05/   0.29 min
KLWood                   2000 of     10000 realz       tot:  12.35 time/est:   0.06/   0.29 min
KLWood                   2100 of     10000 realz       tot:  12.36 time/est:   0.06/   0.29 min
KLWood                   2200 of     10000 realz       tot:  12.36 time/est:   0.06/   0.29 min
KLWood                   2300 of     10000 realz       tot:  12.36 time/est:   0.07/   0.29 min
KLWood                   2400 of     10000 realz       tot:  12.36 time/est:   0.07/   0.29 min
KLWood                   2500 of     10000 realz       tot:  12.37 time/est:   0.07/   0.29 min
KLWood                   2600 of     10000 realz       tot:  12.37 time/est:   0.07/   0.29 min
KLWood                   2700 of     10000 realz       tot:  12.37 time/est:   0.08/   0.29 min
KLWood                   2800 of     10000 realz       tot:  12.38 time/est:   0.08/   0.29 min
KLWood                   2900 of     10000 realz       tot:  12.38 time/est:   0.08/   0.29 min
KLWood                   3000 of     10000 realz       tot:  12.38 time/est:   0.09/   0.29 min
KLWood                   3100 of     10000 realz       tot:  12.38 time/est:   0.09/   0.29 min
KLWood                   3200 of     10000 realz       tot:  12.39 time/est:   0.09/   0.29 min
KLWood                   3300 of     10000 realz       tot:  12.39 time/est:   0.09/   0.29 min
KLWood                   3400 of     10000 realz       tot:  12.39 time/est:   0.10/   0.29 min
KLWood                   3500 of     10000 realz       tot:  12.40 time/est:   0.10/   0.29 min
KLWood                   3600 of     10000 realz       tot:  12.40 time/est:   0.10/   0.29 min
KLWood                   3700 of     10000 realz       tot:  12.40 time/est:   0.11/   0.29 min
KLWood                   3800 of     10000 realz       tot:  12.41 time/est:   0.11/   0.29 min
KLWood                   3900 of     10000 realz       tot:  12.41 time/est:   0.11/   0.29 min
KLWood                   4000 of     10000 realz       tot:  12.41 time/est:   0.11/   0.29 min
KLWood                   4100 of     10000 realz       tot:  12.41 time/est:   0.12/   0.29 min
KLWood                   4200 of     10000 realz       tot:  12.42 time/est:   0.12/   0.29 min
KLWood                   4300 of     10000 realz       tot:  12.42 time/est:   0.12/   0.29 min
KLWood                   4400 of     10000 realz       tot:  12.42 time/est:   0.13/   0.29 min
KLWood                   4500 of     10000 realz       tot:  12.43 time/est:   0.13/   0.29 min
KLWood                   4600 of     10000 realz       tot:  12.43 time/est:   0.13/   0.29 min
KLWood                   4700 of     10000 realz       tot:  12.43 time/est:   0.13/   0.29 min
KLWood                   4800 of     10000 realz       tot:  12.43 time/est:   0.14/   0.29 min
KLWood                   4900 of     10000 realz       tot:  12.44 time/est:   0.14/   0.29 min
KLWood                   5000 of     10000 realz       tot:  12.44 time/est:   0.14/   0.29 min
KLWood                   5100 of     10000 realz       tot:  12.44 time/est:   0.15/   0.29 min
KLWood                   5200 of     10000 realz       tot:  12.45 time/est:   0.15/   0.29 min
KLWood                   5300 of     10000 realz       tot:  12.45 time/est:   0.15/   0.29 min
KLWood                   5400 of     10000 realz       tot:  12.45 time/est:   0.16/   0.29 min
KLWood                   5500 of     10000 realz       tot:  12.45 time/est:   0.16/   0.29 min
KLWood                   5600 of     10000 realz       tot:  12.46 time/est:   0.16/   0.29 min
KLWood                   5700 of     10000 realz       tot:  12.46 time/est:   0.16/   0.29 min
KLWood                   5800 of     10000 realz       tot:  12.46 time/est:   0.17/   0.29 min
KLWood                   5900 of     10000 realz       tot:  12.47 time/est:   0.17/   0.29 min
KLWood                   6000 of     10000 realz       tot:  12.47 time/est:   0.17/   0.29 min
KLWood                   6100 of     10000 realz       tot:  12.47 time/est:   0.18/   0.29 min
KLWood                   6200 of     10000 realz       tot:  12.47 time/est:   0.18/   0.29 min
KLWood                   6300 of     10000 realz       tot:  12.48 time/est:   0.18/   0.29 min
KLWood                   6400 of     10000 realz       tot:  12.48 time/est:   0.18/   0.29 min
KLWood                   6500 of     10000 realz       tot:  12.48 time/est:   0.19/   0.29 min
KLWood                   6600 of     10000 realz       tot:  12.49 time/est:   0.19/   0.29 min
KLWood                   6700 of     10000 realz       tot:  12.49 time/est:   0.19/   0.29 min
KLWood                   6800 of     10000 realz       tot:  12.49 time/est:   0.20/   0.29 min
KLWood                   6900 of     10000 realz       tot:  12.49 time/est:   0.20/   0.29 min
KLWood                   7000 of     10000 realz       tot:  12.50 time/est:   0.20/   0.29 min
KLWood                   7100 of     10000 realz       tot:  12.50 time/est:   0.20/   0.29 min
KLWood                   7200 of     10000 realz       tot:  12.50 time/est:   0.21/   0.29 min
KLWood                   7300 of     10000 realz       tot:  12.51 time/est:   0.21/   0.29 min
KLWood                   7400 of     10000 realz       tot:  12.51 time/est:   0.21/   0.29 min
KLWood                   7500 of     10000 realz       tot:  12.51 time/est:   0.22/   0.29 min
KLWood                   7600 of     10000 realz       tot:  12.51 time/est:   0.22/   0.29 min
KLWood                   7700 of     10000 realz       tot:  12.52 time/est:   0.22/   0.29 min
KLWood                   7800 of     10000 realz       tot:  12.52 time/est:   0.22/   0.29 min
KLWood                   7900 of     10000 realz       tot:  12.52 time/est:   0.23/   0.29 min
KLWood                   8000 of     10000 realz       tot:  12.53 time/est:   0.23/   0.29 min
KLWood                   8100 of     10000 realz       tot:  12.53 time/est:   0.23/   0.29 min
KLWood                   8200 of     10000 realz       tot:  12.53 time/est:   0.24/   0.29 min
KLWood                   8300 of     10000 realz       tot:  12.53 time/est:   0.24/   0.29 min
KLWood                   8400 of     10000 realz       tot:  12.54 time/est:   0.24/   0.29 min
KLWood                   8500 of     10000 realz       tot:  12.54 time/est:   0.24/   0.29 min
KLWood                   8600 of     10000 realz       tot:  12.54 time/est:   0.25/   0.29 min
KLWood                   8700 of     10000 realz       tot:  12.55 time/est:   0.25/   0.29 min
KLWood                   8800 of     10000 realz       tot:  12.55 time/est:   0.25/   0.29 min
KLWood                   8900 of     10000 realz       tot:  12.55 time/est:   0.26/   0.29 min
KLWood                   9000 of     10000 realz       tot:  12.56 time/est:   0.26/   0.29 min
KLWood                   9100 of     10000 realz       tot:  12.56 time/est:   0.26/   0.29 min
KLWood                   9200 of     10000 realz       tot:  12.56 time/est:   0.26/   0.29 min
KLWood                   9300 of     10000 realz       tot:  12.56 time/est:   0.27/   0.29 min
KLWood                   9400 of     10000 realz       tot:  12.57 time/est:   0.27/   0.29 min
KLWood                   9500 of     10000 realz       tot:  12.57 time/est:   0.27/   0.29 min
KLWood                   9600 of     10000 realz       tot:  12.57 time/est:   0.28/   0.29 min
KLWood                   9700 of     10000 realz       tot:  12.58 time/est:   0.28/   0.29 min
KLWood                   9800 of     10000 realz       tot:  12.58 time/est:   0.28/   0.29 min
KLWood                   9900 of     10000 realz       tot:  12.58 time/est:   0.28/   0.29 min
KLWood                  10000 of     10000 realz       tot:  12.59 time/est:   0.29/   0.29 min

  Values loaded for special Adamscase :  0.0
    sig(1)    :  0.020000   sig(2)    :  0.030000
    scatrat(1):  0.50       scatrat(2):  0.50
    lam(1)    :  0.00       lam(2)    :  0.00
    s         :  0.10       lamc      :  0.00


 --- Transport: radtrans ---
                         mean           stdev         relerr   
reflection        :    0.00115 +-     0.00034 +-   0.2967034
transmission      :    0.99652 +-     0.00059 +-   0.0005951
absorption        :    0.00233
 interactions     :  100.0 % accept  ***** ac/p     0.00 rj/p
 Radtrans results written over (texts/transout_results.txt)

 --- Transport: radWood ---
                         mean           stdev         relerr   
radWood reflec    :    0.00115 +-     0.00034 +-   0.2918879
radWood transmit  :    0.99652 +-     0.00059 +-   0.0005944
radWood absorb    :    0.00233 +-     0.00048 +-   0.2072630
 interactions     :   99.9 % accept   1.00 ac/p     0.00 rj/p


 --- Transport: KLWood ---
                         mean           stdev         relerr   
KLWood  reflec    :    0.00114 +-     0.00034 +-   0.2953107
KLWood  transmit  :    0.99653 +-     0.00059 +-   0.0005942
KLWood  absorb    :    0.00232 +-     0.00048 +-   0.2075449
 interactions     :   99.9 % accept   1.00 ac/p     0.00 rj/p

 --Negative smoothing stats, neg smoothing off--
  Neg realz   :  0.00000%,                     0 /                10000
  Neg samples :  0.00000%,                     0 /               542081
  Neg area    : -0.00000%
  Ave neg samp:         NaN   Ave pos samp:      0.0234
  Max neg samp:      0.0000   Max pos samp:      0.0291

  total runtime:     12.59 min
    genRealz   :      0.00 min     per:  0.02 %
    radMC      :     11.95 min     per: 94.97 %
    radWood    :      0.30 min     per:  2.42 %
    KLcol      :      0.01 min     per:  0.06 %
    KLrec      :      0.03 min     per:  0.20 %
    KLWood     :      0.29 min     per:  2.29 %
    other      :      0.00 min     per:  0.04 %
