   

  Values loaded for special Adamscase :  0.0
    sig(1)    :  0.020000   sig(2)    :  0.030000
    scatrat(1):  0.50       scatrat(2):  0.50
    lam(1)    :  0.00       lam(2)    :  0.00
    s         :  0.10       lamc      :  0.00

  Finding apprx Gam vals for Eigenvalue calcs
   Eigindx    apprx Gam vals      absdiff
      1         0.020800000    0.000265660
      2         0.041466667    0.000569575
      3         0.062133333    0.000951102
      4         0.082800000    0.001451844

  Refining Gamma values for Eigenvalue calcs
   Eigindx    apprx Gam vals      absdiff       refine lev     inttest=?1
      1         0.020668411     .000000001      Level:  7      0.9999888   Ak:    4.4416805
      2         0.041337055     .000000001      Level:  7      0.9999553   Ak:    4.4388756
      3         0.062006161     .000000001      Level:  7      0.9999000   Ak:    4.4342125
      4         0.082675959     .000000000      Level:  7      0.9998237   Ak:    4.4277084

     Eigenvalues and their contributions
   Eigindx       Eig vals        sqrt(Eig)
      1         0.000000030    0.000172096     
      2         0.000000030    0.000171986     
      3         0.000000030    0.000171803     
      4         0.000000029    0.000171547     
   lamc:              0.001
   TT  :            150.00000000

radMC,KLres,radWood       100 of     10000 realz       tot:   0.12 time/est:   0.12/  12.34 min
radMC,KLres,radWood       200 of     10000 realz       tot:   0.25 time/est:   0.25/  12.30 min
radMC,KLres,radWood       300 of     10000 realz       tot:   0.37 time/est:   0.37/  12.29 min
radMC,KLres,radWood       400 of     10000 realz       tot:   0.49 time/est:   0.49/  12.25 min
radMC,KLres,radWood       500 of     10000 realz       tot:   0.61 time/est:   0.61/  12.19 min
radMC,KLres,radWood       600 of     10000 realz       tot:   0.73 time/est:   0.73/  12.19 min
radMC,KLres,radWood       700 of     10000 realz       tot:   0.85 time/est:   0.85/  12.21 min
radMC,KLres,radWood       800 of     10000 realz       tot:   0.97 time/est:   0.97/  12.18 min
radMC,KLres,radWood       900 of     10000 realz       tot:   1.10 time/est:   1.10/  12.17 min
radMC,KLres,radWood      1000 of     10000 realz       tot:   1.22 time/est:   1.22/  12.20 min
radMC,KLres,radWood      1100 of     10000 realz       tot:   1.34 time/est:   1.34/  12.20 min
radMC,KLres,radWood      1200 of     10000 realz       tot:   1.46 time/est:   1.46/  12.19 min
radMC,KLres,radWood      1300 of     10000 realz       tot:   1.59 time/est:   1.59/  12.20 min
radMC,KLres,radWood      1400 of     10000 realz       tot:   1.71 time/est:   1.71/  12.18 min
radMC,KLres,radWood      1500 of     10000 realz       tot:   1.83 time/est:   1.83/  12.18 min
radMC,KLres,radWood      1600 of     10000 realz       tot:   1.95 time/est:   1.95/  12.18 min
radMC,KLres,radWood      1700 of     10000 realz       tot:   2.07 time/est:   2.07/  12.19 min
radMC,KLres,radWood      1800 of     10000 realz       tot:   2.19 time/est:   2.19/  12.19 min
radMC,KLres,radWood      1900 of     10000 realz       tot:   2.32 time/est:   2.32/  12.20 min
radMC,KLres,radWood      2000 of     10000 realz       tot:   2.44 time/est:   2.44/  12.20 min
radMC,KLres,radWood      2100 of     10000 realz       tot:   2.57 time/est:   2.57/  12.22 min
radMC,KLres,radWood      2200 of     10000 realz       tot:   2.69 time/est:   2.69/  12.21 min
radMC,KLres,radWood      2300 of     10000 realz       tot:   2.81 time/est:   2.81/  12.22 min
radMC,KLres,radWood      2400 of     10000 realz       tot:   2.94 time/est:   2.93/  12.23 min
radMC,KLres,radWood      2500 of     10000 realz       tot:   3.06 time/est:   3.06/  12.23 min
radMC,KLres,radWood      2600 of     10000 realz       tot:   3.18 time/est:   3.18/  12.22 min
radMC,KLres,radWood      2700 of     10000 realz       tot:   3.30 time/est:   3.30/  12.22 min
radMC,KLres,radWood      2800 of     10000 realz       tot:   3.42 time/est:   3.42/  12.21 min
radMC,KLres,radWood      2900 of     10000 realz       tot:   3.54 time/est:   3.54/  12.21 min
radMC,KLres,radWood      3000 of     10000 realz       tot:   3.66 time/est:   3.66/  12.21 min
radMC,KLres,radWood      3100 of     10000 realz       tot:   3.79 time/est:   3.79/  12.21 min
radMC,KLres,radWood      3200 of     10000 realz       tot:   3.91 time/est:   3.91/  12.23 min
radMC,KLres,radWood      3300 of     10000 realz       tot:   4.04 time/est:   4.03/  12.23 min
radMC,KLres,radWood      3400 of     10000 realz       tot:   4.16 time/est:   4.15/  12.22 min
radMC,KLres,radWood      3500 of     10000 realz       tot:   4.28 time/est:   4.27/  12.21 min
radMC,KLres,radWood      3600 of     10000 realz       tot:   4.40 time/est:   4.40/  12.22 min
radMC,KLres,radWood      3700 of     10000 realz       tot:   4.52 time/est:   4.52/  12.21 min
radMC,KLres,radWood      3800 of     10000 realz       tot:   4.64 time/est:   4.64/  12.21 min
radMC,KLres,radWood      3900 of     10000 realz       tot:   4.76 time/est:   4.76/  12.21 min
radMC,KLres,radWood      4000 of     10000 realz       tot:   4.88 time/est:   4.88/  12.21 min
radMC,KLres,radWood      4100 of     10000 realz       tot:   5.01 time/est:   5.01/  12.21 min
radMC,KLres,radWood      4200 of     10000 realz       tot:   5.13 time/est:   5.13/  12.20 min
radMC,KLres,radWood      4300 of     10000 realz       tot:   5.25 time/est:   5.24/  12.20 min
radMC,KLres,radWood      4400 of     10000 realz       tot:   5.37 time/est:   5.36/  12.19 min
radMC,KLres,radWood      4500 of     10000 realz       tot:   5.49 time/est:   5.49/  12.19 min
radMC,KLres,radWood      4600 of     10000 realz       tot:   5.61 time/est:   5.61/  12.19 min
radMC,KLres,radWood      4700 of     10000 realz       tot:   5.73 time/est:   5.72/  12.18 min
radMC,KLres,radWood      4800 of     10000 realz       tot:   5.85 time/est:   5.84/  12.17 min
radMC,KLres,radWood      4900 of     10000 realz       tot:   5.97 time/est:   5.97/  12.17 min
radMC,KLres,radWood      5000 of     10000 realz       tot:   6.09 time/est:   6.09/  12.17 min
radMC,KLres,radWood      5100 of     10000 realz       tot:   6.21 time/est:   6.21/  12.17 min
radMC,KLres,radWood      5200 of     10000 realz       tot:   6.33 time/est:   6.33/  12.18 min
radMC,KLres,radWood      5300 of     10000 realz       tot:   6.45 time/est:   6.45/  12.17 min
radMC,KLres,radWood      5400 of     10000 realz       tot:   6.58 time/est:   6.57/  12.17 min
radMC,KLres,radWood      5500 of     10000 realz       tot:   6.70 time/est:   6.69/  12.17 min
radMC,KLres,radWood      5600 of     10000 realz       tot:   6.82 time/est:   6.81/  12.17 min
radMC,KLres,radWood      5700 of     10000 realz       tot:   6.94 time/est:   6.94/  12.17 min
radMC,KLres,radWood      5800 of     10000 realz       tot:   7.06 time/est:   7.06/  12.16 min
radMC,KLres,radWood      5900 of     10000 realz       tot:   7.18 time/est:   7.18/  12.17 min
radMC,KLres,radWood      6000 of     10000 realz       tot:   7.30 time/est:   7.30/  12.17 min
radMC,KLres,radWood      6100 of     10000 realz       tot:   7.43 time/est:   7.42/  12.17 min
radMC,KLres,radWood      6200 of     10000 realz       tot:   7.55 time/est:   7.54/  12.17 min
radMC,KLres,radWood      6300 of     10000 realz       tot:   7.67 time/est:   7.67/  12.17 min
radMC,KLres,radWood      6400 of     10000 realz       tot:   7.79 time/est:   7.79/  12.17 min
radMC,KLres,radWood      6500 of     10000 realz       tot:   7.92 time/est:   7.91/  12.17 min
radMC,KLres,radWood      6600 of     10000 realz       tot:   8.04 time/est:   8.04/  12.17 min
radMC,KLres,radWood      6700 of     10000 realz       tot:   8.16 time/est:   8.16/  12.18 min
radMC,KLres,radWood      6800 of     10000 realz       tot:   8.28 time/est:   8.28/  12.18 min
radMC,KLres,radWood      6900 of     10000 realz       tot:   8.41 time/est:   8.41/  12.18 min
radMC,KLres,radWood      7000 of     10000 realz       tot:   8.53 time/est:   8.53/  12.19 min
radMC,KLres,radWood      7100 of     10000 realz       tot:   8.66 time/est:   8.66/  12.20 min
radMC,KLres,radWood      7200 of     10000 realz       tot:   8.78 time/est:   8.78/  12.20 min
radMC,KLres,radWood      7300 of     10000 realz       tot:   8.91 time/est:   8.90/  12.20 min
radMC,KLres,radWood      7400 of     10000 realz       tot:   9.03 time/est:   9.03/  12.20 min
radMC,KLres,radWood      7500 of     10000 realz       tot:   9.15 time/est:   9.15/  12.20 min
radMC,KLres,radWood      7600 of     10000 realz       tot:   9.27 time/est:   9.27/  12.20 min
radMC,KLres,radWood      7700 of     10000 realz       tot:   9.39 time/est:   9.39/  12.20 min
radMC,KLres,radWood      7800 of     10000 realz       tot:   9.51 time/est:   9.51/  12.19 min
radMC,KLres,radWood      7900 of     10000 realz       tot:   9.63 time/est:   9.63/  12.19 min
radMC,KLres,radWood      8000 of     10000 realz       tot:   9.76 time/est:   9.75/  12.19 min
radMC,KLres,radWood      8100 of     10000 realz       tot:   9.88 time/est:   9.87/  12.19 min
radMC,KLres,radWood      8200 of     10000 realz       tot:  10.00 time/est:   9.99/  12.19 min
radMC,KLres,radWood      8300 of     10000 realz       tot:  10.12 time/est:  10.12/  12.19 min
radMC,KLres,radWood      8400 of     10000 realz       tot:  10.24 time/est:  10.24/  12.19 min
radMC,KLres,radWood      8500 of     10000 realz       tot:  10.36 time/est:  10.36/  12.18 min
radMC,KLres,radWood      8600 of     10000 realz       tot:  10.48 time/est:  10.48/  12.18 min
radMC,KLres,radWood      8700 of     10000 realz       tot:  10.60 time/est:  10.60/  12.18 min
radMC,KLres,radWood      8800 of     10000 realz       tot:  10.73 time/est:  10.72/  12.18 min
radMC,KLres,radWood      8900 of     10000 realz       tot:  10.85 time/est:  10.84/  12.18 min
radMC,KLres,radWood      9000 of     10000 realz       tot:  10.97 time/est:  10.97/  12.18 min
radMC,KLres,radWood      9100 of     10000 realz       tot:  11.09 time/est:  11.09/  12.18 min
radMC,KLres,radWood      9200 of     10000 realz       tot:  11.21 time/est:  11.21/  12.18 min
radMC,KLres,radWood      9300 of     10000 realz       tot:  11.34 time/est:  11.33/  12.19 min
radMC,KLres,radWood      9400 of     10000 realz       tot:  11.46 time/est:  11.46/  12.19 min
radMC,KLres,radWood      9500 of     10000 realz       tot:  11.58 time/est:  11.58/  12.19 min
radMC,KLres,radWood      9600 of     10000 realz       tot:  11.70 time/est:  11.70/  12.19 min
radMC,KLres,radWood      9700 of     10000 realz       tot:  11.83 time/est:  11.82/  12.19 min
radMC,KLres,radWood      9800 of     10000 realz       tot:  11.95 time/est:  11.95/  12.19 min
radMC,KLres,radWood      9900 of     10000 realz       tot:  12.07 time/est:  12.07/  12.19 min
radMC,KLres,radWood     10000 of     10000 realz       tot:  12.19 time/est:  12.19/  12.19 min

Start mat1:   0.6652+-  0.0047   mat2:   0.3348+-  0.0047
      P(1):   0.6667             P(2):   0.3333

Path  mat1:   0.0020+-  0.0000   mat2:   0.0010+-  0.0000
    lam(1):   0.0020           lam(2):   0.0010

totLength(1):         652.93    totLength(2):         330.79    tottotLength:         983.71
expLength(1):         666.67    expLength(2):         333.33    exptotLength:        1000.00
       CoAct:        0.00002
       CoExp:        0.00002       CoPerdiff:           0.44 %


  smallestxi:                -4.41123        largestxi:                 3.93396


  curEig:  1   numRealz:      10000   probsum: 1.000   meanxi:   0.0079   varxi:   0.9737
  curEig:  2   numRealz:      10000   probsum: 1.000   meanxi:  -0.0174   varxi:   1.0185
  curEig:  3   numRealz:      10000   probsum: 1.000   meanxi:   0.0072   varxi:   0.9944
  curEig:  4   numRealz:      10000   probsum: 1.000   meanxi:  -0.0099   varxi:   1.0058

KLrec                     100 of     10000 realz       tot:  12.19 time/est:   0.00/   0.03 min
KLrec                     200 of     10000 realz       tot:  12.19 time/est:   0.00/   0.03 min
KLrec                     300 of     10000 realz       tot:  12.19 time/est:   0.00/   0.03 min
KLrec                     400 of     10000 realz       tot:  12.19 time/est:   0.00/   0.02 min
KLrec                     500 of     10000 realz       tot:  12.19 time/est:   0.00/   0.03 min
KLrec                     600 of     10000 realz       tot:  12.20 time/est:   0.00/   0.03 min
KLrec                     700 of     10000 realz       tot:  12.20 time/est:   0.00/   0.03 min
KLrec                     800 of     10000 realz       tot:  12.20 time/est:   0.00/   0.03 min
KLrec                     900 of     10000 realz       tot:  12.20 time/est:   0.00/   0.03 min
KLrec                    1000 of     10000 realz       tot:  12.20 time/est:   0.00/   0.03 min
KLrec                    1100 of     10000 realz       tot:  12.20 time/est:   0.00/   0.03 min
KLrec                    1200 of     10000 realz       tot:  12.20 time/est:   0.00/   0.03 min
KLrec                    1300 of     10000 realz       tot:  12.20 time/est:   0.00/   0.03 min
KLrec                    1400 of     10000 realz       tot:  12.20 time/est:   0.00/   0.03 min
KLrec                    1500 of     10000 realz       tot:  12.20 time/est:   0.00/   0.03 min
KLrec                    1600 of     10000 realz       tot:  12.20 time/est:   0.00/   0.03 min
KLrec                    1700 of     10000 realz       tot:  12.20 time/est:   0.00/   0.03 min
KLrec                    1800 of     10000 realz       tot:  12.20 time/est:   0.00/   0.03 min
KLrec                    1900 of     10000 realz       tot:  12.20 time/est:   0.00/   0.03 min
KLrec                    2000 of     10000 realz       tot:  12.20 time/est:   0.01/   0.03 min
KLrec                    2100 of     10000 realz       tot:  12.20 time/est:   0.01/   0.03 min
KLrec                    2200 of     10000 realz       tot:  12.20 time/est:   0.01/   0.03 min
KLrec                    2300 of     10000 realz       tot:  12.20 time/est:   0.01/   0.03 min
KLrec                    2400 of     10000 realz       tot:  12.20 time/est:   0.01/   0.03 min
KLrec                    2500 of     10000 realz       tot:  12.20 time/est:   0.01/   0.03 min
KLrec                    2600 of     10000 realz       tot:  12.20 time/est:   0.01/   0.03 min
KLrec                    2700 of     10000 realz       tot:  12.20 time/est:   0.01/   0.03 min
KLrec                    2800 of     10000 realz       tot:  12.20 time/est:   0.01/   0.03 min
KLrec                    2900 of     10000 realz       tot:  12.20 time/est:   0.01/   0.03 min
KLrec                    3000 of     10000 realz       tot:  12.20 time/est:   0.01/   0.03 min
KLrec                    3100 of     10000 realz       tot:  12.20 time/est:   0.01/   0.03 min
KLrec                    3200 of     10000 realz       tot:  12.20 time/est:   0.01/   0.03 min
KLrec                    3300 of     10000 realz       tot:  12.20 time/est:   0.01/   0.03 min
KLrec                    3400 of     10000 realz       tot:  12.20 time/est:   0.01/   0.03 min
KLrec                    3500 of     10000 realz       tot:  12.20 time/est:   0.01/   0.03 min
KLrec                    3600 of     10000 realz       tot:  12.20 time/est:   0.01/   0.03 min
KLrec                    3700 of     10000 realz       tot:  12.20 time/est:   0.01/   0.03 min
KLrec                    3800 of     10000 realz       tot:  12.20 time/est:   0.01/   0.03 min
KLrec                    3900 of     10000 realz       tot:  12.20 time/est:   0.01/   0.03 min
KLrec                    4000 of     10000 realz       tot:  12.20 time/est:   0.01/   0.02 min
KLrec                    4100 of     10000 realz       tot:  12.20 time/est:   0.01/   0.03 min
KLrec                    4200 of     10000 realz       tot:  12.20 time/est:   0.01/   0.03 min
KLrec                    4300 of     10000 realz       tot:  12.20 time/est:   0.01/   0.02 min
KLrec                    4400 of     10000 realz       tot:  12.20 time/est:   0.01/   0.02 min
KLrec                    4500 of     10000 realz       tot:  12.21 time/est:   0.01/   0.02 min
KLrec                    4600 of     10000 realz       tot:  12.21 time/est:   0.01/   0.02 min
KLrec                    4700 of     10000 realz       tot:  12.21 time/est:   0.01/   0.02 min
KLrec                    4800 of     10000 realz       tot:  12.21 time/est:   0.01/   0.02 min
KLrec                    4900 of     10000 realz       tot:  12.21 time/est:   0.01/   0.02 min
KLrec                    5000 of     10000 realz       tot:  12.21 time/est:   0.01/   0.02 min
KLrec                    5100 of     10000 realz       tot:  12.21 time/est:   0.01/   0.02 min
KLrec                    5200 of     10000 realz       tot:  12.21 time/est:   0.01/   0.02 min
KLrec                    5300 of     10000 realz       tot:  12.21 time/est:   0.01/   0.02 min
KLrec                    5400 of     10000 realz       tot:  12.21 time/est:   0.01/   0.02 min
KLrec                    5500 of     10000 realz       tot:  12.21 time/est:   0.01/   0.02 min
KLrec                    5600 of     10000 realz       tot:  12.21 time/est:   0.01/   0.02 min
KLrec                    5700 of     10000 realz       tot:  12.21 time/est:   0.01/   0.02 min
KLrec                    5800 of     10000 realz       tot:  12.21 time/est:   0.01/   0.02 min
KLrec                    5900 of     10000 realz       tot:  12.21 time/est:   0.01/   0.02 min
KLrec                    6000 of     10000 realz       tot:  12.21 time/est:   0.01/   0.02 min
KLrec                    6100 of     10000 realz       tot:  12.21 time/est:   0.01/   0.02 min
KLrec                    6200 of     10000 realz       tot:  12.21 time/est:   0.02/   0.02 min
KLrec                    6300 of     10000 realz       tot:  12.21 time/est:   0.02/   0.02 min
KLrec                    6400 of     10000 realz       tot:  12.21 time/est:   0.02/   0.02 min
KLrec                    6500 of     10000 realz       tot:  12.21 time/est:   0.02/   0.02 min
KLrec                    6600 of     10000 realz       tot:  12.21 time/est:   0.02/   0.02 min
KLrec                    6700 of     10000 realz       tot:  12.21 time/est:   0.02/   0.02 min
KLrec                    6800 of     10000 realz       tot:  12.21 time/est:   0.02/   0.02 min
KLrec                    6900 of     10000 realz       tot:  12.21 time/est:   0.02/   0.02 min
KLrec                    7000 of     10000 realz       tot:  12.21 time/est:   0.02/   0.02 min
KLrec                    7100 of     10000 realz       tot:  12.21 time/est:   0.02/   0.02 min
KLrec                    7200 of     10000 realz       tot:  12.21 time/est:   0.02/   0.02 min
KLrec                    7300 of     10000 realz       tot:  12.21 time/est:   0.02/   0.02 min
KLrec                    7400 of     10000 realz       tot:  12.21 time/est:   0.02/   0.02 min
KLrec                    7500 of     10000 realz       tot:  12.21 time/est:   0.02/   0.02 min
KLrec                    7600 of     10000 realz       tot:  12.21 time/est:   0.02/   0.02 min
KLrec                    7700 of     10000 realz       tot:  12.21 time/est:   0.02/   0.02 min
KLrec                    7800 of     10000 realz       tot:  12.21 time/est:   0.02/   0.02 min
KLrec                    7900 of     10000 realz       tot:  12.21 time/est:   0.02/   0.02 min
KLrec                    8000 of     10000 realz       tot:  12.21 time/est:   0.02/   0.02 min
KLrec                    8100 of     10000 realz       tot:  12.21 time/est:   0.02/   0.02 min
KLrec                    8200 of     10000 realz       tot:  12.21 time/est:   0.02/   0.02 min
KLrec                    8300 of     10000 realz       tot:  12.21 time/est:   0.02/   0.02 min
KLrec                    8400 of     10000 realz       tot:  12.22 time/est:   0.02/   0.02 min
KLrec                    8500 of     10000 realz       tot:  12.22 time/est:   0.02/   0.02 min
KLrec                    8600 of     10000 realz       tot:  12.22 time/est:   0.02/   0.02 min
KLrec                    8700 of     10000 realz       tot:  12.22 time/est:   0.02/   0.02 min
KLrec                    8800 of     10000 realz       tot:  12.22 time/est:   0.02/   0.02 min
KLrec                    8900 of     10000 realz       tot:  12.22 time/est:   0.02/   0.02 min
KLrec                    9000 of     10000 realz       tot:  12.22 time/est:   0.02/   0.02 min
KLrec                    9100 of     10000 realz       tot:  12.22 time/est:   0.02/   0.02 min
KLrec                    9200 of     10000 realz       tot:  12.22 time/est:   0.02/   0.02 min
KLrec                    9300 of     10000 realz       tot:  12.22 time/est:   0.02/   0.02 min
KLrec                    9400 of     10000 realz       tot:  12.22 time/est:   0.02/   0.02 min
KLrec                    9500 of     10000 realz       tot:  12.22 time/est:   0.02/   0.02 min
KLrec                    9600 of     10000 realz       tot:  12.22 time/est:   0.02/   0.02 min
KLrec                    9700 of     10000 realz       tot:  12.22 time/est:   0.02/   0.02 min
KLrec                    9800 of     10000 realz       tot:  12.22 time/est:   0.02/   0.02 min
KLrec                    9900 of     10000 realz       tot:  12.22 time/est:   0.02/   0.02 min
KLrec                   10000 of     10000 realz       tot:  12.22 time/est:   0.02/   0.02 min
  Total num reconstructed realz w/ neg value:            0

KLWood                    100 of     10000 realz       tot:  12.22 time/est:   0.00/   0.29 min
KLWood                    200 of     10000 realz       tot:  12.22 time/est:   0.01/   0.29 min
KLWood                    300 of     10000 realz       tot:  12.23 time/est:   0.01/   0.29 min
KLWood                    400 of     10000 realz       tot:  12.23 time/est:   0.01/   0.29 min
KLWood                    500 of     10000 realz       tot:  12.23 time/est:   0.01/   0.29 min
KLWood                    600 of     10000 realz       tot:  12.24 time/est:   0.02/   0.29 min
KLWood                    700 of     10000 realz       tot:  12.24 time/est:   0.02/   0.29 min
KLWood                    800 of     10000 realz       tot:  12.24 time/est:   0.02/   0.29 min
KLWood                    900 of     10000 realz       tot:  12.25 time/est:   0.03/   0.29 min
KLWood                   1000 of     10000 realz       tot:  12.25 time/est:   0.03/   0.29 min
KLWood                   1100 of     10000 realz       tot:  12.25 time/est:   0.03/   0.29 min
KLWood                   1200 of     10000 realz       tot:  12.25 time/est:   0.03/   0.29 min
KLWood                   1300 of     10000 realz       tot:  12.26 time/est:   0.04/   0.29 min
KLWood                   1400 of     10000 realz       tot:  12.26 time/est:   0.04/   0.29 min
KLWood                   1500 of     10000 realz       tot:  12.26 time/est:   0.04/   0.29 min
KLWood                   1600 of     10000 realz       tot:  12.27 time/est:   0.05/   0.29 min
KLWood                   1700 of     10000 realz       tot:  12.27 time/est:   0.05/   0.29 min
KLWood                   1800 of     10000 realz       tot:  12.27 time/est:   0.05/   0.29 min
KLWood                   1900 of     10000 realz       tot:  12.27 time/est:   0.05/   0.29 min
KLWood                   2000 of     10000 realz       tot:  12.28 time/est:   0.06/   0.29 min
KLWood                   2100 of     10000 realz       tot:  12.28 time/est:   0.06/   0.29 min
KLWood                   2200 of     10000 realz       tot:  12.28 time/est:   0.06/   0.29 min
KLWood                   2300 of     10000 realz       tot:  12.29 time/est:   0.07/   0.29 min
KLWood                   2400 of     10000 realz       tot:  12.29 time/est:   0.07/   0.29 min
KLWood                   2500 of     10000 realz       tot:  12.29 time/est:   0.07/   0.29 min
KLWood                   2600 of     10000 realz       tot:  12.29 time/est:   0.07/   0.29 min
KLWood                   2700 of     10000 realz       tot:  12.30 time/est:   0.08/   0.29 min
KLWood                   2800 of     10000 realz       tot:  12.30 time/est:   0.08/   0.29 min
KLWood                   2900 of     10000 realz       tot:  12.30 time/est:   0.08/   0.29 min
KLWood                   3000 of     10000 realz       tot:  12.31 time/est:   0.09/   0.29 min
KLWood                   3100 of     10000 realz       tot:  12.31 time/est:   0.09/   0.29 min
KLWood                   3200 of     10000 realz       tot:  12.31 time/est:   0.09/   0.29 min
KLWood                   3300 of     10000 realz       tot:  12.31 time/est:   0.09/   0.29 min
KLWood                   3400 of     10000 realz       tot:  12.32 time/est:   0.10/   0.29 min
KLWood                   3500 of     10000 realz       tot:  12.32 time/est:   0.10/   0.29 min
KLWood                   3600 of     10000 realz       tot:  12.32 time/est:   0.10/   0.29 min
KLWood                   3700 of     10000 realz       tot:  12.33 time/est:   0.11/   0.29 min
KLWood                   3800 of     10000 realz       tot:  12.33 time/est:   0.11/   0.29 min
KLWood                   3900 of     10000 realz       tot:  12.33 time/est:   0.11/   0.29 min
KLWood                   4000 of     10000 realz       tot:  12.33 time/est:   0.11/   0.29 min
KLWood                   4100 of     10000 realz       tot:  12.34 time/est:   0.12/   0.29 min
KLWood                   4200 of     10000 realz       tot:  12.34 time/est:   0.12/   0.29 min
KLWood                   4300 of     10000 realz       tot:  12.34 time/est:   0.12/   0.29 min
KLWood                   4400 of     10000 realz       tot:  12.35 time/est:   0.13/   0.29 min
KLWood                   4500 of     10000 realz       tot:  12.35 time/est:   0.13/   0.29 min
KLWood                   4600 of     10000 realz       tot:  12.35 time/est:   0.13/   0.29 min
KLWood                   4700 of     10000 realz       tot:  12.35 time/est:   0.13/   0.29 min
KLWood                   4800 of     10000 realz       tot:  12.36 time/est:   0.14/   0.29 min
KLWood                   4900 of     10000 realz       tot:  12.36 time/est:   0.14/   0.29 min
KLWood                   5000 of     10000 realz       tot:  12.36 time/est:   0.14/   0.29 min
KLWood                   5100 of     10000 realz       tot:  12.37 time/est:   0.15/   0.29 min
KLWood                   5200 of     10000 realz       tot:  12.37 time/est:   0.15/   0.29 min
KLWood                   5300 of     10000 realz       tot:  12.37 time/est:   0.15/   0.29 min
KLWood                   5400 of     10000 realz       tot:  12.37 time/est:   0.16/   0.29 min
KLWood                   5500 of     10000 realz       tot:  12.38 time/est:   0.16/   0.29 min
KLWood                   5600 of     10000 realz       tot:  12.38 time/est:   0.16/   0.29 min
KLWood                   5700 of     10000 realz       tot:  12.38 time/est:   0.16/   0.29 min
KLWood                   5800 of     10000 realz       tot:  12.39 time/est:   0.17/   0.29 min
KLWood                   5900 of     10000 realz       tot:  12.39 time/est:   0.17/   0.29 min
KLWood                   6000 of     10000 realz       tot:  12.39 time/est:   0.17/   0.29 min
KLWood                   6100 of     10000 realz       tot:  12.39 time/est:   0.17/   0.29 min
KLWood                   6200 of     10000 realz       tot:  12.40 time/est:   0.18/   0.29 min
KLWood                   6300 of     10000 realz       tot:  12.40 time/est:   0.18/   0.29 min
KLWood                   6400 of     10000 realz       tot:  12.40 time/est:   0.18/   0.29 min
KLWood                   6500 of     10000 realz       tot:  12.41 time/est:   0.19/   0.29 min
KLWood                   6600 of     10000 realz       tot:  12.41 time/est:   0.19/   0.29 min
KLWood                   6700 of     10000 realz       tot:  12.41 time/est:   0.19/   0.29 min
KLWood                   6800 of     10000 realz       tot:  12.42 time/est:   0.20/   0.29 min
KLWood                   6900 of     10000 realz       tot:  12.42 time/est:   0.20/   0.29 min
KLWood                   7000 of     10000 realz       tot:  12.42 time/est:   0.20/   0.29 min
KLWood                   7100 of     10000 realz       tot:  12.42 time/est:   0.20/   0.29 min
KLWood                   7200 of     10000 realz       tot:  12.43 time/est:   0.21/   0.29 min
KLWood                   7300 of     10000 realz       tot:  12.43 time/est:   0.21/   0.29 min
KLWood                   7400 of     10000 realz       tot:  12.43 time/est:   0.21/   0.29 min
KLWood                   7500 of     10000 realz       tot:  12.44 time/est:   0.21/   0.29 min
KLWood                   7600 of     10000 realz       tot:  12.44 time/est:   0.22/   0.29 min
KLWood                   7700 of     10000 realz       tot:  12.44 time/est:   0.22/   0.29 min
KLWood                   7800 of     10000 realz       tot:  12.44 time/est:   0.22/   0.29 min
KLWood                   7900 of     10000 realz       tot:  12.45 time/est:   0.23/   0.29 min
KLWood                   8000 of     10000 realz       tot:  12.45 time/est:   0.23/   0.29 min
KLWood                   8100 of     10000 realz       tot:  12.45 time/est:   0.23/   0.29 min
KLWood                   8200 of     10000 realz       tot:  12.46 time/est:   0.24/   0.29 min
KLWood                   8300 of     10000 realz       tot:  12.46 time/est:   0.24/   0.29 min
KLWood                   8400 of     10000 realz       tot:  12.46 time/est:   0.24/   0.29 min
KLWood                   8500 of     10000 realz       tot:  12.46 time/est:   0.24/   0.29 min
KLWood                   8600 of     10000 realz       tot:  12.47 time/est:   0.25/   0.29 min
KLWood                   8700 of     10000 realz       tot:  12.47 time/est:   0.25/   0.29 min
KLWood                   8800 of     10000 realz       tot:  12.47 time/est:   0.25/   0.29 min
KLWood                   8900 of     10000 realz       tot:  12.48 time/est:   0.26/   0.29 min
KLWood                   9000 of     10000 realz       tot:  12.48 time/est:   0.26/   0.29 min
KLWood                   9100 of     10000 realz       tot:  12.48 time/est:   0.26/   0.29 min
KLWood                   9200 of     10000 realz       tot:  12.48 time/est:   0.26/   0.29 min
KLWood                   9300 of     10000 realz       tot:  12.49 time/est:   0.27/   0.29 min
KLWood                   9400 of     10000 realz       tot:  12.49 time/est:   0.27/   0.29 min
KLWood                   9500 of     10000 realz       tot:  12.49 time/est:   0.27/   0.29 min
KLWood                   9600 of     10000 realz       tot:  12.50 time/est:   0.28/   0.29 min
KLWood                   9700 of     10000 realz       tot:  12.50 time/est:   0.28/   0.29 min
KLWood                   9800 of     10000 realz       tot:  12.50 time/est:   0.28/   0.29 min
KLWood                   9900 of     10000 realz       tot:  12.50 time/est:   0.28/   0.29 min
KLWood                  10000 of     10000 realz       tot:  12.51 time/est:   0.29/   0.29 min

  Values loaded for special Adamscase :  0.0
    sig(1)    :  0.020000   sig(2)    :  0.030000
    scatrat(1):  0.50       scatrat(2):  0.50
    lam(1)    :  0.00       lam(2)    :  0.00
    s         :  0.10       lamc      :  0.00


 --- Transport: radtrans ---
                         mean           stdev         relerr   
reflection        :    0.00115 +-     0.00034 +-   0.2967034
transmission      :    0.99652 +-     0.00059 +-   0.0005951
absorption        :    0.00233
 interactions     :  100.0 % accept  ***** ac/p     0.00 rj/p
 Radtrans results written over (texts/transout_results.txt)

 --- Transport: radWood ---
                         mean           stdev         relerr   
radWood reflec    :    0.00115 +-     0.00034 +-   0.2918879
radWood transmit  :    0.99652 +-     0.00059 +-   0.0005944
radWood absorb    :    0.00233 +-     0.00048 +-   0.2072630
 interactions     :   99.9 % accept   1.00 ac/p     0.00 rj/p


 --- Transport: KLWood ---
                         mean           stdev         relerr   
KLWood  reflec    :    0.00114 +-     0.00034 +-   0.2953107
KLWood  transmit  :    0.99653 +-     0.00059 +-   0.0005942
KLWood  absorb    :    0.00232 +-     0.00048 +-   0.2075449
 interactions     :   99.9 % accept   1.00 ac/p     0.00 rj/p

 --Negative smoothing stats, neg smoothing off--
  Neg realz   :  0.00000%,                     0 /                10000
  Neg samples :  0.00000%,                     0 /               542081
  Neg area    : -0.00000%
  Ave neg samp:         NaN   Ave pos samp:      0.0234
  Max neg samp:      0.0000   Max pos samp:      0.0291

  total runtime:     12.51 min
    genRealz   :      0.00 min     per:  0.02 %
    radMC      :     11.88 min     per: 94.94 %
    radWood    :      0.31 min     per:  2.44 %
    KLcol      :      0.01 min     per:  0.06 %
    KLrec      :      0.02 min     per:  0.20 %
    KLWood     :      0.29 min     per:  2.30 %
    other      :      0.01 min     per:  0.05 %
