   

  Values loaded for special Adamscase :  9.3
    sig(1)    :  0.019802   sig(2)    :  1.980198
    scatrat(1):  0.90       scatrat(2):  0.90
    lam(1)    :  5.05       lam(2)    :  5.05
    s         : 10.00       lamc      :  2.52

radMC,radWood             100 of     50000 realz       tot:   0.32 time/est:   0.32/ 160.97 min
radMC,radWood             200 of     50000 realz       tot:   0.67 time/est:   0.67/ 167.57 min
radMC,radWood             300 of     50000 realz       tot:   0.99 time/est:   0.99/ 164.63 min
radMC,radWood             400 of     50000 realz       tot:   1.29 time/est:   1.29/ 160.78 min
radMC,radWood             500 of     50000 realz       tot:   1.61 time/est:   1.61/ 160.67 min
radMC,radWood             600 of     50000 realz       tot:   1.94 time/est:   1.93/ 161.21 min
radMC,radWood             700 of     50000 realz       tot:   2.25 time/est:   2.25/ 160.89 min
radMC,radWood             800 of     50000 realz       tot:   2.57 time/est:   2.57/ 160.36 min
radMC,radWood             900 of     50000 realz       tot:   2.91 time/est:   2.91/ 161.68 min
radMC,radWood            1000 of     50000 realz       tot:   3.29 time/est:   3.29/ 164.45 min
radMC,radWood            1100 of     50000 realz       tot:   3.63 time/est:   3.62/ 164.70 min
radMC,radWood            1200 of     50000 realz       tot:   3.97 time/est:   3.97/ 165.26 min
radMC,radWood            1300 of     50000 realz       tot:   4.26 time/est:   4.26/ 163.93 min
radMC,radWood            1400 of     50000 realz       tot:   4.56 time/est:   4.55/ 162.66 min
radMC,radWood            1500 of     50000 realz       tot:   4.86 time/est:   4.86/ 161.87 min
radMC,radWood            1600 of     50000 realz       tot:   5.20 time/est:   5.20/ 162.35 min
radMC,radWood            1700 of     50000 realz       tot:   5.50 time/est:   5.50/ 161.83 min
radMC,radWood            1800 of     50000 realz       tot:   5.80 time/est:   5.80/ 161.20 min
radMC,radWood            1900 of     50000 realz       tot:   6.12 time/est:   6.12/ 161.03 min
radMC,radWood            2000 of     50000 realz       tot:   6.41 time/est:   6.40/ 160.12 min
radMC,radWood            2100 of     50000 realz       tot:   6.71 time/est:   6.71/ 159.67 min
radMC,radWood            2200 of     50000 realz       tot:   7.05 time/est:   7.04/ 160.08 min
radMC,radWood            2300 of     50000 realz       tot:   7.38 time/est:   7.38/ 160.39 min
radMC,radWood            2400 of     50000 realz       tot:   7.69 time/est:   7.68/ 160.10 min
radMC,radWood            2500 of     50000 realz       tot:   8.02 time/est:   8.02/ 160.43 min
radMC,radWood            2600 of     50000 realz       tot:   8.38 time/est:   8.37/ 161.02 min
radMC,radWood            2700 of     50000 realz       tot:   8.70 time/est:   8.70/ 161.07 min
radMC,radWood            2800 of     50000 realz       tot:   9.02 time/est:   9.02/ 160.99 min
radMC,radWood            2900 of     50000 realz       tot:   9.37 time/est:   9.36/ 161.45 min
radMC,radWood            3000 of     50000 realz       tot:   9.67 time/est:   9.67/ 161.18 min
radMC,radWood            3100 of     50000 realz       tot:  10.03 time/est:  10.03/ 161.75 min
radMC,radWood            3200 of     50000 realz       tot:  10.39 time/est:  10.39/ 162.36 min
radMC,radWood            3300 of     50000 realz       tot:  10.76 time/est:  10.76/ 163.04 min
radMC,radWood            3400 of     50000 realz       tot:  11.13 time/est:  11.13/ 163.70 min
radMC,radWood            3500 of     50000 realz       tot:  11.45 time/est:  11.44/ 163.48 min
radMC,radWood            3600 of     50000 realz       tot:  11.78 time/est:  11.78/ 163.64 min
radMC,radWood            3700 of     50000 realz       tot:  12.11 time/est:  12.11/ 163.60 min
radMC,radWood            3800 of     50000 realz       tot:  12.43 time/est:  12.42/ 163.47 min
radMC,radWood            3900 of     50000 realz       tot:  12.73 time/est:  12.73/ 163.16 min
radMC,radWood            4000 of     50000 realz       tot:  13.04 time/est:  13.04/ 163.01 min
radMC,radWood            4100 of     50000 realz       tot:  13.41 time/est:  13.41/ 163.51 min
radMC,radWood            4200 of     50000 realz       tot:  13.70 time/est:  13.70/ 163.11 min
radMC,radWood            4300 of     50000 realz       tot:  14.03 time/est:  14.03/ 163.08 min
radMC,radWood            4400 of     50000 realz       tot:  14.34 time/est:  14.34/ 162.90 min
radMC,radWood            4500 of     50000 realz       tot:  14.66 time/est:  14.66/ 162.90 min
radMC,radWood            4600 of     50000 realz       tot:  14.99 time/est:  14.99/ 162.92 min
radMC,radWood            4700 of     50000 realz       tot:  15.31 time/est:  15.30/ 162.79 min
radMC,radWood            4800 of     50000 realz       tot:  15.64 time/est:  15.63/ 162.83 min
radMC,radWood            4900 of     50000 realz       tot:  15.97 time/est:  15.96/ 162.88 min
radMC,radWood            5000 of     50000 realz       tot:  16.28 time/est:  16.27/ 162.74 min
radMC,radWood            5100 of     50000 realz       tot:  16.61 time/est:  16.61/ 162.81 min
radMC,radWood            5200 of     50000 realz       tot:  16.94 time/est:  16.94/ 162.89 min
radMC,radWood            5300 of     50000 realz       tot:  17.29 time/est:  17.29/ 163.12 min
radMC,radWood            5400 of     50000 realz       tot:  17.61 time/est:  17.60/ 163.01 min
radMC,radWood            5500 of     50000 realz       tot:  17.96 time/est:  17.96/ 163.27 min
radMC,radWood            5600 of     50000 realz       tot:  18.30 time/est:  18.30/ 163.35 min
radMC,radWood            5700 of     50000 realz       tot:  18.63 time/est:  18.62/ 163.37 min
radMC,radWood            5800 of     50000 realz       tot:  18.94 time/est:  18.94/ 163.28 min
radMC,radWood            5900 of     50000 realz       tot:  19.32 time/est:  19.32/ 163.69 min
radMC,radWood            6000 of     50000 realz       tot:  19.68 time/est:  19.68/ 163.97 min
radMC,radWood            6100 of     50000 realz       tot:  20.02 time/est:  20.01/ 164.02 min
radMC,radWood            6200 of     50000 realz       tot:  20.34 time/est:  20.34/ 164.02 min
radMC,radWood            6300 of     50000 realz       tot:  20.67 time/est:  20.67/ 164.01 min
radMC,radWood            6400 of     50000 realz       tot:  20.98 time/est:  20.98/ 163.87 min
radMC,radWood            6500 of     50000 realz       tot:  21.31 time/est:  21.30/ 163.86 min
radMC,radWood            6600 of     50000 realz       tot:  21.65 time/est:  21.65/ 164.01 min
radMC,radWood            6700 of     50000 realz       tot:  21.95 time/est:  21.94/ 163.74 min
radMC,radWood            6800 of     50000 realz       tot:  22.25 time/est:  22.25/ 163.58 min
radMC,radWood            6900 of     50000 realz       tot:  22.60 time/est:  22.60/ 163.76 min
radMC,radWood            7000 of     50000 realz       tot:  22.91 time/est:  22.90/ 163.59 min
radMC,radWood            7100 of     50000 realz       tot:  23.25 time/est:  23.24/ 163.68 min
radMC,radWood            7200 of     50000 realz       tot:  23.57 time/est:  23.57/ 163.67 min
radMC,radWood            7300 of     50000 realz       tot:  23.96 time/est:  23.95/ 164.05 min
radMC,radWood            7400 of     50000 realz       tot:  24.26 time/est:  24.26/ 163.92 min
radMC,radWood            7500 of     50000 realz       tot:  24.58 time/est:  24.57/ 163.83 min
radMC,radWood            7600 of     50000 realz       tot:  24.89 time/est:  24.88/ 163.72 min
radMC,radWood            7700 of     50000 realz       tot:  25.23 time/est:  25.22/ 163.79 min
radMC,radWood            7800 of     50000 realz       tot:  25.58 time/est:  25.57/ 163.92 min
radMC,radWood            7900 of     50000 realz       tot:  25.94 time/est:  25.94/ 164.15 min
radMC,radWood            8000 of     50000 realz       tot:  26.29 time/est:  26.29/ 164.29 min
radMC,radWood            8100 of     50000 realz       tot:  26.63 time/est:  26.63/ 164.36 min
radMC,radWood            8200 of     50000 realz       tot:  26.96 time/est:  26.96/ 164.38 min
radMC,radWood            8300 of     50000 realz       tot:  27.27 time/est:  27.27/ 164.26 min
radMC,radWood            8400 of     50000 realz       tot:  27.62 time/est:  27.62/ 164.39 min
radMC,radWood            8500 of     50000 realz       tot:  27.99 time/est:  27.99/ 164.63 min
radMC,radWood            8600 of     50000 realz       tot:  28.33 time/est:  28.32/ 164.66 min
radMC,radWood            8700 of     50000 realz       tot:  28.65 time/est:  28.65/ 164.63 min
radMC,radWood            8800 of     50000 realz       tot:  28.98 time/est:  28.97/ 164.60 min
radMC,radWood            8900 of     50000 realz       tot:  29.30 time/est:  29.29/ 164.56 min
radMC,radWood            9000 of     50000 realz       tot:  29.64 time/est:  29.63/ 164.64 min
radMC,radWood            9100 of     50000 realz       tot:  29.97 time/est:  29.97/ 164.66 min
radMC,radWood            9200 of     50000 realz       tot:  30.31 time/est:  30.31/ 164.72 min
radMC,radWood            9300 of     50000 realz       tot:  30.64 time/est:  30.63/ 164.70 min
radMC,radWood            9400 of     50000 realz       tot:  30.95 time/est:  30.94/ 164.58 min
radMC,radWood            9500 of     50000 realz       tot:  31.25 time/est:  31.24/ 164.44 min
radMC,radWood            9600 of     50000 realz       tot:  31.57 time/est:  31.56/ 164.38 min
radMC,radWood            9700 of     50000 realz       tot:  31.87 time/est:  31.87/ 164.27 min
radMC,radWood            9800 of     50000 realz       tot:  32.20 time/est:  32.20/ 164.28 min
radMC,radWood            9900 of     50000 realz       tot:  32.52 time/est:  32.52/ 164.23 min
radMC,radWood           10000 of     50000 realz       tot:  32.84 time/est:  32.84/ 164.18 min
radMC,radWood           10100 of     50000 realz       tot:  33.17 time/est:  33.17/ 164.19 min
radMC,radWood           10200 of     50000 realz       tot:  33.48 time/est:  33.47/ 164.09 min
radMC,radWood           10300 of     50000 realz       tot:  33.78 time/est:  33.77/ 163.95 min
radMC,radWood           10400 of     50000 realz       tot:  34.14 time/est:  34.14/ 164.12 min
radMC,radWood           10500 of     50000 realz       tot:  34.47 time/est:  34.46/ 164.11 min
radMC,radWood           10600 of     50000 realz       tot:  34.77 time/est:  34.76/ 163.96 min
radMC,radWood           10700 of     50000 realz       tot:  35.08 time/est:  35.07/ 163.90 min
radMC,radWood           10800 of     50000 realz       tot:  35.39 time/est:  35.38/ 163.80 min
radMC,radWood           10900 of     50000 realz       tot:  35.72 time/est:  35.71/ 163.80 min
radMC,radWood           11000 of     50000 realz       tot:  36.01 time/est:  36.01/ 163.67 min
radMC,radWood           11100 of     50000 realz       tot:  36.34 time/est:  36.34/ 163.67 min
radMC,radWood           11200 of     50000 realz       tot:  36.67 time/est:  36.66/ 163.67 min
radMC,radWood           11300 of     50000 realz       tot:  37.00 time/est:  36.99/ 163.68 min
radMC,radWood           11400 of     50000 realz       tot:  37.33 time/est:  37.32/ 163.68 min
radMC,radWood           11500 of     50000 realz       tot:  37.65 time/est:  37.64/ 163.67 min
radMC,radWood           11600 of     50000 realz       tot:  38.00 time/est:  38.00/ 163.78 min
radMC,radWood           11700 of     50000 realz       tot:  38.32 time/est:  38.31/ 163.73 min
radMC,radWood           11800 of     50000 realz       tot:  38.64 time/est:  38.64/ 163.71 min
radMC,radWood           11900 of     50000 realz       tot:  38.96 time/est:  38.95/ 163.67 min
radMC,radWood           12000 of     50000 realz       tot:  39.29 time/est:  39.28/ 163.67 min
radMC,radWood           12100 of     50000 realz       tot:  39.61 time/est:  39.60/ 163.66 min
radMC,radWood           12200 of     50000 realz       tot:  39.93 time/est:  39.92/ 163.61 min
radMC,radWood           12300 of     50000 realz       tot:  40.23 time/est:  40.22/ 163.49 min
radMC,radWood           12400 of     50000 realz       tot:  40.52 time/est:  40.52/ 163.37 min
radMC,radWood           12500 of     50000 realz       tot:  40.82 time/est:  40.81/ 163.25 min
radMC,radWood           12600 of     50000 realz       tot:  41.13 time/est:  41.13/ 163.20 min
radMC,radWood           12700 of     50000 realz       tot:  41.44 time/est:  41.44/ 163.13 min
radMC,radWood           12800 of     50000 realz       tot:  41.79 time/est:  41.78/ 163.21 min
radMC,radWood           12900 of     50000 realz       tot:  42.08 time/est:  42.07/ 163.07 min
radMC,radWood           13000 of     50000 realz       tot:  42.40 time/est:  42.40/ 163.06 min
radMC,radWood           13100 of     50000 realz       tot:  42.71 time/est:  42.70/ 162.99 min
radMC,radWood           13200 of     50000 realz       tot:  43.02 time/est:  43.01/ 162.93 min
radMC,radWood           13300 of     50000 realz       tot:  43.34 time/est:  43.33/ 162.90 min
radMC,radWood           13400 of     50000 realz       tot:  43.67 time/est:  43.66/ 162.93 min
radMC,radWood           13500 of     50000 realz       tot:  43.98 time/est:  43.97/ 162.85 min
radMC,radWood           13600 of     50000 realz       tot:  44.27 time/est:  44.27/ 162.74 min
radMC,radWood           13700 of     50000 realz       tot:  44.60 time/est:  44.59/ 162.74 min
radMC,radWood           13800 of     50000 realz       tot:  44.91 time/est:  44.91/ 162.71 min
radMC,radWood           13900 of     50000 realz       tot:  45.22 time/est:  45.21/ 162.64 min
radMC,radWood           14000 of     50000 realz       tot:  45.53 time/est:  45.52/ 162.57 min
radMC,radWood           14100 of     50000 realz       tot:  45.82 time/est:  45.81/ 162.46 min
radMC,radWood           14200 of     50000 realz       tot:  46.16 time/est:  46.15/ 162.50 min
radMC,radWood           14300 of     50000 realz       tot:  46.49 time/est:  46.48/ 162.52 min
radMC,radWood           14400 of     50000 realz       tot:  46.83 time/est:  46.82/ 162.58 min
radMC,radWood           14500 of     50000 realz       tot:  47.14 time/est:  47.14/ 162.54 min
radMC,radWood           14600 of     50000 realz       tot:  47.43 time/est:  47.42/ 162.41 min
radMC,radWood           14700 of     50000 realz       tot:  47.74 time/est:  47.74/ 162.37 min
radMC,radWood           14800 of     50000 realz       tot:  48.09 time/est:  48.08/ 162.43 min
radMC,radWood           14900 of     50000 realz       tot:  48.40 time/est:  48.40/ 162.40 min
radMC,radWood           15000 of     50000 realz       tot:  48.72 time/est:  48.71/ 162.38 min
radMC,radWood           15100 of     50000 realz       tot:  49.06 time/est:  49.05/ 162.42 min
radMC,radWood           15200 of     50000 realz       tot:  49.39 time/est:  49.38/ 162.43 min
radMC,radWood           15300 of     50000 realz       tot:  49.71 time/est:  49.70/ 162.41 min
radMC,radWood           15400 of     50000 realz       tot:  50.02 time/est:  50.01/ 162.38 min
radMC,radWood           15500 of     50000 realz       tot:  50.37 time/est:  50.36/ 162.45 min
radMC,radWood           15600 of     50000 realz       tot:  50.70 time/est:  50.69/ 162.47 min
radMC,radWood           15700 of     50000 realz       tot:  51.02 time/est:  51.01/ 162.45 min
radMC,radWood           15800 of     50000 realz       tot:  51.34 time/est:  51.33/ 162.43 min
radMC,radWood           15900 of     50000 realz       tot:  51.63 time/est:  51.63/ 162.35 min
radMC,radWood           16000 of     50000 realz       tot:  51.96 time/est:  51.95/ 162.34 min
radMC,radWood           16100 of     50000 realz       tot:  52.31 time/est:  52.30/ 162.41 min
radMC,radWood           16200 of     50000 realz       tot:  52.61 time/est:  52.60/ 162.34 min
radMC,radWood           16300 of     50000 realz       tot:  52.92 time/est:  52.91/ 162.31 min
radMC,radWood           16400 of     50000 realz       tot:  53.24 time/est:  53.24/ 162.30 min
radMC,radWood           16500 of     50000 realz       tot:  53.58 time/est:  53.58/ 162.35 min
radMC,radWood           16600 of     50000 realz       tot:  53.89 time/est:  53.88/ 162.29 min
radMC,radWood           16700 of     50000 realz       tot:  54.21 time/est:  54.21/ 162.29 min
radMC,radWood           16800 of     50000 realz       tot:  54.54 time/est:  54.53/ 162.29 min
radMC,radWood           16900 of     50000 realz       tot:  54.85 time/est:  54.85/ 162.27 min
radMC,radWood           17000 of     50000 realz       tot:  55.21 time/est:  55.20/ 162.34 min
radMC,radWood           17100 of     50000 realz       tot:  55.52 time/est:  55.51/ 162.32 min
radMC,radWood           17200 of     50000 realz       tot:  55.85 time/est:  55.84/ 162.34 min
radMC,radWood           17300 of     50000 realz       tot:  56.16 time/est:  56.15/ 162.29 min
radMC,radWood           17400 of     50000 realz       tot:  56.48 time/est:  56.47/ 162.26 min
radMC,radWood           17500 of     50000 realz       tot:  56.81 time/est:  56.81/ 162.30 min
radMC,radWood           17600 of     50000 realz       tot:  57.11 time/est:  57.11/ 162.23 min
radMC,radWood           17700 of     50000 realz       tot:  57.40 time/est:  57.39/ 162.13 min
radMC,radWood           17800 of     50000 realz       tot:  57.71 time/est:  57.70/ 162.07 min
radMC,radWood           17900 of     50000 realz       tot:  58.01 time/est:  58.00/ 162.00 min
radMC,radWood           18000 of     50000 realz       tot:  58.30 time/est:  58.29/ 161.92 min
radMC,radWood           18100 of     50000 realz       tot:  58.63 time/est:  58.62/ 161.93 min
radMC,radWood           18200 of     50000 realz       tot:  58.93 time/est:  58.92/ 161.88 min
radMC,radWood           18300 of     50000 realz       tot:  59.29 time/est:  59.28/ 161.96 min
radMC,radWood           18400 of     50000 realz       tot:  59.59 time/est:  59.58/ 161.90 min
radMC,radWood           18500 of     50000 realz       tot:  59.93 time/est:  59.92/ 161.95 min
radMC,radWood           18600 of     50000 realz       tot:  60.23 time/est:  60.22/ 161.89 min
radMC,radWood           18700 of     50000 realz       tot:  60.53 time/est:  60.52/ 161.83 min
radMC,radWood           18800 of     50000 realz       tot:  60.84 time/est:  60.83/ 161.77 min
radMC,radWood           18900 of     50000 realz       tot:  61.15 time/est:  61.14/ 161.74 min
radMC,radWood           19000 of     50000 realz       tot:  61.45 time/est:  61.44/ 161.68 min
radMC,radWood           19100 of     50000 realz       tot:  61.76 time/est:  61.75/ 161.66 min
radMC,radWood           19200 of     50000 realz       tot:  62.09 time/est:  62.09/ 161.68 min
radMC,radWood           19300 of     50000 realz       tot:  62.43 time/est:  62.42/ 161.71 min
radMC,radWood           19400 of     50000 realz       tot:  62.76 time/est:  62.75/ 161.73 min
radMC,radWood           19500 of     50000 realz       tot:  63.09 time/est:  63.08/ 161.75 min
radMC,radWood           19600 of     50000 realz       tot:  63.39 time/est:  63.38/ 161.67 min
radMC,radWood           19700 of     50000 realz       tot:  63.74 time/est:  63.73/ 161.75 min
radMC,radWood           19800 of     50000 realz       tot:  64.05 time/est:  64.04/ 161.71 min
radMC,radWood           19900 of     50000 realz       tot:  64.38 time/est:  64.37/ 161.73 min
radMC,radWood           20000 of     50000 realz       tot:  64.68 time/est:  64.67/ 161.68 min
radMC,radWood           20100 of     50000 realz       tot:  65.01 time/est:  65.00/ 161.68 min
radMC,radWood           20200 of     50000 realz       tot:  65.33 time/est:  65.32/ 161.68 min
radMC,radWood           20300 of     50000 realz       tot:  65.65 time/est:  65.64/ 161.67 min
radMC,radWood           20400 of     50000 realz       tot:  65.92 time/est:  65.91/ 161.53 min
radMC,radWood           20500 of     50000 realz       tot:  66.26 time/est:  66.25/ 161.59 min
radMC,radWood           20600 of     50000 realz       tot:  66.59 time/est:  66.58/ 161.60 min
radMC,radWood           20700 of     50000 realz       tot:  66.91 time/est:  66.90/ 161.59 min
radMC,radWood           20800 of     50000 realz       tot:  67.20 time/est:  67.19/ 161.51 min
radMC,radWood           20900 of     50000 realz       tot:  67.53 time/est:  67.52/ 161.52 min
radMC,radWood           21000 of     50000 realz       tot:  67.86 time/est:  67.85/ 161.55 min
radMC,radWood           21100 of     50000 realz       tot:  68.17 time/est:  68.16/ 161.52 min
radMC,radWood           21200 of     50000 realz       tot:  68.52 time/est:  68.51/ 161.59 min
radMC,radWood           21300 of     50000 realz       tot:  68.83 time/est:  68.82/ 161.56 min
radMC,radWood           21400 of     50000 realz       tot:  69.14 time/est:  69.13/ 161.52 min
radMC,radWood           21500 of     50000 realz       tot:  69.47 time/est:  69.46/ 161.53 min
radMC,radWood           21600 of     50000 realz       tot:  69.81 time/est:  69.80/ 161.58 min
radMC,radWood           21700 of     50000 realz       tot:  70.15 time/est:  70.14/ 161.60 min
radMC,radWood           21800 of     50000 realz       tot:  70.47 time/est:  70.46/ 161.60 min
radMC,radWood           21900 of     50000 realz       tot:  70.78 time/est:  70.77/ 161.57 min
radMC,radWood           22000 of     50000 realz       tot:  71.08 time/est:  71.07/ 161.52 min
radMC,radWood           22100 of     50000 realz       tot:  71.39 time/est:  71.38/ 161.50 min
radMC,radWood           22200 of     50000 realz       tot:  71.73 time/est:  71.72/ 161.54 min
radMC,radWood           22300 of     50000 realz       tot:  72.07 time/est:  72.06/ 161.57 min
radMC,radWood           22400 of     50000 realz       tot:  72.39 time/est:  72.38/ 161.57 min
radMC,radWood           22500 of     50000 realz       tot:  72.70 time/est:  72.69/ 161.53 min
radMC,radWood           22600 of     50000 realz       tot:  73.04 time/est:  73.02/ 161.56 min
radMC,radWood           22700 of     50000 realz       tot:  73.36 time/est:  73.35/ 161.57 min
radMC,radWood           22800 of     50000 realz       tot:  73.70 time/est:  73.69/ 161.61 min
radMC,radWood           22900 of     50000 realz       tot:  74.01 time/est:  74.00/ 161.57 min
radMC,radWood           23000 of     50000 realz       tot:  74.32 time/est:  74.31/ 161.55 min
radMC,radWood           23100 of     50000 realz       tot:  74.64 time/est:  74.63/ 161.54 min
radMC,radWood           23200 of     50000 realz       tot:  74.96 time/est:  74.95/ 161.52 min
radMC,radWood           23300 of     50000 realz       tot:  75.25 time/est:  75.24/ 161.46 min
radMC,radWood           23400 of     50000 realz       tot:  75.56 time/est:  75.55/ 161.43 min
radMC,radWood           23500 of     50000 realz       tot:  75.86 time/est:  75.85/ 161.38 min
radMC,radWood           23600 of     50000 realz       tot:  76.19 time/est:  76.18/ 161.40 min
radMC,radWood           23700 of     50000 realz       tot:  76.50 time/est:  76.49/ 161.36 min
radMC,radWood           23800 of     50000 realz       tot:  76.84 time/est:  76.82/ 161.39 min
radMC,radWood           23900 of     50000 realz       tot:  77.15 time/est:  77.13/ 161.37 min
radMC,radWood           24000 of     50000 realz       tot:  77.48 time/est:  77.47/ 161.39 min
radMC,radWood           24100 of     50000 realz       tot:  77.79 time/est:  77.78/ 161.37 min
radMC,radWood           24200 of     50000 realz       tot:  78.09 time/est:  78.08/ 161.33 min
radMC,radWood           24300 of     50000 realz       tot:  78.41 time/est:  78.40/ 161.31 min
radMC,radWood           24400 of     50000 realz       tot:  78.72 time/est:  78.71/ 161.29 min
radMC,radWood           24500 of     50000 realz       tot:  79.06 time/est:  79.04/ 161.32 min
radMC,radWood           24600 of     50000 realz       tot:  79.37 time/est:  79.36/ 161.29 min
radMC,radWood           24700 of     50000 realz       tot:  79.68 time/est:  79.67/ 161.28 min
radMC,radWood           24800 of     50000 realz       tot:  80.01 time/est:  80.00/ 161.29 min
radMC,radWood           24900 of     50000 realz       tot:  80.32 time/est:  80.31/ 161.26 min
radMC,radWood           25000 of     50000 realz       tot:  80.65 time/est:  80.64/ 161.28 min
radMC,radWood           25100 of     50000 realz       tot:  80.95 time/est:  80.94/ 161.23 min
radMC,radWood           25200 of     50000 realz       tot:  81.28 time/est:  81.27/ 161.25 min
radMC,radWood           25300 of     50000 realz       tot:  81.58 time/est:  81.56/ 161.19 min
radMC,radWood           25400 of     50000 realz       tot:  81.89 time/est:  81.88/ 161.19 min
radMC,radWood           25500 of     50000 realz       tot:  82.25 time/est:  82.23/ 161.24 min
radMC,radWood           25600 of     50000 realz       tot:  82.61 time/est:  82.60/ 161.32 min
radMC,radWood           25700 of     50000 realz       tot:  82.93 time/est:  82.92/ 161.33 min
radMC,radWood           25800 of     50000 realz       tot:  83.26 time/est:  83.25/ 161.34 min
radMC,radWood           25900 of     50000 realz       tot:  83.58 time/est:  83.57/ 161.34 min
radMC,radWood           26000 of     50000 realz       tot:  83.91 time/est:  83.90/ 161.34 min
radMC,radWood           26100 of     50000 realz       tot:  84.24 time/est:  84.22/ 161.35 min
radMC,radWood           26200 of     50000 realz       tot:  84.53 time/est:  84.52/ 161.29 min
radMC,radWood           26300 of     50000 realz       tot:  84.84 time/est:  84.83/ 161.28 min
radMC,radWood           26400 of     50000 realz       tot:  85.17 time/est:  85.16/ 161.28 min
radMC,radWood           26500 of     50000 realz       tot:  85.49 time/est:  85.47/ 161.27 min
radMC,radWood           26600 of     50000 realz       tot:  85.80 time/est:  85.78/ 161.25 min
radMC,radWood           26700 of     50000 realz       tot:  86.11 time/est:  86.10/ 161.24 min
radMC,radWood           26800 of     50000 realz       tot:  86.42 time/est:  86.41/ 161.20 min
radMC,radWood           26900 of     50000 realz       tot:  86.72 time/est:  86.71/ 161.17 min
radMC,radWood           27000 of     50000 realz       tot:  87.05 time/est:  87.04/ 161.18 min
radMC,radWood           27100 of     50000 realz       tot:  87.36 time/est:  87.35/ 161.15 min
radMC,radWood           27200 of     50000 realz       tot:  87.68 time/est:  87.67/ 161.16 min
radMC,radWood           27300 of     50000 realz       tot:  88.02 time/est:  88.01/ 161.18 min
radMC,radWood           27400 of     50000 realz       tot:  88.33 time/est:  88.32/ 161.16 min
radMC,radWood           27500 of     50000 realz       tot:  88.64 time/est:  88.63/ 161.14 min
radMC,radWood           27600 of     50000 realz       tot:  88.98 time/est:  88.97/ 161.17 min
radMC,radWood           27700 of     50000 realz       tot:  89.29 time/est:  89.28/ 161.15 min
radMC,radWood           27800 of     50000 realz       tot:  89.62 time/est:  89.61/ 161.16 min
radMC,radWood           27900 of     50000 realz       tot:  89.93 time/est:  89.92/ 161.14 min
radMC,radWood           28000 of     50000 realz       tot:  90.27 time/est:  90.25/ 161.17 min
radMC,radWood           28100 of     50000 realz       tot:  90.60 time/est:  90.58/ 161.18 min
radMC,radWood           28200 of     50000 realz       tot:  90.94 time/est:  90.93/ 161.22 min
radMC,radWood           28300 of     50000 realz       tot:  91.29 time/est:  91.27/ 161.26 min
radMC,radWood           28400 of     50000 realz       tot:  91.59 time/est:  91.57/ 161.22 min
radMC,radWood           28500 of     50000 realz       tot:  91.91 time/est:  91.90/ 161.23 min
radMC,radWood           28600 of     50000 realz       tot:  92.24 time/est:  92.23/ 161.24 min
radMC,radWood           28700 of     50000 realz       tot:  92.59 time/est:  92.57/ 161.28 min
radMC,radWood           28800 of     50000 realz       tot:  92.93 time/est:  92.92/ 161.31 min
radMC,radWood           28900 of     50000 realz       tot:  93.26 time/est:  93.25/ 161.33 min
radMC,radWood           29000 of     50000 realz       tot:  93.55 time/est:  93.54/ 161.27 min
radMC,radWood           29100 of     50000 realz       tot:  93.88 time/est:  93.87/ 161.29 min
radMC,radWood           29200 of     50000 realz       tot:  94.21 time/est:  94.19/ 161.29 min
radMC,radWood           29300 of     50000 realz       tot:  94.52 time/est:  94.50/ 161.27 min
radMC,radWood           29400 of     50000 realz       tot:  94.83 time/est:  94.82/ 161.26 min
radMC,radWood           29500 of     50000 realz       tot:  95.15 time/est:  95.13/ 161.24 min
radMC,radWood           29600 of     50000 realz       tot:  95.48 time/est:  95.46/ 161.25 min
radMC,radWood           29700 of     50000 realz       tot:  95.80 time/est:  95.79/ 161.26 min
radMC,radWood           29800 of     50000 realz       tot:  96.17 time/est:  96.15/ 161.33 min
radMC,radWood           29900 of     50000 realz       tot:  96.56 time/est:  96.54/ 161.44 min
radMC,radWood           30000 of     50000 realz       tot:  96.88 time/est:  96.87/ 161.45 min
radMC,radWood           30100 of     50000 realz       tot:  97.25 time/est:  97.23/ 161.52 min
radMC,radWood           30200 of     50000 realz       tot:  97.57 time/est:  97.55/ 161.51 min
radMC,radWood           30300 of     50000 realz       tot:  97.92 time/est:  97.90/ 161.55 min
radMC,radWood           30400 of     50000 realz       tot:  98.24 time/est:  98.22/ 161.55 min
radMC,radWood           30500 of     50000 realz       tot:  98.55 time/est:  98.53/ 161.53 min
radMC,radWood           30600 of     50000 realz       tot:  98.87 time/est:  98.85/ 161.52 min
radMC,radWood           30700 of     50000 realz       tot:  99.15 time/est:  99.14/ 161.46 min
radMC,radWood           30800 of     50000 realz       tot:  99.50 time/est:  99.48/ 161.50 min
radMC,radWood           30900 of     50000 realz       tot:  99.79 time/est:  99.78/ 161.45 min
radMC,radWood           31000 of     50000 realz       tot: 100.11 time/est: 100.10/ 161.44 min
radMC,radWood           31100 of     50000 realz       tot: 100.43 time/est: 100.41/ 161.43 min
radMC,radWood           31200 of     50000 realz       tot: 100.72 time/est: 100.71/ 161.39 min
radMC,radWood           31300 of     50000 realz       tot: 101.04 time/est: 101.03/ 161.39 min
radMC,radWood           31400 of     50000 realz       tot: 101.36 time/est: 101.35/ 161.38 min
radMC,radWood           31500 of     50000 realz       tot: 101.63 time/est: 101.62/ 161.30 min
radMC,radWood           31600 of     50000 realz       tot: 101.96 time/est: 101.95/ 161.31 min
radMC,radWood           31700 of     50000 realz       tot: 102.27 time/est: 102.26/ 161.29 min
radMC,radWood           31800 of     50000 realz       tot: 102.58 time/est: 102.57/ 161.27 min
radMC,radWood           31900 of     50000 realz       tot: 102.90 time/est: 102.89/ 161.27 min
radMC,radWood           32000 of     50000 realz       tot: 103.23 time/est: 103.22/ 161.28 min
radMC,radWood           32100 of     50000 realz       tot: 103.52 time/est: 103.50/ 161.22 min
radMC,radWood           32200 of     50000 realz       tot: 103.84 time/est: 103.83/ 161.22 min
radMC,radWood           32300 of     50000 realz       tot: 104.18 time/est: 104.17/ 161.25 min
radMC,radWood           32400 of     50000 realz       tot: 104.49 time/est: 104.48/ 161.24 min
radMC,radWood           32500 of     50000 realz       tot: 104.83 time/est: 104.82/ 161.25 min
radMC,radWood           32600 of     50000 realz       tot: 105.17 time/est: 105.15/ 161.27 min
radMC,radWood           32700 of     50000 realz       tot: 105.46 time/est: 105.44/ 161.23 min
radMC,radWood           32800 of     50000 realz       tot: 105.78 time/est: 105.77/ 161.23 min
radMC,radWood           32900 of     50000 realz       tot: 106.09 time/est: 106.08/ 161.21 min
radMC,radWood           33000 of     50000 realz       tot: 106.40 time/est: 106.39/ 161.20 min
radMC,radWood           33100 of     50000 realz       tot: 106.73 time/est: 106.72/ 161.20 min
radMC,radWood           33200 of     50000 realz       tot: 107.06 time/est: 107.05/ 161.22 min
radMC,radWood           33300 of     50000 realz       tot: 107.38 time/est: 107.37/ 161.21 min
radMC,radWood           33400 of     50000 realz       tot: 107.72 time/est: 107.71/ 161.24 min
radMC,radWood           33500 of     50000 realz       tot: 108.08 time/est: 108.07/ 161.29 min
radMC,radWood           33600 of     50000 realz       tot: 108.35 time/est: 108.34/ 161.21 min
radMC,radWood           33700 of     50000 realz       tot: 108.66 time/est: 108.65/ 161.20 min
radMC,radWood           33800 of     50000 realz       tot: 108.97 time/est: 108.96/ 161.18 min
radMC,radWood           33900 of     50000 realz       tot: 109.28 time/est: 109.27/ 161.16 min
radMC,radWood           34000 of     50000 realz       tot: 109.64 time/est: 109.63/ 161.22 min
radMC,radWood           34100 of     50000 realz       tot: 109.97 time/est: 109.96/ 161.23 min
radMC,radWood           34200 of     50000 realz       tot: 110.33 time/est: 110.32/ 161.28 min
radMC,radWood           34300 of     50000 realz       tot: 110.65 time/est: 110.64/ 161.28 min
radMC,radWood           34400 of     50000 realz       tot: 110.98 time/est: 110.96/ 161.29 min
radMC,radWood           34500 of     50000 realz       tot: 111.30 time/est: 111.29/ 161.29 min
radMC,radWood           34600 of     50000 realz       tot: 111.62 time/est: 111.60/ 161.27 min
radMC,radWood           34700 of     50000 realz       tot: 111.95 time/est: 111.94/ 161.30 min
radMC,radWood           34800 of     50000 realz       tot: 112.25 time/est: 112.24/ 161.26 min
radMC,radWood           34900 of     50000 realz       tot: 112.58 time/est: 112.56/ 161.26 min
radMC,radWood           35000 of     50000 realz       tot: 112.91 time/est: 112.90/ 161.28 min
radMC,radWood           35100 of     50000 realz       tot: 113.25 time/est: 113.23/ 161.30 min
radMC,radWood           35200 of     50000 realz       tot: 113.60 time/est: 113.58/ 161.34 min
radMC,radWood           35300 of     50000 realz       tot: 113.89 time/est: 113.88/ 161.30 min
radMC,radWood           35400 of     50000 realz       tot: 114.22 time/est: 114.20/ 161.31 min
radMC,radWood           35500 of     50000 realz       tot: 114.55 time/est: 114.54/ 161.32 min
radMC,radWood           35600 of     50000 realz       tot: 114.89 time/est: 114.87/ 161.34 min
radMC,radWood           35700 of     50000 realz       tot: 115.21 time/est: 115.20/ 161.34 min
radMC,radWood           35800 of     50000 realz       tot: 115.54 time/est: 115.52/ 161.34 min
radMC,radWood           35900 of     50000 realz       tot: 115.87 time/est: 115.86/ 161.36 min
radMC,radWood           36000 of     50000 realz       tot: 116.21 time/est: 116.19/ 161.38 min
radMC,radWood           36100 of     50000 realz       tot: 116.55 time/est: 116.54/ 161.41 min
radMC,radWood           36200 of     50000 realz       tot: 116.87 time/est: 116.85/ 161.40 min
radMC,radWood           36300 of     50000 realz       tot: 117.22 time/est: 117.20/ 161.44 min
radMC,radWood           36400 of     50000 realz       tot: 117.56 time/est: 117.55/ 161.47 min
radMC,radWood           36500 of     50000 realz       tot: 117.93 time/est: 117.92/ 161.53 min
radMC,radWood           36600 of     50000 realz       tot: 118.27 time/est: 118.26/ 161.55 min
radMC,radWood           36700 of     50000 realz       tot: 118.60 time/est: 118.58/ 161.56 min
radMC,radWood           36800 of     50000 realz       tot: 118.95 time/est: 118.93/ 161.59 min
radMC,radWood           36900 of     50000 realz       tot: 119.25 time/est: 119.24/ 161.57 min
radMC,radWood           37000 of     50000 realz       tot: 119.57 time/est: 119.55/ 161.56 min
radMC,radWood           37100 of     50000 realz       tot: 119.93 time/est: 119.91/ 161.60 min
radMC,radWood           37200 of     50000 realz       tot: 120.28 time/est: 120.26/ 161.64 min
radMC,radWood           37300 of     50000 realz       tot: 120.59 time/est: 120.57/ 161.62 min
radMC,radWood           37400 of     50000 realz       tot: 120.92 time/est: 120.90/ 161.63 min
radMC,radWood           37500 of     50000 realz       tot: 121.23 time/est: 121.22/ 161.62 min
radMC,radWood           37600 of     50000 realz       tot: 121.54 time/est: 121.53/ 161.60 min
radMC,radWood           37700 of     50000 realz       tot: 121.89 time/est: 121.87/ 161.63 min
radMC,radWood           37800 of     50000 realz       tot: 122.22 time/est: 122.21/ 161.65 min
radMC,radWood           37900 of     50000 realz       tot: 122.54 time/est: 122.53/ 161.65 min
radMC,radWood           38000 of     50000 realz       tot: 122.84 time/est: 122.82/ 161.61 min
radMC,radWood           38100 of     50000 realz       tot: 123.15 time/est: 123.13/ 161.59 min
radMC,radWood           38200 of     50000 realz       tot: 123.49 time/est: 123.47/ 161.61 min
radMC,radWood           38300 of     50000 realz       tot: 123.78 time/est: 123.77/ 161.57 min
radMC,radWood           38400 of     50000 realz       tot: 124.12 time/est: 124.10/ 161.59 min
radMC,radWood           38500 of     50000 realz       tot: 124.49 time/est: 124.47/ 161.65 min
radMC,radWood           38600 of     50000 realz       tot: 124.80 time/est: 124.79/ 161.64 min
radMC,radWood           38700 of     50000 realz       tot: 125.11 time/est: 125.09/ 161.61 min
radMC,radWood           38800 of     50000 realz       tot: 125.42 time/est: 125.40/ 161.60 min
radMC,radWood           38900 of     50000 realz       tot: 125.76 time/est: 125.74/ 161.62 min
radMC,radWood           39000 of     50000 realz       tot: 126.12 time/est: 126.10/ 161.67 min
radMC,radWood           39100 of     50000 realz       tot: 126.43 time/est: 126.41/ 161.65 min
radMC,radWood           39200 of     50000 realz       tot: 126.73 time/est: 126.71/ 161.62 min
radMC,radWood           39300 of     50000 realz       tot: 127.05 time/est: 127.03/ 161.62 min
radMC,radWood           39400 of     50000 realz       tot: 127.34 time/est: 127.32/ 161.57 min
radMC,radWood           39500 of     50000 realz       tot: 127.66 time/est: 127.64/ 161.57 min
radMC,radWood           39600 of     50000 realz       tot: 127.99 time/est: 127.98/ 161.59 min
radMC,radWood           39700 of     50000 realz       tot: 128.30 time/est: 128.28/ 161.57 min
radMC,radWood           39800 of     50000 realz       tot: 128.60 time/est: 128.58/ 161.54 min
radMC,radWood           39900 of     50000 realz       tot: 128.91 time/est: 128.89/ 161.52 min
radMC,radWood           40000 of     50000 realz       tot: 129.24 time/est: 129.22/ 161.53 min
radMC,radWood           40100 of     50000 realz       tot: 129.55 time/est: 129.53/ 161.51 min
radMC,radWood           40200 of     50000 realz       tot: 129.92 time/est: 129.91/ 161.57 min
radMC,radWood           40300 of     50000 realz       tot: 130.25 time/est: 130.23/ 161.57 min
radMC,radWood           40400 of     50000 realz       tot: 130.58 time/est: 130.56/ 161.58 min
radMC,radWood           40500 of     50000 realz       tot: 130.87 time/est: 130.86/ 161.55 min
radMC,radWood           40600 of     50000 realz       tot: 131.19 time/est: 131.17/ 161.54 min
radMC,radWood           40700 of     50000 realz       tot: 131.55 time/est: 131.53/ 161.59 min
radMC,radWood           40800 of     50000 realz       tot: 131.90 time/est: 131.88/ 161.61 min
radMC,radWood           40900 of     50000 realz       tot: 132.24 time/est: 132.22/ 161.64 min
radMC,radWood           41000 of     50000 realz       tot: 132.55 time/est: 132.53/ 161.63 min
radMC,radWood           41100 of     50000 realz       tot: 132.89 time/est: 132.87/ 161.64 min
radMC,radWood           41200 of     50000 realz       tot: 133.23 time/est: 133.21/ 161.67 min
radMC,radWood           41300 of     50000 realz       tot: 133.58 time/est: 133.56/ 161.69 min
radMC,radWood           41400 of     50000 realz       tot: 133.88 time/est: 133.86/ 161.67 min
radMC,radWood           41500 of     50000 realz       tot: 134.22 time/est: 134.20/ 161.69 min
radMC,radWood           41600 of     50000 realz       tot: 134.52 time/est: 134.51/ 161.67 min
radMC,radWood           41700 of     50000 realz       tot: 134.87 time/est: 134.85/ 161.69 min
radMC,radWood           41800 of     50000 realz       tot: 135.20 time/est: 135.18/ 161.70 min
radMC,radWood           41900 of     50000 realz       tot: 135.54 time/est: 135.52/ 161.72 min
radMC,radWood           42000 of     50000 realz       tot: 135.87 time/est: 135.85/ 161.72 min
radMC,radWood           42100 of     50000 realz       tot: 136.22 time/est: 136.20/ 161.76 min
radMC,radWood           42200 of     50000 realz       tot: 136.54 time/est: 136.52/ 161.75 min
radMC,radWood           42300 of     50000 realz       tot: 136.85 time/est: 136.83/ 161.74 min
radMC,radWood           42400 of     50000 realz       tot: 137.16 time/est: 137.14/ 161.73 min
radMC,radWood           42500 of     50000 realz       tot: 137.48 time/est: 137.46/ 161.72 min
radMC,radWood           42600 of     50000 realz       tot: 137.83 time/est: 137.81/ 161.75 min
radMC,radWood           42700 of     50000 realz       tot: 138.20 time/est: 138.18/ 161.80 min
radMC,radWood           42800 of     50000 realz       tot: 138.50 time/est: 138.48/ 161.77 min
radMC,radWood           42900 of     50000 realz       tot: 138.82 time/est: 138.80/ 161.77 min
radMC,radWood           43000 of     50000 realz       tot: 139.15 time/est: 139.13/ 161.78 min
radMC,radWood           43100 of     50000 realz       tot: 139.50 time/est: 139.48/ 161.81 min
radMC,radWood           43200 of     50000 realz       tot: 139.83 time/est: 139.81/ 161.82 min
radMC,radWood           43300 of     50000 realz       tot: 140.14 time/est: 140.12/ 161.80 min
radMC,radWood           43400 of     50000 realz       tot: 140.45 time/est: 140.43/ 161.79 min
radMC,radWood           43500 of     50000 realz       tot: 140.77 time/est: 140.75/ 161.78 min
radMC,radWood           43600 of     50000 realz       tot: 141.09 time/est: 141.08/ 161.78 min
radMC,radWood           43700 of     50000 realz       tot: 141.40 time/est: 141.38/ 161.76 min
radMC,radWood           43800 of     50000 realz       tot: 141.71 time/est: 141.70/ 161.75 min
radMC,radWood           43900 of     50000 realz       tot: 142.07 time/est: 142.05/ 161.79 min
radMC,radWood           44000 of     50000 realz       tot: 142.37 time/est: 142.36/ 161.77 min
radMC,radWood           44100 of     50000 realz       tot: 142.70 time/est: 142.68/ 161.77 min
radMC,radWood           44200 of     50000 realz       tot: 143.04 time/est: 143.02/ 161.79 min
radMC,radWood           44300 of     50000 realz       tot: 143.37 time/est: 143.35/ 161.80 min
radMC,radWood           44400 of     50000 realz       tot: 143.69 time/est: 143.67/ 161.79 min
radMC,radWood           44500 of     50000 realz       tot: 144.03 time/est: 144.01/ 161.81 min
radMC,radWood           44600 of     50000 realz       tot: 144.34 time/est: 144.32/ 161.80 min
radMC,radWood           44700 of     50000 realz       tot: 144.66 time/est: 144.64/ 161.80 min
radMC,radWood           44800 of     50000 realz       tot: 144.98 time/est: 144.96/ 161.78 min
radMC,radWood           44900 of     50000 realz       tot: 145.29 time/est: 145.27/ 161.77 min
radMC,radWood           45000 of     50000 realz       tot: 145.59 time/est: 145.57/ 161.75 min
radMC,radWood           45100 of     50000 realz       tot: 145.91 time/est: 145.89/ 161.74 min
radMC,radWood           45200 of     50000 realz       tot: 146.25 time/est: 146.23/ 161.76 min
radMC,radWood           45300 of     50000 realz       tot: 146.55 time/est: 146.53/ 161.73 min
radMC,radWood           45400 of     50000 realz       tot: 146.91 time/est: 146.89/ 161.78 min
radMC,radWood           45500 of     50000 realz       tot: 147.27 time/est: 147.26/ 161.82 min
radMC,radWood           45600 of     50000 realz       tot: 147.61 time/est: 147.59/ 161.83 min
radMC,radWood           45700 of     50000 realz       tot: 147.90 time/est: 147.88/ 161.79 min
radMC,radWood           45800 of     50000 realz       tot: 148.19 time/est: 148.17/ 161.76 min
radMC,radWood           45900 of     50000 realz       tot: 148.52 time/est: 148.50/ 161.76 min
radMC,radWood           46000 of     50000 realz       tot: 148.84 time/est: 148.82/ 161.76 min
radMC,radWood           46100 of     50000 realz       tot: 149.18 time/est: 149.17/ 161.78 min
radMC,radWood           46200 of     50000 realz       tot: 149.54 time/est: 149.52/ 161.82 min
radMC,radWood           46300 of     50000 realz       tot: 149.85 time/est: 149.83/ 161.81 min
radMC,radWood           46400 of     50000 realz       tot: 150.19 time/est: 150.17/ 161.83 min
radMC,radWood           46500 of     50000 realz       tot: 150.51 time/est: 150.49/ 161.81 min
radMC,radWood           46600 of     50000 realz       tot: 150.85 time/est: 150.83/ 161.84 min
radMC,radWood           46700 of     50000 realz       tot: 151.23 time/est: 151.21/ 161.89 min
radMC,radWood           46800 of     50000 realz       tot: 151.55 time/est: 151.53/ 161.89 min
radMC,radWood           46900 of     50000 realz       tot: 151.90 time/est: 151.88/ 161.92 min
radMC,radWood           47000 of     50000 realz       tot: 152.24 time/est: 152.22/ 161.94 min
radMC,radWood           47100 of     50000 realz       tot: 152.59 time/est: 152.57/ 161.96 min
radMC,radWood           47200 of     50000 realz       tot: 152.90 time/est: 152.88/ 161.95 min
radMC,radWood           47300 of     50000 realz       tot: 153.23 time/est: 153.21/ 161.96 min
radMC,radWood           47400 of     50000 realz       tot: 153.53 time/est: 153.51/ 161.93 min
radMC,radWood           47500 of     50000 realz       tot: 153.81 time/est: 153.79/ 161.89 min
radMC,radWood           47600 of     50000 realz       tot: 154.11 time/est: 154.09/ 161.86 min
radMC,radWood           47700 of     50000 realz       tot: 154.44 time/est: 154.42/ 161.87 min
radMC,radWood           47800 of     50000 realz       tot: 154.76 time/est: 154.74/ 161.87 min
radMC,radWood           47900 of     50000 realz       tot: 155.13 time/est: 155.11/ 161.91 min
radMC,radWood           48000 of     50000 realz       tot: 155.44 time/est: 155.42/ 161.90 min
radMC,radWood           48100 of     50000 realz       tot: 155.81 time/est: 155.79/ 161.94 min
radMC,radWood           48200 of     50000 realz       tot: 156.14 time/est: 156.12/ 161.95 min
radMC,radWood           48300 of     50000 realz       tot: 156.49 time/est: 156.47/ 161.98 min
radMC,radWood           48400 of     50000 realz       tot: 156.80 time/est: 156.78/ 161.96 min
radMC,radWood           48500 of     50000 realz       tot: 157.18 time/est: 157.16/ 162.02 min
radMC,radWood           48600 of     50000 realz       tot: 157.52 time/est: 157.50/ 162.03 min
radMC,radWood           48700 of     50000 realz       tot: 157.87 time/est: 157.85/ 162.06 min
radMC,radWood           48800 of     50000 realz       tot: 158.21 time/est: 158.19/ 162.08 min
radMC,radWood           48900 of     50000 realz       tot: 158.54 time/est: 158.52/ 162.09 min
radMC,radWood           49000 of     50000 realz       tot: 158.89 time/est: 158.87/ 162.12 min
radMC,radWood           49100 of     50000 realz       tot: 159.21 time/est: 159.19/ 162.11 min
radMC,radWood           49200 of     50000 realz       tot: 159.57 time/est: 159.55/ 162.15 min
radMC,radWood           49300 of     50000 realz       tot: 159.90 time/est: 159.88/ 162.15 min
radMC,radWood           49400 of     50000 realz       tot: 160.26 time/est: 160.24/ 162.19 min
radMC,radWood           49500 of     50000 realz       tot: 160.61 time/est: 160.58/ 162.21 min
radMC,radWood           49600 of     50000 realz       tot: 160.97 time/est: 160.95/ 162.24 min
radMC,radWood           49700 of     50000 realz       tot: 161.30 time/est: 161.28/ 162.26 min
radMC,radWood           49800 of     50000 realz       tot: 161.62 time/est: 161.60/ 162.25 min
radMC,radWood           49900 of     50000 realz       tot: 161.97 time/est: 161.95/ 162.27 min
radMC,radWood           50000 of     50000 realz       tot: 162.26 time/est: 162.24/ 162.24 min

Start mat1:   0.4985+-  0.0022   mat2:   0.5015+-  0.0022
      P(1):   0.5000             P(2):   0.5000

Path  mat1:   3.3612+-  0.0103   mat2:   3.3529+-  0.0103
    lam(1):   5.0500           lam(2):   5.0500

  Values loaded for special Adamscase :  9.3
    sig(1)    :  0.019802   sig(2)    :  1.980198
    scatrat(1):  0.90       scatrat(2):  0.90
    lam(1)    :  5.05       lam(2)    :  5.05
    s         : 10.00       lamc      :  2.52


 --- Transport: radtrans ---
                         mean           stdev         relerr   
reflection        :    0.44519 +-     0.09278 +-   0.2084166
transmission      :    0.10446 +-     0.22999 +-   2.2015759
absorption        :    0.45035
 interactions     :  100.0 % accept  -0.85 ac/p     0.00 rj/p
 Radtrans results written over (texts/transout_results.txt)

 --- Transport: radWood ---
                         mean           stdev         relerr   
radWood reflec    :    0.44518 +-     0.09278 +-   0.2084001
radWood transmit  :    0.10446 +-     0.22999 +-   2.2016195
radWood absorb    :    0.45036 +-     0.14058 +-   0.3121616
 interactions     :   75.3 % accept  -0.10 ac/p    -0.03 rj/p


  total runtime:    162.26 min
    genRealz   :      0.01 min     per:  0.00 %
    radMC      :     34.93 min     per: 21.53 %
    radWood    :    127.30 min     per: 78.46 %
    other      :      0.02 min     per:  0.01 %
