   
 Starting method: radMC  
 bin bounds:    0.0000000000000000       0.16666666666666666     
 min/maxpos:    0.0000000000000000       0.10451795654692886     
 flcontribtype chosen: both   
 before fluxall(:,j):   0.0000000000000000        0.0000000000000000        0.0000000000000000        0.0000000000000000        0.0000000000000000        0.0000000000000000     
 contribute/absmu:   0.16346557106091000       0.63938819574418959     
 before fluxall(:,j):  0.16346557106091000        0.0000000000000000        0.0000000000000000        0.0000000000000000        0.0000000000000000        0.0000000000000000     
 bin bounds:    0.0000000000000000       0.16666666666666666     
 min/maxpos:   0.10451795654692886       0.52687396506301720     
 flcontribtype chosen: first  
 before fluxall(:,j):  0.16346557106091000        0.0000000000000000        0.0000000000000000        0.0000000000000000        0.0000000000000000        0.0000000000000000     
 contribute/absmu:    9.7200277598810475E-002  0.63938819574418959     
 before fluxall(:,j):  0.26066584865972048        0.0000000000000000        0.0000000000000000        0.0000000000000000        0.0000000000000000        0.0000000000000000     
 bin bounds:   0.16666666666666666       0.33333333333333331     
 min/maxpos:   0.10451795654692886       0.52687396506301720     
 flcontribtype chosen: neither
 before fluxall(:,j):  0.26066584865972048        0.0000000000000000        0.0000000000000000        0.0000000000000000        0.0000000000000000        0.0000000000000000     
 contribute/absmu:   0.26066584865972048       0.63938819574418959     
 before fluxall(:,j):  0.26066584865972048       0.26066584865972048        0.0000000000000000        0.0000000000000000        0.0000000000000000        0.0000000000000000     
 bin bounds:   0.33333333333333331       0.50000000000000000     
 min/maxpos:   0.10451795654692886       0.52687396506301720     
 flcontribtype chosen: neither
 before fluxall(:,j):  0.26066584865972048       0.26066584865972048        0.0000000000000000        0.0000000000000000        0.0000000000000000        0.0000000000000000     
 contribute/absmu:   0.26066584865972048       0.63938819574418959     
 before fluxall(:,j):  0.26066584865972048       0.26066584865972048       0.26066584865972048        0.0000000000000000        0.0000000000000000        0.0000000000000000     
 bin bounds:   0.50000000000000000       0.66666666666666663     
 min/maxpos:   0.10451795654692886       0.52687396506301720     
 flcontribtype chosen: last   
 before fluxall(:,j):  0.26066584865972048       0.26066584865972048       0.26066584865972048        0.0000000000000000        0.0000000000000000        0.0000000000000000     
 contribute/absmu:    4.2030749460018349E-002  0.63938819574418959     
 before fluxall(:,j):  0.26066584865972048       0.26066584865972048       0.26066584865972048        4.2030749460018349E-002   0.0000000000000000        0.0000000000000000     
 bin bounds:   0.50000000000000000       0.66666666666666663     
 min/maxpos:   0.52687396506301720       0.74479668162942336     
 flcontribtype chosen: first  
 before fluxall(:,j):  0.26066584865972048       0.26066584865972048       0.26066584865972048        4.2030749460018349E-002   0.0000000000000000        0.0000000000000000     
 contribute/absmu:   0.21863509919970209       0.63938819574418959     
 before fluxall(:,j):  0.26066584865972048       0.26066584865972048       0.26066584865972048       0.26066584865972042        0.0000000000000000        0.0000000000000000     
 bin bounds:   0.66666666666666663       0.83333333333333326     
 min/maxpos:   0.52687396506301720       0.74479668162942336     
 flcontribtype chosen: last   
 before fluxall(:,j):  0.26066584865972048       0.26066584865972048       0.26066584865972048       0.26066584865972042        0.0000000000000000        0.0000000000000000     
 contribute/absmu:   0.12219495993638187       0.63938819574418959     
 before fluxall(:,j):  0.26066584865972048       0.26066584865972048       0.26066584865972048       0.26066584865972042       0.12219495993638187        0.0000000000000000     
 bin bounds:    0.0000000000000000       0.16666666666666666     
 min/maxpos:    0.0000000000000000       0.10451795654692886     
 flcontribtype chosen: both   
 before fluxall(:,j):  0.26066584865972048       0.26066584865972048       0.26066584865972048       0.26066584865972042       0.12219495993638187        0.0000000000000000     
 contribute/absmu:   0.15648514097630456       0.66790978296626435     
 before fluxall(:,j):  0.41715098963602504       0.26066584865972048       0.26066584865972048       0.26066584865972042       0.12219495993638187        0.0000000000000000     
 bin bounds:    0.0000000000000000       0.16666666666666666     
 min/maxpos:   0.10451795654692886       0.52687396506301720     
 flcontribtype chosen: first  
 before fluxall(:,j):  0.41715098963602504       0.26066584865972048       0.26066584865972048       0.26066584865972042       0.12219495993638187        0.0000000000000000     
 contribute/absmu:    9.3049558046190334E-002  0.66790978296626435     
 before fluxall(:,j):  0.51020054768221534       0.26066584865972048       0.26066584865972048       0.26066584865972042       0.12219495993638187        0.0000000000000000     
 bin bounds:   0.16666666666666666       0.33333333333333331     
 min/maxpos:   0.10451795654692886       0.52687396506301720     
 flcontribtype chosen: neither
 before fluxall(:,j):  0.51020054768221534       0.26066584865972048       0.26066584865972048       0.26066584865972042       0.12219495993638187        0.0000000000000000     
 contribute/absmu:   0.24953469902249489       0.66790978296626435     
 before fluxall(:,j):  0.51020054768221534       0.51020054768221534       0.26066584865972048       0.26066584865972042       0.12219495993638187        0.0000000000000000     
 bin bounds:   0.33333333333333331       0.50000000000000000     
 min/maxpos:   0.10451795654692886       0.52687396506301720     
 flcontribtype chosen: neither
 before fluxall(:,j):  0.51020054768221534       0.51020054768221534       0.26066584865972048       0.26066584865972042       0.12219495993638187        0.0000000000000000     
 contribute/absmu:   0.24953469902249489       0.66790978296626435     
 before fluxall(:,j):  0.51020054768221534       0.51020054768221534       0.51020054768221534       0.26066584865972042       0.12219495993638187        0.0000000000000000     
 bin bounds:   0.50000000000000000       0.66666666666666663     
 min/maxpos:   0.10451795654692886       0.52687396506301720     
 flcontribtype chosen: last   
 before fluxall(:,j):  0.51020054768221534       0.51020054768221534       0.51020054768221534       0.26066584865972042       0.12219495993638187        0.0000000000000000     
 contribute/absmu:    4.0235920701246243E-002  0.66790978296626435     
 before fluxall(:,j):  0.51020054768221534       0.51020054768221534       0.51020054768221534       0.30090176936096669       0.12219495993638187        0.0000000000000000     
 bin bounds:   0.50000000000000000       0.66666666666666663     
 min/maxpos:   0.52687396506301720        1.0000000000000000     
 flcontribtype chosen: first  
 before fluxall(:,j):  0.51020054768221534       0.51020054768221534       0.51020054768221534       0.30090176936096669       0.12219495993638187        0.0000000000000000     
 contribute/absmu:   0.20929877832124860       0.66790978296626435     
 before fluxall(:,j):  0.51020054768221534       0.51020054768221534       0.51020054768221534       0.51020054768221534       0.12219495993638187        0.0000000000000000     
 bin bounds:   0.66666666666666663       0.83333333333333326     
 min/maxpos:   0.52687396506301720        1.0000000000000000     
 flcontribtype chosen: neither
 before fluxall(:,j):  0.51020054768221534       0.51020054768221534       0.51020054768221534       0.51020054768221534       0.12219495993638187        0.0000000000000000     
 contribute/absmu:   0.24953469902249489       0.66790978296626435     
 before fluxall(:,j):  0.51020054768221534       0.51020054768221534       0.51020054768221534       0.51020054768221534       0.37172965895887677        0.0000000000000000     
 bin bounds:   0.83333333333333326        1.0000000000000000     
 min/maxpos:   0.52687396506301720        1.0000000000000000     
 flcontribtype chosen: last   
 before fluxall(:,j):  0.51020054768221534       0.51020054768221534       0.51020054768221534       0.51020054768221534       0.37172965895887677        0.0000000000000000     
 contribute/absmu:   0.24953469902249500       0.66790978296626435     
 before fluxall(:,j):  0.51020054768221534       0.51020054768221534       0.51020054768221534       0.51020054768221534       0.37172965895887677       0.24953469902249500     
 bin bounds:    0.0000000000000000       0.16666666666666666     
 min/maxpos:    0.0000000000000000       0.10451795654692886     
 flcontribtype chosen: both   
 before fluxall(:,j):  0.51020054768221534       0.51020054768221534       0.51020054768221534       0.51020054768221534       0.37172965895887677       0.24953469902249500     
 contribute/absmu:   0.10649035689267111       0.98147813188634359     
 before fluxall(:,j):  0.61669090457488651       0.51020054768221534       0.51020054768221534       0.51020054768221534       0.37172965895887677       0.24953469902249500     
 bin bounds:    0.0000000000000000       0.16666666666666666     
 min/maxpos:   0.10451795654692886       0.52687396506301720     
 flcontribtype chosen: first  
 before fluxall(:,j):  0.61669090457488651       0.51020054768221534       0.51020054768221534       0.51020054768221534       0.37172965895887677       0.24953469902249500     
 contribute/absmu:    6.3321543395257932E-002  0.98147813188634359     
 before fluxall(:,j):  0.68001244797014448       0.51020054768221534       0.51020054768221534       0.51020054768221534       0.37172965895887677       0.24953469902249500     
 bin bounds:   0.16666666666666666       0.33333333333333331     
 min/maxpos:   0.10451795654692886       0.52687396506301720     
 flcontribtype chosen: neither
 before fluxall(:,j):  0.68001244797014448       0.51020054768221534       0.51020054768221534       0.51020054768221534       0.37172965895887677       0.24953469902249500     
 contribute/absmu:   0.16981190028792906       0.98147813188634359     
 before fluxall(:,j):  0.68001244797014448       0.68001244797014437       0.51020054768221534       0.51020054768221534       0.37172965895887677       0.24953469902249500     
 bin bounds:   0.33333333333333331       0.50000000000000000     
 min/maxpos:   0.10451795654692886       0.52687396506301720     
 flcontribtype chosen: neither
 before fluxall(:,j):  0.68001244797014448       0.68001244797014437       0.51020054768221534       0.51020054768221534       0.37172965895887677       0.24953469902249500     
 contribute/absmu:   0.16981190028792906       0.98147813188634359     
 before fluxall(:,j):  0.68001244797014448       0.68001244797014437       0.68001244797014437       0.51020054768221534       0.37172965895887677       0.24953469902249500     
 bin bounds:   0.50000000000000000       0.66666666666666663     
 min/maxpos:   0.10451795654692886       0.52687396506301720     
 flcontribtype chosen: last   
 before fluxall(:,j):  0.68001244797014448       0.68001244797014437       0.68001244797014437       0.51020054768221534       0.37172965895887677       0.24953469902249500     
 contribute/absmu:    2.7381114453734198E-002  0.98147813188634359     
 before fluxall(:,j):  0.68001244797014448       0.68001244797014437       0.68001244797014437       0.53758166213594949       0.37172965895887677       0.24953469902249500     
 bin bounds:   0.50000000000000000       0.66666666666666663     
 min/maxpos:   0.52687396506301720       0.97311113252178183     
 flcontribtype chosen: first  
 before fluxall(:,j):  0.68001244797014448       0.68001244797014437       0.68001244797014437       0.53758166213594949       0.37172965895887677       0.24953469902249500     
 contribute/absmu:   0.14243078583419483       0.98147813188634359     
 before fluxall(:,j):  0.68001244797014448       0.68001244797014437       0.68001244797014437       0.68001244797014437       0.37172965895887677       0.24953469902249500     
 bin bounds:   0.66666666666666663       0.83333333333333326     
 min/maxpos:   0.52687396506301720       0.97311113252178183     
 flcontribtype chosen: neither
 before fluxall(:,j):  0.68001244797014448       0.68001244797014437       0.68001244797014437       0.68001244797014437       0.37172965895887677       0.24953469902249500     
 contribute/absmu:   0.16981190028792906       0.98147813188634359     
 before fluxall(:,j):  0.68001244797014448       0.68001244797014437       0.68001244797014437       0.68001244797014437       0.54154155924680580       0.24953469902249500     
 bin bounds:   0.83333333333333326        1.0000000000000000     
 min/maxpos:   0.52687396506301720       0.97311113252178183     
 flcontribtype chosen: last   
 before fluxall(:,j):  0.68001244797014448       0.68001244797014437       0.68001244797014437       0.68001244797014437       0.54154155924680580       0.24953469902249500     
 contribute/absmu:   0.14241560218953001       0.98147813188634359     
 before fluxall(:,j):  0.68001244797014448       0.68001244797014437       0.68001244797014437       0.68001244797014437       0.54154155924680580       0.39195030121202501     
  radMC        0.00 min,  33.3% of method  1 of  2      time/est:   0.00/   0.00 min
 bin bounds:    0.0000000000000000       0.16666666666666666     
 min/maxpos:    0.0000000000000000        7.7538289801871822E-003
 flcontribtype chosen: both   
 before fluxall(:,j):   0.0000000000000000        0.0000000000000000        0.0000000000000000        0.0000000000000000        0.0000000000000000        0.0000000000000000     
 contribute/absmu:    2.6556602274921123E-002  0.29197368322639505     
 before fluxall(:,j):   2.6556602274921123E-002   0.0000000000000000        0.0000000000000000        0.0000000000000000        0.0000000000000000        0.0000000000000000     
 bin bounds:    0.0000000000000000       0.16666666666666666     
 min/maxpos:    7.7538289801871822E-003   1.6685675454736586E-002
 flcontribtype chosen: both   
 before fluxall(:,j):   2.6556602274921123E-002   0.0000000000000000        0.0000000000000000        0.0000000000000000        0.0000000000000000        0.0000000000000000     
 contribute/absmu:    1.3887051648539725E-002  0.64317802659635248     
 before fluxall(:,j):   4.0443653923460846E-002   0.0000000000000000        0.0000000000000000        0.0000000000000000        0.0000000000000000        0.0000000000000000     
 bin bounds:    0.0000000000000000       0.16666666666666666     
 min/maxpos:    0.0000000000000000        1.6685675454736586E-002
 flcontribtype chosen: both   
 before fluxall(:,j):   4.0443653923460846E-002   0.0000000000000000        0.0000000000000000        0.0000000000000000        0.0000000000000000        0.0000000000000000     
 contribute/absmu:    2.5942545865622724E-002  0.64317802659635248     
 before fluxall(:,j):   6.6386199789083569E-002   0.0000000000000000        0.0000000000000000        0.0000000000000000        0.0000000000000000        0.0000000000000000     
 bin bounds:    0.0000000000000000       0.16666666666666666     
 min/maxpos:    0.0000000000000000       0.11373014403590971     
 flcontribtype chosen: both   
 before fluxall(:,j):   6.6386199789083569E-002   0.0000000000000000        0.0000000000000000        0.0000000000000000        0.0000000000000000        0.0000000000000000     
 contribute/absmu:   0.20944972886931826       0.54299494513487401     
 before fluxall(:,j):  0.27583592865840184        0.0000000000000000        0.0000000000000000        0.0000000000000000        0.0000000000000000        0.0000000000000000     
 bin bounds:    0.0000000000000000       0.16666666666666666     
 min/maxpos:   0.11373014403590971       0.63196938998948238     
 flcontribtype chosen: first  
 before fluxall(:,j):  0.27583592865840184        0.0000000000000000        0.0000000000000000        0.0000000000000000        0.0000000000000000        0.0000000000000000     
 contribute/absmu:    9.7489899501013028E-002  0.54299494513487401     
 before fluxall(:,j):  0.37332582815941484        0.0000000000000000        0.0000000000000000        0.0000000000000000        0.0000000000000000        0.0000000000000000     
 bin bounds:   0.16666666666666666       0.33333333333333331     
 min/maxpos:   0.11373014403590971       0.63196938998948238     
 flcontribtype chosen: neither
 before fluxall(:,j):  0.37332582815941484        0.0000000000000000        0.0000000000000000        0.0000000000000000        0.0000000000000000        0.0000000000000000     
 contribute/absmu:   0.30693962837033129       0.54299494513487401     
 before fluxall(:,j):  0.37332582815941484       0.30693962837033129        0.0000000000000000        0.0000000000000000        0.0000000000000000        0.0000000000000000     
 bin bounds:   0.33333333333333331       0.50000000000000000     
 min/maxpos:   0.11373014403590971       0.63196938998948238     
 flcontribtype chosen: neither
 before fluxall(:,j):  0.37332582815941484       0.30693962837033129        0.0000000000000000        0.0000000000000000        0.0000000000000000        0.0000000000000000     
 contribute/absmu:   0.30693962837033129       0.54299494513487401     
 before fluxall(:,j):  0.37332582815941484       0.30693962837033129       0.30693962837033129        0.0000000000000000        0.0000000000000000        0.0000000000000000     
 bin bounds:   0.50000000000000000       0.66666666666666663     
 min/maxpos:   0.11373014403590971       0.63196938998948238     
 flcontribtype chosen: last   
 before fluxall(:,j):  0.37332582815941484       0.30693962837033129       0.30693962837033129        0.0000000000000000        0.0000000000000000        0.0000000000000000     
 contribute/absmu:   0.24303981311778625       0.54299494513487401     
 before fluxall(:,j):  0.37332582815941484       0.30693962837033129       0.30693962837033129       0.24303981311778625        0.0000000000000000        0.0000000000000000     
 bin bounds:   0.50000000000000000       0.66666666666666663     
 min/maxpos:   0.63196938998948238       0.94025627838752213     
 flcontribtype chosen: first  
 before fluxall(:,j):  0.37332582815941484       0.30693962837033129       0.30693962837033129       0.24303981311778625        0.0000000000000000        0.0000000000000000     
 contribute/absmu:    6.3899815252544984E-002  0.54299494513487401     
 before fluxall(:,j):  0.37332582815941484       0.30693962837033129       0.30693962837033129       0.30693962837033123        0.0000000000000000        0.0000000000000000     
 bin bounds:   0.66666666666666663       0.83333333333333326     
 min/maxpos:   0.63196938998948238       0.94025627838752213     
 flcontribtype chosen: neither
 before fluxall(:,j):  0.37332582815941484       0.30693962837033129       0.30693962837033129       0.30693962837033123        0.0000000000000000        0.0000000000000000     
 contribute/absmu:   0.30693962837033129       0.54299494513487401     
 before fluxall(:,j):  0.37332582815941484       0.30693962837033129       0.30693962837033129       0.30693962837033123       0.30693962837033129        0.0000000000000000     
 bin bounds:   0.83333333333333326        1.0000000000000000     
 min/maxpos:   0.63196938998948238       0.94025627838752213     
 flcontribtype chosen: last   
 before fluxall(:,j):  0.37332582815941484       0.30693962837033129       0.30693962837033129       0.30693962837033123       0.30693962837033129        0.0000000000000000     
 contribute/absmu:   0.19691333411516451       0.54299494513487401     
 before fluxall(:,j):  0.37332582815941484       0.30693962837033129       0.30693962837033129       0.30693962837033123       0.30693962837033129       0.19691333411516451     
 bin bounds:   0.83333333333333326        1.0000000000000000     
 min/maxpos:   0.94025627838752213       0.94260675423898321     
 flcontribtype chosen: both   
 before fluxall(:,j):  0.37332582815941484       0.30693962837033129       0.30693962837033129       0.30693962837033123       0.30693962837033129       0.19691333411516451     
 contribute/absmu:    4.3287251060454245E-003  0.54299494513487401     
 before fluxall(:,j):  0.37332582815941484       0.30693962837033129       0.30693962837033129       0.30693962837033123       0.30693962837033129       0.20124205922120994     
 bin bounds:   0.83333333333333326        1.0000000000000000     
 min/maxpos:   0.94260675423898321       0.98038249753869011     
 flcontribtype chosen: both   
 before fluxall(:,j):  0.37332582815941484       0.30693962837033129       0.30693962837033129       0.30693962837033123       0.30693962837033129       0.20124205922120994     
 contribute/absmu:    4.0543554781500096E-002  0.93173239256622509     
 before fluxall(:,j):  0.37332582815941484       0.30693962837033129       0.30693962837033129       0.30693962837033123       0.30693962837033129       0.24178561400271004     
 bin bounds:   0.83333333333333326        1.0000000000000000     
 min/maxpos:   0.94260675423898321       0.98038249753869011     
 flcontribtype chosen: both   
 before fluxall(:,j):  0.37332582815941484       0.30693962837033129       0.30693962837033129       0.30693962837033123       0.30693962837033129       0.24178561400271004     
 contribute/absmu:    4.0543554781500096E-002  0.93173239256622509     
 before fluxall(:,j):  0.37332582815941484       0.30693962837033129       0.30693962837033129       0.30693962837033123       0.30693962837033129       0.28232916878421010     
 bin bounds:   0.83333333333333326        1.0000000000000000     
 min/maxpos:   0.94025627838752213       0.94260675423898321     
 flcontribtype chosen: both   
 before fluxall(:,j):  0.37332582815941484       0.30693962837033129       0.30693962837033129       0.30693962837033123       0.30693962837033129       0.28232916878421010     
 contribute/absmu:    2.5226941450294392E-003  0.93173239256622509     
 before fluxall(:,j):  0.37332582815941484       0.30693962837033129       0.30693962837033129       0.30693962837033123       0.30693962837033129       0.28485186292923953     
 bin bounds:   0.83333333333333326        1.0000000000000000     
 min/maxpos:   0.83442668239191475       0.94025627838752213     
 flcontribtype chosen: both   
 before fluxall(:,j):  0.37332582815941484       0.30693962837033129       0.30693962837033129       0.30693962837033123       0.30693962837033129       0.28485186292923953     
 contribute/absmu:    1.9321501166448580        5.4772967733676126E-002
 before fluxall(:,j):  0.37332582815941484       0.30693962837033129       0.30693962837033129       0.30693962837033123       0.30693962837033129        2.2170019795740976     
 bin bounds:   0.83333333333333326        1.0000000000000000     
 min/maxpos:   0.83442668239191475       0.94025627838752213     
 flcontribtype chosen: both   
 before fluxall(:,j):  0.37332582815941484       0.30693962837033129       0.30693962837033129       0.30693962837033123       0.30693962837033129        2.2170019795740976     
 contribute/absmu:    1.9321501166448580        5.4772967733676126E-002
 before fluxall(:,j):  0.37332582815941484       0.30693962837033129       0.30693962837033129       0.30693962837033123       0.30693962837033129        4.1491520962189554     
 bin bounds:   0.83333333333333326        1.0000000000000000     
 min/maxpos:   0.94025627838752213       0.94260675423898321     
 flcontribtype chosen: both   
 before fluxall(:,j):  0.37332582815941484       0.30693962837033129       0.30693962837033129       0.30693962837033123       0.30693962837033129        4.1491520962189554     
 contribute/absmu:    4.2913063664723451E-002   5.4772967733676126E-002
 before fluxall(:,j):  0.37332582815941484       0.30693962837033129       0.30693962837033129       0.30693962837033123       0.30693962837033129        4.1920651598836791     
 bin bounds:   0.83333333333333326        1.0000000000000000     
 min/maxpos:   0.94260675423898321       0.94874815517996991     
 flcontribtype chosen: both   
 before fluxall(:,j):  0.37332582815941484       0.30693962837033129       0.30693962837033129       0.30693962837033123       0.30693962837033129        4.1920651598836791     
 contribute/absmu:    6.3192181342412220E-003  0.97186088698362738     
 before fluxall(:,j):  0.37332582815941484       0.30693962837033129       0.30693962837033129       0.30693962837033123       0.30693962837033129        4.1983843780179200     
 bin bounds:   0.83333333333333326        1.0000000000000000     
 min/maxpos:   0.94874815517996991        1.0000000000000000     
 flcontribtype chosen: both   
 before fluxall(:,j):  0.37332582815941484       0.30693962837033129       0.30693962837033129       0.30693962837033123       0.30693962837033129        4.1983843780179200     
 contribute/absmu:    5.2735782977233359E-002  0.97186088698362738     
 before fluxall(:,j):  0.37332582815941484       0.30693962837033129       0.30693962837033129       0.30693962837033123       0.30693962837033129        4.2511201609951534     
 bin bounds:    0.0000000000000000       0.16666666666666666     
 min/maxpos:    0.0000000000000000        1.9017555391249451E-002
 flcontribtype chosen: both   
 before fluxall(:,j):  0.37332582815941484       0.30693962837033129       0.30693962837033129       0.30693962837033123       0.30693962837033129        4.2511201609951534     
 contribute/absmu:    9.3733642838800563E-002  0.20288932356928768     
 before fluxall(:,j):  0.46705947099821543       0.30693962837033129       0.30693962837033129       0.30693962837033123       0.30693962837033129        4.2511201609951534     
 bin bounds:    0.0000000000000000       0.16666666666666666     
 min/maxpos:    1.9017555391249451E-002  0.11373014403590971     
 flcontribtype chosen: both   
 before fluxall(:,j):  0.46705947099821543       0.30693962837033129       0.30693962837033129       0.30693962837033123       0.30693962837033129        4.2511201609951534     
 contribute/absmu:   0.46681898770447350       0.20288932356928768     
 before fluxall(:,j):  0.93387845870268893       0.30693962837033129       0.30693962837033129       0.30693962837033123       0.30693962837033129        4.2511201609951534     
 bin bounds:    0.0000000000000000       0.16666666666666666     
 min/maxpos:   0.11373014403590971       0.63196938998948238     
 flcontribtype chosen: first  
 before fluxall(:,j):  0.93387845870268893       0.30693962837033129       0.30693962837033129       0.30693962837033123       0.30693962837033129        4.2511201609951534     
 contribute/absmu:   0.26091329844016592       0.20288932356928768     
 before fluxall(:,j):   1.1947917571428548       0.30693962837033129       0.30693962837033129       0.30693962837033123       0.30693962837033129        4.2511201609951534     
 bin bounds:   0.16666666666666666       0.33333333333333331     
 min/maxpos:   0.11373014403590971       0.63196938998948238     
 flcontribtype chosen: neither
 before fluxall(:,j):   1.1947917571428548       0.30693962837033129       0.30693962837033129       0.30693962837033123       0.30693962837033129        4.2511201609951534     
 contribute/absmu:   0.82146592898344006       0.20288932356928768     
 before fluxall(:,j):   1.1947917571428548        1.1284055573537715       0.30693962837033129       0.30693962837033123       0.30693962837033129        4.2511201609951534     
 bin bounds:   0.33333333333333331       0.50000000000000000     
 min/maxpos:   0.11373014403590971       0.63196938998948238     
 flcontribtype chosen: neither
 before fluxall(:,j):   1.1947917571428548        1.1284055573537715       0.30693962837033129       0.30693962837033123       0.30693962837033129        4.2511201609951534     
 contribute/absmu:   0.82146592898344006       0.20288932356928768     
 before fluxall(:,j):   1.1947917571428548        1.1284055573537715        1.1284055573537715       0.30693962837033123       0.30693962837033129        4.2511201609951534     
 bin bounds:   0.50000000000000000       0.66666666666666663     
 min/maxpos:   0.11373014403590971       0.63196938998948238     
 flcontribtype chosen: last   
 before fluxall(:,j):   1.1947917571428548        1.1284055573537715        1.1284055573537715       0.30693962837033123       0.30693962837033129        4.2511201609951534     
 contribute/absmu:   0.65045014527052825       0.20288932356928768     
 before fluxall(:,j):   1.1947917571428548        1.1284055573537715        1.1284055573537715       0.95738977364085942       0.30693962837033129        4.2511201609951534     
 bin bounds:   0.50000000000000000       0.66666666666666663     
 min/maxpos:   0.63196938998948238       0.94025627838752213     
 flcontribtype chosen: first  
 before fluxall(:,j):   1.1947917571428548        1.1284055573537715        1.1284055573537715       0.95738977364085942       0.30693962837033129        4.2511201609951534     
 contribute/absmu:   0.17101578371291165       0.20288932356928768     
 before fluxall(:,j):   1.1947917571428548        1.1284055573537715        1.1284055573537715        1.1284055573537710       0.30693962837033129        4.2511201609951534     
 bin bounds:   0.66666666666666663       0.83333333333333326     
 min/maxpos:   0.63196938998948238       0.94025627838752213     
 flcontribtype chosen: neither
 before fluxall(:,j):   1.1947917571428548        1.1284055573537715        1.1284055573537715        1.1284055573537710       0.30693962837033129        4.2511201609951534     
 contribute/absmu:   0.82146592898344006       0.20288932356928768     
 before fluxall(:,j):   1.1947917571428548        1.1284055573537715        1.1284055573537715        1.1284055573537710        1.1284055573537715        4.2511201609951534     
 bin bounds:   0.83333333333333326        1.0000000000000000     
 min/maxpos:   0.63196938998948238       0.94025627838752213     
 flcontribtype chosen: last   
 before fluxall(:,j):   1.1947917571428548        1.1284055573537715        1.1284055573537715        1.1284055573537710        1.1284055573537715        4.2511201609951534     
 contribute/absmu:   0.52700133833150742       0.20288932356928768     
 before fluxall(:,j):   1.1947917571428548        1.1284055573537715        1.1284055573537715        1.1284055573537710        1.1284055573537715        4.7781214993266605     
 bin bounds:   0.83333333333333326        1.0000000000000000     
 min/maxpos:   0.94025627838752213       0.94260675423898321     
 flcontribtype chosen: both   
 before fluxall(:,j):   1.1947917571428548        1.1284055573537715        1.1284055573537715        1.1284055573537710        1.1284055573537715        4.7781214993266605     
 contribute/absmu:    1.1585014973241744E-002  0.20288932356928768     
 before fluxall(:,j):   1.1947917571428548        1.1284055573537715        1.1284055573537715        1.1284055573537710        1.1284055573537715        4.7897065142999020     
 bin bounds:   0.83333333333333326        1.0000000000000000     
 min/maxpos:   0.94260675423898321        1.0000000000000000     
 flcontribtype chosen: both   
 before fluxall(:,j):   1.1947917571428548        1.1284055573537715        1.1284055573537715        1.1284055573537710        1.1284055573537715        4.7897065142999020     
 contribute/absmu:   0.28287957567869121       0.20288932356928768     
 before fluxall(:,j):   1.1947917571428548        1.1284055573537715        1.1284055573537715        1.1284055573537710        1.1284055573537715        5.0725860899785928     
  radMC        0.00 min,  66.7% of method  1 of  2      time/est:   0.00/   0.00 min
 bin bounds:    0.0000000000000000       0.16666666666666666     
 min/maxpos:    0.0000000000000000        7.3504667403547080E-003
 flcontribtype chosen: both   
 before fluxall(:,j):   0.0000000000000000        0.0000000000000000        0.0000000000000000        0.0000000000000000        0.0000000000000000        0.0000000000000000     
 contribute/absmu:    8.4038298322404364E-002   8.7465677995470489E-002
 before fluxall(:,j):   8.4038298322404364E-002   0.0000000000000000        0.0000000000000000        0.0000000000000000        0.0000000000000000        0.0000000000000000     
 bin bounds:    0.0000000000000000       0.16666666666666666     
 min/maxpos:    7.3504667403547080E-003   3.8648116483401267E-002
 flcontribtype chosen: both   
 before fluxall(:,j):   8.4038298322404364E-002   0.0000000000000000        0.0000000000000000        0.0000000000000000        0.0000000000000000        0.0000000000000000     
 contribute/absmu:   0.35782778411284188        8.7465677995470489E-002
 before fluxall(:,j):  0.44186608243524628        0.0000000000000000        0.0000000000000000        0.0000000000000000        0.0000000000000000        0.0000000000000000     
 bin bounds:    0.0000000000000000       0.16666666666666666     
 min/maxpos:    0.0000000000000000        7.3504667403547080E-003
 flcontribtype chosen: both   
 before fluxall(:,j):  0.44186608243524628        0.0000000000000000        0.0000000000000000        0.0000000000000000        0.0000000000000000        0.0000000000000000     
 contribute/absmu:    1.2332514674020328E-002  0.59602335246672755     
 before fluxall(:,j):  0.45419859710926658        0.0000000000000000        0.0000000000000000        0.0000000000000000        0.0000000000000000        0.0000000000000000     
 bin bounds:    0.0000000000000000       0.16666666666666666     
 min/maxpos:    7.3504667403547080E-003   5.1809831360366661E-002
 flcontribtype chosen: both   
 before fluxall(:,j):  0.45419859710926658        0.0000000000000000        0.0000000000000000        0.0000000000000000        0.0000000000000000        0.0000000000000000     
 contribute/absmu:    7.4593326647371352E-002  0.59602335246672755     
 before fluxall(:,j):  0.52879192375663797        0.0000000000000000        0.0000000000000000        0.0000000000000000        0.0000000000000000        0.0000000000000000     
 bin bounds:    0.0000000000000000       0.16666666666666666     
 min/maxpos:    5.1809831360366661E-002  0.14719770813378136     
 flcontribtype chosen: both   
 before fluxall(:,j):  0.52879192375663797        0.0000000000000000        0.0000000000000000        0.0000000000000000        0.0000000000000000        0.0000000000000000     
 contribute/absmu:   0.16004050240420678       0.59602335246672755     
 before fluxall(:,j):  0.68883242616084472        0.0000000000000000        0.0000000000000000        0.0000000000000000        0.0000000000000000        0.0000000000000000     
 bin bounds:    0.0000000000000000       0.16666666666666666     
 min/maxpos:   0.14719770813378136        1.0000000000000000     
 flcontribtype chosen: first  
 before fluxall(:,j):  0.68883242616084472        0.0000000000000000        0.0000000000000000        0.0000000000000000        0.0000000000000000        0.0000000000000000     
 contribute/absmu:    3.2664757936598024E-002  0.59602335246672755     
 before fluxall(:,j):  0.72149718409744279        0.0000000000000000        0.0000000000000000        0.0000000000000000        0.0000000000000000        0.0000000000000000     
 bin bounds:   0.16666666666666666       0.33333333333333331     
 min/maxpos:   0.14719770813378136        1.0000000000000000     
 flcontribtype chosen: neither
 before fluxall(:,j):  0.72149718409744279        0.0000000000000000        0.0000000000000000        0.0000000000000000        0.0000000000000000        0.0000000000000000     
 contribute/absmu:   0.27963110166219646       0.59602335246672755     
 before fluxall(:,j):  0.72149718409744279       0.27963110166219646        0.0000000000000000        0.0000000000000000        0.0000000000000000        0.0000000000000000     
 bin bounds:   0.33333333333333331       0.50000000000000000     
 min/maxpos:   0.14719770813378136        1.0000000000000000     
 flcontribtype chosen: neither
 before fluxall(:,j):  0.72149718409744279       0.27963110166219646        0.0000000000000000        0.0000000000000000        0.0000000000000000        0.0000000000000000     
 contribute/absmu:   0.27963110166219646       0.59602335246672755     
 before fluxall(:,j):  0.72149718409744279       0.27963110166219646       0.27963110166219646        0.0000000000000000        0.0000000000000000        0.0000000000000000     
 bin bounds:   0.50000000000000000       0.66666666666666663     
 min/maxpos:   0.14719770813378136        1.0000000000000000     
 flcontribtype chosen: neither
 before fluxall(:,j):  0.72149718409744279       0.27963110166219646       0.27963110166219646        0.0000000000000000        0.0000000000000000        0.0000000000000000     
 contribute/absmu:   0.27963110166219646       0.59602335246672755     
 before fluxall(:,j):  0.72149718409744279       0.27963110166219646       0.27963110166219646       0.27963110166219646        0.0000000000000000        0.0000000000000000     
 bin bounds:   0.66666666666666663       0.83333333333333326     
 min/maxpos:   0.14719770813378136        1.0000000000000000     
 flcontribtype chosen: neither
 before fluxall(:,j):  0.72149718409744279       0.27963110166219646       0.27963110166219646       0.27963110166219646        0.0000000000000000        0.0000000000000000     
 contribute/absmu:   0.27963110166219646       0.59602335246672755     
 before fluxall(:,j):  0.72149718409744279       0.27963110166219646       0.27963110166219646       0.27963110166219646       0.27963110166219646        0.0000000000000000     
 bin bounds:   0.83333333333333326        1.0000000000000000     
 min/maxpos:   0.14719770813378136        1.0000000000000000     
 flcontribtype chosen: last   
 before fluxall(:,j):  0.72149718409744279       0.27963110166219646       0.27963110166219646       0.27963110166219646       0.27963110166219646        0.0000000000000000     
 contribute/absmu:   0.27963110166219662       0.59602335246672755     
 before fluxall(:,j):  0.72149718409744279       0.27963110166219646       0.27963110166219646       0.27963110166219646       0.27963110166219646       0.27963110166219662     
 bin bounds:    0.0000000000000000       0.16666666666666666     
 min/maxpos:    0.0000000000000000        7.3504667403547080E-003
 flcontribtype chosen: both   
 before fluxall(:,j):  0.72149718409744279       0.27963110166219646       0.27963110166219646       0.27963110166219646       0.27963110166219646       0.27963110166219662     
 contribute/absmu:    7.8626018999236724E-003  0.93486441688292321     
 before fluxall(:,j):  0.72935978599736651       0.27963110166219646       0.27963110166219646       0.27963110166219646       0.27963110166219646       0.27963110166219662     
 bin bounds:    0.0000000000000000       0.16666666666666666     
 min/maxpos:    7.3504667403547080E-003   5.1809831360366661E-002
 flcontribtype chosen: both   
 before fluxall(:,j):  0.72935978599736651       0.27963110166219646       0.27963110166219646       0.27963110166219646       0.27963110166219646       0.27963110166219662     
 contribute/absmu:    4.7557018768829423E-002  0.93486441688292321     
 before fluxall(:,j):  0.77691680476619596       0.27963110166219646       0.27963110166219646       0.27963110166219646       0.27963110166219646       0.27963110166219662     
 bin bounds:    0.0000000000000000       0.16666666666666666     
 min/maxpos:    5.1809831360366661E-002  0.14719770813378136     
 flcontribtype chosen: both   
 before fluxall(:,j):  0.77691680476619596       0.27963110166219646       0.27963110166219646       0.27963110166219646       0.27963110166219646       0.27963110166219662     
 contribute/absmu:   0.10203391534727811       0.93486441688292321     
 before fluxall(:,j):  0.87895072011347408       0.27963110166219646       0.27963110166219646       0.27963110166219646       0.27963110166219646       0.27963110166219662     
 bin bounds:    0.0000000000000000       0.16666666666666666     
 min/maxpos:   0.14719770813378136        1.0000000000000000     
 flcontribtype chosen: first  
 before fluxall(:,j):  0.87895072011347408       0.27963110166219646       0.27963110166219646       0.27963110166219646       0.27963110166219646       0.27963110166219662     
 contribute/absmu:    2.0825435412120809E-002  0.93486441688292321     
 before fluxall(:,j):  0.89977615552559487       0.27963110166219646       0.27963110166219646       0.27963110166219646       0.27963110166219646       0.27963110166219662     
 bin bounds:   0.16666666666666666       0.33333333333333331     
 min/maxpos:   0.14719770813378136        1.0000000000000000     
 flcontribtype chosen: neither
 before fluxall(:,j):  0.89977615552559487       0.27963110166219646       0.27963110166219646       0.27963110166219646       0.27963110166219646       0.27963110166219662     
 contribute/absmu:   0.17827897142815202       0.93486441688292321     
 before fluxall(:,j):  0.89977615552559487       0.45791007309034848       0.27963110166219646       0.27963110166219646       0.27963110166219646       0.27963110166219662     
 bin bounds:   0.33333333333333331       0.50000000000000000     
 min/maxpos:   0.14719770813378136        1.0000000000000000     
 flcontribtype chosen: neither
 before fluxall(:,j):  0.89977615552559487       0.45791007309034848       0.27963110166219646       0.27963110166219646       0.27963110166219646       0.27963110166219662     
 contribute/absmu:   0.17827897142815202       0.93486441688292321     
 before fluxall(:,j):  0.89977615552559487       0.45791007309034848       0.45791007309034848       0.27963110166219646       0.27963110166219646       0.27963110166219662     
 bin bounds:   0.50000000000000000       0.66666666666666663     
 min/maxpos:   0.14719770813378136        1.0000000000000000     
 flcontribtype chosen: neither
 before fluxall(:,j):  0.89977615552559487       0.45791007309034848       0.45791007309034848       0.27963110166219646       0.27963110166219646       0.27963110166219662     
 contribute/absmu:   0.17827897142815202       0.93486441688292321     
 before fluxall(:,j):  0.89977615552559487       0.45791007309034848       0.45791007309034848       0.45791007309034848       0.27963110166219646       0.27963110166219662     
 bin bounds:   0.66666666666666663       0.83333333333333326     
 min/maxpos:   0.14719770813378136        1.0000000000000000     
 flcontribtype chosen: neither
 before fluxall(:,j):  0.89977615552559487       0.45791007309034848       0.45791007309034848       0.45791007309034848       0.27963110166219646       0.27963110166219662     
 contribute/absmu:   0.17827897142815202       0.93486441688292321     
 before fluxall(:,j):  0.89977615552559487       0.45791007309034848       0.45791007309034848       0.45791007309034848       0.45791007309034848       0.27963110166219662     
 bin bounds:   0.83333333333333326        1.0000000000000000     
 min/maxpos:   0.14719770813378136        1.0000000000000000     
 flcontribtype chosen: last   
 before fluxall(:,j):  0.89977615552559487       0.45791007309034848       0.45791007309034848       0.45791007309034848       0.45791007309034848       0.27963110166219662     
 contribute/absmu:   0.17827897142815211       0.93486441688292321     
 before fluxall(:,j):  0.89977615552559487       0.45791007309034848       0.45791007309034848       0.45791007309034848       0.45791007309034848       0.45791007309034870     
  radMC        0.00 min, 100.0% of method  1 of  2      time/est:   0.00/   0.00 min

 Starting method: radWood
 bin bounds:    0.0000000000000000       0.16666666666666666     
 min/maxpos:    0.0000000000000000        1.6275918733799827E-002
 flcontribtype chosen: both   
 before fluxall(:,j):   0.0000000000000000        0.0000000000000000        0.0000000000000000        0.0000000000000000        0.0000000000000000        0.0000000000000000     
 contribute/absmu:    2.1610611941728478E-002  0.75314474100440643     
 before fluxall(:,j):   2.1610611941728478E-002   0.0000000000000000        0.0000000000000000        0.0000000000000000        0.0000000000000000        0.0000000000000000     
 bin bounds:    0.0000000000000000       0.16666666666666666     
 min/maxpos:    1.6275918733799827E-002  0.11244268063558928     
 flcontribtype chosen: both   
 before fluxall(:,j):   2.1610611941728478E-002   0.0000000000000000        0.0000000000000000        0.0000000000000000        0.0000000000000000        0.0000000000000000     
 contribute/absmu:   0.12768695931347784       0.75314474100440643     
 before fluxall(:,j):  0.14929757125520632        0.0000000000000000        0.0000000000000000        0.0000000000000000        0.0000000000000000        0.0000000000000000     
 bin bounds:    0.0000000000000000       0.16666666666666666     
 min/maxpos:    0.0000000000000000       0.14688322805091467     
 flcontribtype chosen: both   
 before fluxall(:,j):  0.14929757125520632        0.0000000000000000        0.0000000000000000        0.0000000000000000        0.0000000000000000        0.0000000000000000     
 contribute/absmu:   0.26578486519163519       0.55263954907669210     
 before fluxall(:,j):  0.41508243644684151        0.0000000000000000        0.0000000000000000        0.0000000000000000        0.0000000000000000        0.0000000000000000     
 bin bounds:    0.0000000000000000       0.16666666666666666     
 min/maxpos:    0.0000000000000000        1.0000000000000000     
 flcontribtype chosen: first  
 before fluxall(:,j):  0.41508243644684151        0.0000000000000000        0.0000000000000000        0.0000000000000000        0.0000000000000000        0.0000000000000000     
 contribute/absmu:   0.21681446320620804       0.76870640547698710     
 before fluxall(:,j):  0.63189689965304952        0.0000000000000000        0.0000000000000000        0.0000000000000000        0.0000000000000000        0.0000000000000000     
 bin bounds:   0.16666666666666666       0.33333333333333331     
 min/maxpos:    0.0000000000000000        1.0000000000000000     
 flcontribtype chosen: neither
 before fluxall(:,j):  0.63189689965304952        0.0000000000000000        0.0000000000000000        0.0000000000000000        0.0000000000000000        0.0000000000000000     
 contribute/absmu:   0.21681446320620804       0.76870640547698710     
 before fluxall(:,j):  0.63189689965304952       0.21681446320620804        0.0000000000000000        0.0000000000000000        0.0000000000000000        0.0000000000000000     
 bin bounds:   0.33333333333333331       0.50000000000000000     
 min/maxpos:    0.0000000000000000        1.0000000000000000     
 flcontribtype chosen: neither
 before fluxall(:,j):  0.63189689965304952       0.21681446320620804        0.0000000000000000        0.0000000000000000        0.0000000000000000        0.0000000000000000     
 contribute/absmu:   0.21681446320620804       0.76870640547698710     
 before fluxall(:,j):  0.63189689965304952       0.21681446320620804       0.21681446320620804        0.0000000000000000        0.0000000000000000        0.0000000000000000     
 bin bounds:   0.50000000000000000       0.66666666666666663     
 min/maxpos:    0.0000000000000000        1.0000000000000000     
 flcontribtype chosen: neither
 before fluxall(:,j):  0.63189689965304952       0.21681446320620804       0.21681446320620804        0.0000000000000000        0.0000000000000000        0.0000000000000000     
 contribute/absmu:   0.21681446320620804       0.76870640547698710     
 before fluxall(:,j):  0.63189689965304952       0.21681446320620804       0.21681446320620804       0.21681446320620804        0.0000000000000000        0.0000000000000000     
 bin bounds:   0.66666666666666663       0.83333333333333326     
 min/maxpos:    0.0000000000000000        1.0000000000000000     
 flcontribtype chosen: neither
 before fluxall(:,j):  0.63189689965304952       0.21681446320620804       0.21681446320620804       0.21681446320620804        0.0000000000000000        0.0000000000000000     
 contribute/absmu:   0.21681446320620804       0.76870640547698710     
 before fluxall(:,j):  0.63189689965304952       0.21681446320620804       0.21681446320620804       0.21681446320620804       0.21681446320620804        0.0000000000000000     
 bin bounds:   0.83333333333333326        1.0000000000000000     
 min/maxpos:    0.0000000000000000        1.0000000000000000     
 flcontribtype chosen: last   
 before fluxall(:,j):  0.63189689965304952       0.21681446320620804       0.21681446320620804       0.21681446320620804       0.21681446320620804        0.0000000000000000     
 contribute/absmu:   0.21681446320620815       0.76870640547698710     
 before fluxall(:,j):  0.63189689965304952       0.21681446320620804       0.21681446320620804       0.21681446320620804       0.21681446320620804       0.21681446320620815     
  radWood      0.00 min,  33.3% of method  2 of  2      time/est:   0.00/   0.00 min
 bin bounds:    0.0000000000000000       0.16666666666666666     
 min/maxpos:    0.0000000000000000        1.0000000000000000     
 flcontribtype chosen: first  
 before fluxall(:,j):   0.0000000000000000        0.0000000000000000        0.0000000000000000        0.0000000000000000        0.0000000000000000        0.0000000000000000     
 contribute/absmu:   0.20500558404888258       0.81298598494237018     
 before fluxall(:,j):  0.20500558404888258        0.0000000000000000        0.0000000000000000        0.0000000000000000        0.0000000000000000        0.0000000000000000     
 bin bounds:   0.16666666666666666       0.33333333333333331     
 min/maxpos:    0.0000000000000000        1.0000000000000000     
 flcontribtype chosen: neither
 before fluxall(:,j):  0.20500558404888258        0.0000000000000000        0.0000000000000000        0.0000000000000000        0.0000000000000000        0.0000000000000000     
 contribute/absmu:   0.20500558404888258       0.81298598494237018     
 before fluxall(:,j):  0.20500558404888258       0.20500558404888258        0.0000000000000000        0.0000000000000000        0.0000000000000000        0.0000000000000000     
 bin bounds:   0.33333333333333331       0.50000000000000000     
 min/maxpos:    0.0000000000000000        1.0000000000000000     
 flcontribtype chosen: neither
 before fluxall(:,j):  0.20500558404888258       0.20500558404888258        0.0000000000000000        0.0000000000000000        0.0000000000000000        0.0000000000000000     
 contribute/absmu:   0.20500558404888258       0.81298598494237018     
 before fluxall(:,j):  0.20500558404888258       0.20500558404888258       0.20500558404888258        0.0000000000000000        0.0000000000000000        0.0000000000000000     
 bin bounds:   0.50000000000000000       0.66666666666666663     
 min/maxpos:    0.0000000000000000        1.0000000000000000     
 flcontribtype chosen: neither
 before fluxall(:,j):  0.20500558404888258       0.20500558404888258       0.20500558404888258        0.0000000000000000        0.0000000000000000        0.0000000000000000     
 contribute/absmu:   0.20500558404888258       0.81298598494237018     
 before fluxall(:,j):  0.20500558404888258       0.20500558404888258       0.20500558404888258       0.20500558404888258        0.0000000000000000        0.0000000000000000     
 bin bounds:   0.66666666666666663       0.83333333333333326     
 min/maxpos:    0.0000000000000000        1.0000000000000000     
 flcontribtype chosen: neither
 before fluxall(:,j):  0.20500558404888258       0.20500558404888258       0.20500558404888258       0.20500558404888258        0.0000000000000000        0.0000000000000000     
 contribute/absmu:   0.20500558404888258       0.81298598494237018     
 before fluxall(:,j):  0.20500558404888258       0.20500558404888258       0.20500558404888258       0.20500558404888258       0.20500558404888258        0.0000000000000000     
 bin bounds:   0.83333333333333326        1.0000000000000000     
 min/maxpos:    0.0000000000000000        1.0000000000000000     
 flcontribtype chosen: last   
 before fluxall(:,j):  0.20500558404888258       0.20500558404888258       0.20500558404888258       0.20500558404888258       0.20500558404888258        0.0000000000000000     
 contribute/absmu:   0.20500558404888269       0.81298598494237018     
 before fluxall(:,j):  0.20500558404888258       0.20500558404888258       0.20500558404888258       0.20500558404888258       0.20500558404888258       0.20500558404888269     
 bin bounds:    0.0000000000000000       0.16666666666666666     
 min/maxpos:    0.0000000000000000       0.44034962859268911     
 flcontribtype chosen: first  
 before fluxall(:,j):  0.20500558404888258       0.20500558404888258       0.20500558404888258       0.20500558404888258       0.20500558404888258       0.20500558404888269     
 contribute/absmu:   0.30554813557108945       0.54546779136830847     
 before fluxall(:,j):  0.51055371961997209       0.20500558404888258       0.20500558404888258       0.20500558404888258       0.20500558404888258       0.20500558404888269     
 bin bounds:   0.16666666666666666       0.33333333333333331     
 min/maxpos:    0.0000000000000000       0.44034962859268911     
 flcontribtype chosen: neither
 before fluxall(:,j):  0.51055371961997209       0.20500558404888258       0.20500558404888258       0.20500558404888258       0.20500558404888258       0.20500558404888269     
 contribute/absmu:   0.30554813557108945       0.54546779136830847     
 before fluxall(:,j):  0.51055371961997209       0.51055371961997209       0.20500558404888258       0.20500558404888258       0.20500558404888258       0.20500558404888269     
 bin bounds:   0.33333333333333331       0.50000000000000000     
 min/maxpos:    0.0000000000000000       0.44034962859268911     
 flcontribtype chosen: last   
 before fluxall(:,j):  0.51055371961997209       0.51055371961997209       0.20500558404888258       0.20500558404888258       0.20500558404888258       0.20500558404888269     
 contribute/absmu:   0.19619177695332832       0.54546779136830847     
 before fluxall(:,j):  0.51055371961997209       0.51055371961997209       0.40119736100221093       0.20500558404888258       0.20500558404888258       0.20500558404888269     
 bin bounds:    0.0000000000000000       0.16666666666666666     
 min/maxpos:    0.0000000000000000        1.0000000000000000     
 flcontribtype chosen: first  
 before fluxall(:,j):  0.51055371961997209       0.51055371961997209       0.40119736100221093       0.20500558404888258       0.20500558404888258       0.20500558404888269     
 contribute/absmu:   0.17032869668308817       0.97850021700550527     
 before fluxall(:,j):  0.68088241630306023       0.51055371961997209       0.40119736100221093       0.20500558404888258       0.20500558404888258       0.20500558404888269     
 bin bounds:   0.16666666666666666       0.33333333333333331     
 min/maxpos:    0.0000000000000000        1.0000000000000000     
 flcontribtype chosen: neither
 before fluxall(:,j):  0.68088241630306023       0.51055371961997209       0.40119736100221093       0.20500558404888258       0.20500558404888258       0.20500558404888269     
 contribute/absmu:   0.17032869668308817       0.97850021700550527     
 before fluxall(:,j):  0.68088241630306023       0.68088241630306023       0.40119736100221093       0.20500558404888258       0.20500558404888258       0.20500558404888269     
 bin bounds:   0.33333333333333331       0.50000000000000000     
 min/maxpos:    0.0000000000000000        1.0000000000000000     
 flcontribtype chosen: neither
 before fluxall(:,j):  0.68088241630306023       0.68088241630306023       0.40119736100221093       0.20500558404888258       0.20500558404888258       0.20500558404888269     
 contribute/absmu:   0.17032869668308817       0.97850021700550527     
 before fluxall(:,j):  0.68088241630306023       0.68088241630306023       0.57152605768529907       0.20500558404888258       0.20500558404888258       0.20500558404888269     
 bin bounds:   0.50000000000000000       0.66666666666666663     
 min/maxpos:    0.0000000000000000        1.0000000000000000     
 flcontribtype chosen: neither
 before fluxall(:,j):  0.68088241630306023       0.68088241630306023       0.57152605768529907       0.20500558404888258       0.20500558404888258       0.20500558404888269     
 contribute/absmu:   0.17032869668308817       0.97850021700550527     
 before fluxall(:,j):  0.68088241630306023       0.68088241630306023       0.57152605768529907       0.37533428073197073       0.20500558404888258       0.20500558404888269     
 bin bounds:   0.66666666666666663       0.83333333333333326     
 min/maxpos:    0.0000000000000000        1.0000000000000000     
 flcontribtype chosen: neither
 before fluxall(:,j):  0.68088241630306023       0.68088241630306023       0.57152605768529907       0.37533428073197073       0.20500558404888258       0.20500558404888269     
 contribute/absmu:   0.17032869668308817       0.97850021700550527     
 before fluxall(:,j):  0.68088241630306023       0.68088241630306023       0.57152605768529907       0.37533428073197073       0.37533428073197073       0.20500558404888269     
 bin bounds:   0.83333333333333326        1.0000000000000000     
 min/maxpos:    0.0000000000000000        1.0000000000000000     
 flcontribtype chosen: last   
 before fluxall(:,j):  0.68088241630306023       0.68088241630306023       0.57152605768529907       0.37533428073197073       0.37533428073197073       0.20500558404888269     
 contribute/absmu:   0.17032869668308825       0.97850021700550527     
 before fluxall(:,j):  0.68088241630306023       0.68088241630306023       0.57152605768529907       0.37533428073197073       0.37533428073197073       0.37533428073197095     
  radWood      0.00 min,  66.7% of method  2 of  2      time/est:   0.00/   0.00 min
 bin bounds:    0.0000000000000000       0.16666666666666666     
 min/maxpos:    0.0000000000000000        1.0000000000000000     
 flcontribtype chosen: first  
 before fluxall(:,j):   0.0000000000000000        0.0000000000000000        0.0000000000000000        0.0000000000000000        0.0000000000000000        0.0000000000000000     
 contribute/absmu:   0.23913989354259998       0.69694212955303891     
 before fluxall(:,j):  0.23913989354259998        0.0000000000000000        0.0000000000000000        0.0000000000000000        0.0000000000000000        0.0000000000000000     
 bin bounds:   0.16666666666666666       0.33333333333333331     
 min/maxpos:    0.0000000000000000        1.0000000000000000     
 flcontribtype chosen: neither
 before fluxall(:,j):  0.23913989354259998        0.0000000000000000        0.0000000000000000        0.0000000000000000        0.0000000000000000        0.0000000000000000     
 contribute/absmu:   0.23913989354259998       0.69694212955303891     
 before fluxall(:,j):  0.23913989354259998       0.23913989354259998        0.0000000000000000        0.0000000000000000        0.0000000000000000        0.0000000000000000     
 bin bounds:   0.33333333333333331       0.50000000000000000     
 min/maxpos:    0.0000000000000000        1.0000000000000000     
 flcontribtype chosen: neither
 before fluxall(:,j):  0.23913989354259998       0.23913989354259998        0.0000000000000000        0.0000000000000000        0.0000000000000000        0.0000000000000000     
 contribute/absmu:   0.23913989354259998       0.69694212955303891     
 before fluxall(:,j):  0.23913989354259998       0.23913989354259998       0.23913989354259998        0.0000000000000000        0.0000000000000000        0.0000000000000000     
 bin bounds:   0.50000000000000000       0.66666666666666663     
 min/maxpos:    0.0000000000000000        1.0000000000000000     
 flcontribtype chosen: neither
 before fluxall(:,j):  0.23913989354259998       0.23913989354259998       0.23913989354259998        0.0000000000000000        0.0000000000000000        0.0000000000000000     
 contribute/absmu:   0.23913989354259998       0.69694212955303891     
 before fluxall(:,j):  0.23913989354259998       0.23913989354259998       0.23913989354259998       0.23913989354259998        0.0000000000000000        0.0000000000000000     
 bin bounds:   0.66666666666666663       0.83333333333333326     
 min/maxpos:    0.0000000000000000        1.0000000000000000     
 flcontribtype chosen: neither
 before fluxall(:,j):  0.23913989354259998       0.23913989354259998       0.23913989354259998       0.23913989354259998        0.0000000000000000        0.0000000000000000     
 contribute/absmu:   0.23913989354259998       0.69694212955303891     
 before fluxall(:,j):  0.23913989354259998       0.23913989354259998       0.23913989354259998       0.23913989354259998       0.23913989354259998        0.0000000000000000     
 bin bounds:   0.83333333333333326        1.0000000000000000     
 min/maxpos:    0.0000000000000000        1.0000000000000000     
 flcontribtype chosen: last   
 before fluxall(:,j):  0.23913989354259998       0.23913989354259998       0.23913989354259998       0.23913989354259998       0.23913989354259998        0.0000000000000000     
 contribute/absmu:   0.23913989354260012       0.69694212955303891     
 before fluxall(:,j):  0.23913989354259998       0.23913989354259998       0.23913989354259998       0.23913989354259998       0.23913989354259998       0.23913989354260012     
 bin bounds:    0.0000000000000000       0.16666666666666666     
 min/maxpos:    0.0000000000000000       0.24886911198587658     
 flcontribtype chosen: first  
 before fluxall(:,j):  0.23913989354259998       0.23913989354259998       0.23913989354259998       0.23913989354259998       0.23913989354259998       0.23913989354260012     
 contribute/absmu:   0.22463394342085308       0.74194782911510226     
 before fluxall(:,j):  0.46377383696345309       0.23913989354259998       0.23913989354259998       0.23913989354259998       0.23913989354259998       0.23913989354260012     
 bin bounds:   0.16666666666666666       0.33333333333333331     
 min/maxpos:    0.0000000000000000       0.24886911198587658     
 flcontribtype chosen: last   
 before fluxall(:,j):  0.46377383696345309       0.23913989354259998       0.23913989354259998       0.23913989354259998       0.23913989354259998       0.23913989354260012     
 contribute/absmu:   0.11079275670534704       0.74194782911510226     
 before fluxall(:,j):  0.46377383696345309       0.34993265024794701       0.23913989354259998       0.23913989354259998       0.23913989354259998       0.23913989354260012     
 bin bounds:    0.0000000000000000       0.16666666666666666     
 min/maxpos:    0.0000000000000000        1.0000000000000000     
 flcontribtype chosen: first  
 before fluxall(:,j):  0.46377383696345309       0.34993265024794701       0.23913989354259998       0.23913989354259998       0.23913989354259998       0.23913989354260012     
 contribute/absmu:   0.29870673427215855       0.55796086108595344     
 before fluxall(:,j):  0.76248057123561164       0.34993265024794701       0.23913989354259998       0.23913989354259998       0.23913989354259998       0.23913989354260012     
 bin bounds:   0.16666666666666666       0.33333333333333331     
 min/maxpos:    0.0000000000000000        1.0000000000000000     
 flcontribtype chosen: neither
 before fluxall(:,j):  0.76248057123561164       0.34993265024794701       0.23913989354259998       0.23913989354259998       0.23913989354259998       0.23913989354260012     
 contribute/absmu:   0.29870673427215855       0.55796086108595344     
 before fluxall(:,j):  0.76248057123561164       0.64863938452010550       0.23913989354259998       0.23913989354259998       0.23913989354259998       0.23913989354260012     
 bin bounds:   0.33333333333333331       0.50000000000000000     
 min/maxpos:    0.0000000000000000        1.0000000000000000     
 flcontribtype chosen: neither
 before fluxall(:,j):  0.76248057123561164       0.64863938452010550       0.23913989354259998       0.23913989354259998       0.23913989354259998       0.23913989354260012     
 contribute/absmu:   0.29870673427215855       0.55796086108595344     
 before fluxall(:,j):  0.76248057123561164       0.64863938452010550       0.53784662781475856       0.23913989354259998       0.23913989354259998       0.23913989354260012     
 bin bounds:   0.50000000000000000       0.66666666666666663     
 min/maxpos:    0.0000000000000000        1.0000000000000000     
 flcontribtype chosen: neither
 before fluxall(:,j):  0.76248057123561164       0.64863938452010550       0.53784662781475856       0.23913989354259998       0.23913989354259998       0.23913989354260012     
 contribute/absmu:   0.29870673427215855       0.55796086108595344     
 before fluxall(:,j):  0.76248057123561164       0.64863938452010550       0.53784662781475856       0.53784662781475856       0.23913989354259998       0.23913989354260012     
 bin bounds:   0.66666666666666663       0.83333333333333326     
 min/maxpos:    0.0000000000000000        1.0000000000000000     
 flcontribtype chosen: neither
 before fluxall(:,j):  0.76248057123561164       0.64863938452010550       0.53784662781475856       0.53784662781475856       0.23913989354259998       0.23913989354260012     
 contribute/absmu:   0.29870673427215855       0.55796086108595344     
 before fluxall(:,j):  0.76248057123561164       0.64863938452010550       0.53784662781475856       0.53784662781475856       0.53784662781475856       0.23913989354260012     
 bin bounds:   0.83333333333333326        1.0000000000000000     
 min/maxpos:    0.0000000000000000        1.0000000000000000     
 flcontribtype chosen: last   
 before fluxall(:,j):  0.76248057123561164       0.64863938452010550       0.53784662781475856       0.53784662781475856       0.53784662781475856       0.23913989354260012     
 contribute/absmu:   0.29870673427215871       0.55796086108595344     
 before fluxall(:,j):  0.76248057123561164       0.64863938452010550       0.53784662781475856       0.53784662781475856       0.53784662781475856       0.53784662781475889     
  radWood      0.00 min, 100.0% of method  2 of  2      time/est:   0.00/   0.00 min


  Values loaded for special Adamscase :  0.0
    sig(1)    :  0.900000   sig(2)    :  0.400000
    scatrat(1):  0.80       scatrat(2):  0.20
    lam(1)    :  0.20       lam(2)    :  0.80
    s         :  1.00       lamc      :  0.16



 |--------------- Reflection and Transmission Results ------|
 |Method    | reflave      refldev    | tranave      trandev|
 |----------|-------------------------|---------------------|
 |radMC  :  | 0.11111  +-  0.19245    | 0.55556  +-  0.19245|
 |radWood:  | 0.00000  +-  0.00000    | 0.55556  +-  0.19245|
 |----------------------------------------------------------|

  total runtime:      0.00 min
    genRealz   :      0.00 min     per:  0.90 % --- genRealz in other meths,
    ----------------------------------------------- not part of sum
    radMC      :      0.00 min     per: 15.85 %
    radWood    :      0.00 min     per:  7.07 %
    other      :      0.00 min     per: 77.07 %
