
  Values loaded for special Adamscase :  3.3
    sig(1)    :  0.101010   sig(2)    :  9.090909
    scatrat(1):  0.90       scatrat(2):  0.90
    lam(1)    :  0.99       lam(2)    :  0.11
    s         : 10.00       lamc      :  0.10

 --Negative smoothing stats, neg smoothing off--
  Neg realz   : 61.90000%,                   619 /                 1000
  Neg samples : 11.15183%,              16646090 /            149267824
  Neg area    :  4.30875%
  Neg scatrat :  0.00000%,                     0 /              5120155
  Ave neg samp:     -0.4327   Ave pos samp:      1.2061
  Max neg samp:     -2.9296   Max pos samp:      6.1933


 |-case:3.3-|---- Reflection and Transmission Results ------|
 |Method    | reflave      refldev    | tranave      trandev|
 |----------|-------------------------|---------------------|
 |AdamsMC:  | 0.4785   +-  0.0038     | 0.0159   +-  0.0314 |
 |BrantMC:  | 0.47746                 | 0.01609             |
 |KLWood :  | 0.47849  +-  0.01609    | 0.00933  +-  0.01628|
 |WAMC   :  | 0.44066  +-  0.18063    | 0.01202  +-  0.05534|
 |----------|-------------------------|---------------------|
 |AdamsLP:  | 0.3707                  | 0.0237              |
 |BrantLP:  | 0.36952                 | 0.02377             |
 |----------|-------------------------|---------------------|
 |BrAtMix:  | 0.47819                 | 0.00386             |
 |----------------------------------------------------------|

  total runtime:      2.89 min
    genRealz   :   0.00 min   per:  0.01 % --- genRealz in others, not part of sum
    ------------------------------------------------ refl ----- tran --
    KLWood     :   0.25 min   per:  8.72 %   FOM:  7.335E+03  7.161E+03
    KLcol      :   0.00 min   per:  0.02 %
    KLrec      :   0.00 min   per:  0.11 %
    other      :   2.64 min   per: 91.16 %
