R val for L2 cell    1 to   21  
      1.2231801      0.5417492     -4.4356112     -0.2986625     -8.0667874   Rvalave:     -2.2072264
R val for L1 cell    1 to    2  
      1.5262390      0.7061173      2.5880355      0.3647677      4.5341047   Rvalave:      1.9438529
R val for L1 cell    1 to   21  
      1.2828204      0.8027177      5.6595669      0.2099390      4.7761797   Rvalave:      2.5462447
R val for L2 cell    1 to    4  
      1.4864666      0.4349832     -4.3015709     -0.4260141      5.4374360   Rvalave:      0.5262601
R val for  center cell    1     
      1.3436337      0.9561758      1.3721062      0.7806571      1.4503030   Rvalave:      1.1805752
R val for  center cell    5     
      1.0825485      1.6978186      0.4823232    -17.6882947     -0.3855847   Rvalave:     -2.9622378
R val for  center cell   11     
      0.8659014      2.9927018      0.3562405    360.8485320      0.0038808   Rvalave:     73.0134513
R val for L1 cell    1 to    1  
      1.3436337      0.9561758      1.3721062      0.7806571      1.4503030   Rvalave:      1.1805752
R val for L1 cell    2 to    2  
      1.6887427      0.7506430      1.3128308      2.0056729      0.4878674   Rvalave:      1.2491514
R val for L1 cell    3 to    3  
      1.2374398      2.5836007      0.5616809      1.2546087      0.9596923   Rvalave:      1.3194045
R val for L1 cell    4 to    4  
      1.2090487      1.4885728      1.7172730      0.8616719      0.9553344   Rvalave:      1.2463801
R val for L1 cell    5 to    5  
      1.0825485      1.6978186      0.4823232    -17.6882941     -0.3855847   Rvalave:     -2.9622377
R val for L1 cell    6 to    6  
      0.9957695      1.6040104      0.8460778      1.2555897      5.5355168   Rvalave:      2.0473928
R val for L1 cell    7 to    7  
      0.9434630      0.9551342      3.4168438      0.9093573      0.8558122   Rvalave:      1.4161221
R val for L1 cell    8 to    8  
      0.9140575      1.7350589      0.6264384     27.9765152      0.0670811   Rvalave:      6.2638302
R val for L1 cell    9 to    9  
      0.8925787      2.3001095      0.4707473     25.9957172      0.0399325   Rvalave:      5.9398170
R val for L1 cell   10 to   10  
      0.8741452      2.7748882      0.3099348     -5.3880366     -0.2939268   Rvalave:     -0.3445990
R val for L1 cell   11 to   11  
      0.8659014      2.9927018      0.3562405    360.8483811      0.0038808   Rvalave:     73.0134211
R val for L1 cell   12 to   12  
      0.8741452      2.7748882      0.3099348     -5.3880351     -0.2939260   Rvalave:     -0.3445986
R val for L1 cell   13 to   13  
      0.8925787      2.3001095      0.4707473     25.9957220      0.0399321   Rvalave:      5.9398179
R val for L1 cell   14 to   14  
      0.9140575      1.7350589      0.6264383     27.9764957      0.0670810   Rvalave:      6.2638263
R val for L1 cell   15 to   15  
      0.9434630      0.9551342      3.4168437      0.9093574      0.8558125   Rvalave:      1.4161222
R val for L1 cell   16 to   16  
      0.9957695      1.6040104      0.8460778      1.2555893      5.5355212   Rvalave:      2.0473936
R val for L1 cell   17 to   17  
      1.0825485      1.6978186      0.4823232    -17.6882945     -0.3855848   Rvalave:     -2.9622378
R val for L1 cell   18 to   18  
      1.2090487      1.4885728      1.7172730      0.8616719      0.9553343   Rvalave:      1.2463801
R val for L1 cell   19 to   19  
      1.2374398      2.5836007      0.5616809      1.2546087      0.9596923   Rvalave:      1.3194045
R val for L1 cell   20 to   20  
      1.6887427      0.7506430      1.3128308      2.0056729      0.4878675   Rvalave:      1.2491514
R val for L1 cell   21 to   21  
      1.3436337      0.9561758      1.3721062      0.7806571      1.4503029   Rvalave:      1.1805752
R val for  center cell    1     
      1.3436337      0.9561758      1.3721062      0.7806571      1.4503030   Rvalave:      1.1805752
R val for  center cell    2     
      1.6887427      0.7506430      1.3128308      2.0056729      0.4878674   Rvalave:      1.2491514
R val for  center cell    3     
      1.2374398      2.5836007      0.5616809      1.2546087      0.9596923   Rvalave:      1.3194045
R val for  center cell    4     
      1.2090487      1.4885728      1.7172730      0.8616719      0.9553344   Rvalave:      1.2463801
R val for  center cell    5     
      1.0825485      1.6978186      0.4823232    -17.6882947     -0.3855847   Rvalave:     -2.9622378
R val for  center cell    6     
      0.9957695      1.6040104      0.8460778      1.2555896      5.5355164   Rvalave:      2.0473927
R val for  center cell    7     
      0.9434630      0.9551342      3.4168438      0.9093573      0.8558124   Rvalave:      1.4161222
R val for  center cell    8     
      0.9140575      1.7350589      0.6264384     27.9765125      0.0670811   Rvalave:      6.2638297
R val for  center cell    9     
      0.8925787      2.3001095      0.4707473     25.9957167      0.0399325   Rvalave:      5.9398169
R val for  center cell   10     
      0.8741452      2.7748882      0.3099348     -5.3880368     -0.2939271   Rvalave:     -0.3445991
R val for  center cell   11     
      0.8659014      2.9927018      0.3562405    360.8485320      0.0038808   Rvalave:     73.0134513
R val for  center cell   12     
      0.8741452      2.7748882      0.3099348     -5.3880354     -0.2939263   Rvalave:     -0.3445987
R val for  center cell   13     
      0.8925787      2.3001095      0.4707473     25.9957213      0.0399321   Rvalave:      5.9398178
R val for  center cell   14     
      0.9140575      1.7350589      0.6264383     27.9764939      0.0670810   Rvalave:      6.2638259
R val for  center cell   15     
      0.9434630      0.9551342      3.4168437      0.9093574      0.8558124   Rvalave:      1.4161221
R val for  center cell   16     
      0.9957695      1.6040104      0.8460778      1.2555893      5.5355215   Rvalave:      2.0473937
R val for  center cell   17     
      1.0825485      1.6978186      0.4823232    -17.6882951     -0.3855848   Rvalave:     -2.9622379
R val for  center cell   18     
      1.2090487      1.4885728      1.7172730      0.8616719      0.9553343   Rvalave:      1.2463801
R val for  center cell   19     
      1.2374398      2.5836007      0.5616809      1.2546087      0.9596923   Rvalave:      1.3194045
R val for  center cell   20     
      1.6887427      0.7506430      1.3128308      2.0056729      0.4878675   Rvalave:      1.2491514
R val for  center cell   21     
      1.3436337      0.9561758      1.3721062      0.7806571      1.4503029   Rvalave:      1.1805752
