#cell center,    flux at point,     estimated error, err tol
      0.2380952      1.7830028      0.0002216      0.0050000    converged 
      0.7142857      2.3479669      0.0003448      0.0050000    converged 
      1.1904762      2.7078533      0.0004433      0.0050000    converged 
      1.6666667      2.9374086      0.0005188      0.0050000    converged 
      2.1428571      3.0842993      0.0005753      0.0050000    converged 
      2.6190476      3.1790198      0.0006170      0.0050000    converged 
      3.0952381      3.2412288      0.0006479      0.0050000    converged 
      3.5714286      3.2838344      0.0006714      0.0050000    converged 
      4.0476190      3.3156751      0.0006901      0.0050000    converged 
      4.5238095      3.3433549      0.0007068      0.0050000    converged 
      5.0000000      3.3726146      0.0007235      0.0050000    converged 
      5.4761905      3.4095241      0.0007418      0.0050000    converged 
      5.9523810      3.4617420      0.0007637      0.0050000    converged 
      6.4285714      3.5401073      0.0007912      0.0050000    converged 
      6.9047619      3.6608912      0.0008258      0.0050000    converged 
      7.3809524      3.8491790      0.0008685      0.0050000    converged 
      7.8571429      4.1440853      0.0009182      0.0050000    converged 
      8.3333333      4.6068884      0.0009696      0.0050000    converged 
      8.8095238      5.3337761      0.0010087      0.0050000    converged 
      9.2857143      6.4758579      0.0010045      0.0050000    converged 
      9.7619048      8.2706111      0.0008944      0.0050000    converged 
