
      0.0012500      2.1268604
      0.0037500      2.0757746
      0.0062500      2.0590398
      0.0087500      2.0810395
      0.0112500      2.0755947
      0.0137500      2.0494869
      0.0162500      2.1137361
      0.0187500      2.0590828
      0.0212500      2.0615215
      0.0237500      2.0509539
      0.0262500      2.0308788
      0.0287500      2.0299662
      0.0312500      2.0163223
      0.0337500      2.0407475
      0.0362500      2.0385353
      0.0387500      2.0252229
      0.0412500      1.9969949
      0.0437500      1.9817878
      0.0462500      2.0026906
      0.0487500      1.9832167
      0.0512500      1.9591243
      0.0537500      1.9233474
      0.0562500      1.9749476
      0.0587500      1.9374877
      0.0612500      1.9176968
      0.0637500      1.9317884
      0.0662500      1.9537421
      0.0687500      1.9388660
      0.0712500      1.9154523
      0.0737500      1.9231240
      0.0762500      1.8980263
      0.0787500      1.8701612
      0.0812500      1.9058432
      0.0837500      1.8633376
      0.0862500      1.8625499
      0.0887500      1.8608471
      0.0912500      1.8702027
      0.0937500      1.8385715
      0.0962500      1.8129185
      0.0987500      1.7990905
